#
# A fatal error has been detected by the Java Runtime Environment:
#
#  SIGSEGV (0xb) at pc=0x00007ffeb17a8682, pid=8722, tid=140732186511104
#
# JRE version: 6.0_27-b27
# Java VM: OpenJDK 64-Bit Server VM (20.0-b12 mixed mode linux-amd64 compressed oops)
# Derivative: IcedTea6 1.12.6
# Distribution: Debian GNU/Linux 7.1 (wheezy), package 6b27-1.12.6-1~deb7u1
# Problematic frame:
# C  [libswt-pi-gtk-3836.so+0x50682]  Java_org_eclipse_swt_internal_gtk_OS__1gtk_1style_1get_1base+0x1e
#
# If you would like to submit a bug report, please include
# instructions how to reproduce the bug and visit:
#   http://icedtea.classpath.org/bugzilla
# The crash happened outside the Java Virtual Machine in native code.
# See problematic frame for where to report the bug.
#

---------------  T H R E A D  ---------------

Current thread (0x0000000000875800):  JavaThread "main" [_thread_in_native, id=8723, stack(0x00007ffec3ec4000,0x00007ffec3fc5000)]

siginfo:si_signo=SIGSEGV: si_errno=0, si_code=1 (SEGV_MAPERR), si_addr=0x0000000000000180

Registers:
RAX=0x0000000000000000, RBX=0x00000000ad05aa78, RCX=0x0000000000000000, RDX=0x0000000000000000
RSP=0x00007ffec3fc1bf0, RBP=0x00007ffec3fc1c70, RSI=0x00007ffec3fc1bf0, RDI=0x00000000008759d0
R8 =0x00007ffec3fc1c90, R9 =0x0000000000000000, R10=0x00007ffebde18d3b, R11=0x00007ffec2d00ca0
R12=0x0000000000000000, R13=0x00000000ad05aa78, R14=0x00007ffec3fc1ca8, R15=0x0000000000875800
RIP=0x00007ffeb17a8682, EFLAGS=0x0000000000010206, CSGSFS=0x0000000000000033, ERR=0x0000000000000004
  TRAPNO=0x000000000000000e

Top of Stack: (sp=0x00007ffec3fc1bf0)
0x00007ffec3fc1bf0:   ffffffffffffffff 00007ffec3328cf0
0x00007ffec3fc1c00:   00000000ee506b48 00007ffebde18d68
0x00007ffec3fc1c10:   0000000000000000 00007ffeb17ac861
0x00007ffec3fc1c20:   0000000000000000 00007ffebde19279
0x00007ffec3fc1c30:   00007ffec3fc1c30 0000000000000000
0x00007ffec3fc1c40:   00007ffec3fc1ca8 00000000ad09d910
0x00007ffec3fc1c50:   0000000000000000 00000000ad05aa78
0x00007ffec3fc1c60:   0000000000000000 00007ffec3fc1c90
0x00007ffec3fc1c70:   00007ffec3fc1cf0 00007ffebde0d85a
0x00007ffec3fc1c80:   00000000ad093af0 00007ffebde15f58
0x00007ffec3fc1c90:   00000000ee506b60 0000000000000000
0x00007ffec3fc1ca0:   0000000000000000 0000000000000001
0x00007ffec3fc1cb0:   00007ffec3fc1cb0 00000000ad05ab72
0x00007ffec3fc1cc0:   00007ffec3fc1d20 00000000ad09d910
0x00007ffec3fc1cd0:   0000000000000000 00000000ad05abc0
0x00007ffec3fc1ce0:   00007ffec3fc1c90 00007ffec3fc1d08
0x00007ffec3fc1cf0:   00007ffec3fc1d68 00007ffebde0d85a
0x00007ffec3fc1d00:   0000000000000000 00000000ee506b60
0x00007ffec3fc1d10:   0000000000000000 0000000000000000
0x00007ffec3fc1d20:   00000000ee506b60 00007ffec3fc1d28
0x00007ffec3fc1d30:   00000000ace98e1f 00007ffec3fc1d90
0x00007ffec3fc1d40:   00000000ad13d260 0000000000000000
0x00007ffec3fc1d50:   00000000ace98e58 00007ffec3fc1d08
0x00007ffec3fc1d60:   00007ffec3fc1d90 00007ffec3fc1dd8
0x00007ffec3fc1d70:   00007ffebde0d9b3 00000000ee506b60
0x00007ffec3fc1d80:   0000000003a26990 0000000000000000
0x00007ffec3fc1d90:   00000000fd2377d0 00007ffec3fc1d98
0x00007ffec3fc1da0:   00000000adcf20d9 00007ffec3fc1de8
0x00007ffec3fc1db0:   00000000ae17cc48 0000000000000000
0x00007ffec3fc1dc0:   00000000adcf20f0 00007ffec3fc1d90
0x00007ffec3fc1dd0:   00007ffec3fc1de8 00007ffec3fc1e38
0x00007ffec3fc1de0:   00007ffebde0d9b3 00000000fd2377d0 

Instructions: (pc=0x00007ffeb17a8682)
0x00007ffeb17a8662:   18 c3 48 83 ec 18 48 89 e6 4d 85 c0 b8 00 00 00
0x00007ffeb17a8672:   00 48 0f 44 f0 48 63 c9 48 8d 0c 49 48 8d 0c 8a
0x00007ffeb17a8682:   48 8b 81 80 01 00 00 48 89 06 8b 81 88 01 00 00
0x00007ffeb17a8692:   89 46 08 0f 95 c0 48 85 f6 0f 95 c2 0f b6 c0 85 

Register to memory mapping:

RAX=0x0000000000000000 is an unknown value
RBX=0x00000000ad05aa78 is an oop
{method} 
 - klass: {other class}
RCX=0x0000000000000000 is an unknown value
RDX=0x0000000000000000 is an unknown value
RSP=0x00007ffec3fc1bf0 is pointing into the stack for thread: 0x0000000000875800
RBP=0x00007ffec3fc1c70 is pointing into the stack for thread: 0x0000000000875800
RSI=0x00007ffec3fc1bf0 is pointing into the stack for thread: 0x0000000000875800
RDI=0x00000000008759d0 is an unknown value
R8 =0x00007ffec3fc1c90 is pointing into the stack for thread: 0x0000000000875800
R9 =0x0000000000000000 is an unknown value
R10=0x00007ffebde18d3b is an Interpreter codelet
method entry point (kind = native)  [0x00007ffebde18ae0, 0x00007ffebde19320]  2112 bytes
R11=0x00007ffec2d00ca0: <offset 0x6d2ca0> in /usr/lib/jvm/java-6-openjdk-amd64/jre/lib/amd64/server/libjvm.so at 0x00007ffec262e000
R12=0x0000000000000000 is an unknown value
R13=0x00000000ad05aa78 is an oop
{method} 
 - klass: {other class}
R14=0x00007ffec3fc1ca8 is pointing into the stack for thread: 0x0000000000875800
R15=0x0000000000875800 is a thread


Stack: [0x00007ffec3ec4000,0x00007ffec3fc5000],  sp=0x00007ffec3fc1bf0,  free space=1014k
Native frames: (J=compiled Java code, j=interpreted, Vv=VM code, C=native code)
C  [libswt-pi-gtk-3836.so+0x50682]  Java_org_eclipse_swt_internal_gtk_OS__1gtk_1style_1get_1base+0x1e
j  org.eclipse.swt.internal.gtk.OS.gtk_style_get_base(JILorg/eclipse/swt/internal/gtk/GdkColor;)V+10
j  org.eclipse.swt.widgets.Control.getBaseColor()Lorg/eclipse/swt/internal/gtk/GdkColor;+23
j  org.eclipse.swt.widgets.Tree.getBackgroundColor()Lorg/eclipse/swt/internal/gtk/GdkColor;+1
j  org.eclipse.swt.widgets.Control.getBackground()Lorg/eclipse/swt/graphics/Color;+20
j  org.eclipse.swt.widgets.TreeItem._getBackground()Lorg/eclipse/swt/graphics/Color;+35
j  org.eclipse.swt.widgets.TreeItem._getBackground(I)Lorg/eclipse/swt/graphics/Color;+92
j  org.eclipse.swt.widgets.TreeItem.setBackground(ILorg/eclipse/swt/graphics/Color;)V+22
j  org.eclipse.jface.viewers.TreeViewerRow.setBackground(ILorg/eclipse/swt/graphics/Color;)V+6
j  org.eclipse.jface.viewers.ViewerCell.setBackground(Lorg/eclipse/swt/graphics/Color;)V+9
j  org.eclipse.jface.viewers.WrappedViewerLabelProvider.applyViewerLabel(Lorg/eclipse/jface/viewers/ViewerCell;Lorg/eclipse/jface/viewers/ViewerLabel;)V+49
j  org.eclipse.jface.viewers.WrappedViewerLabelProvider.update(Lorg/eclipse/jface/viewers/ViewerCell;)V+223
j  org.eclipse.jface.viewers.ViewerColumn.refresh(Lorg/eclipse/jface/viewers/ViewerCell;)V+40
j  org.eclipse.jface.viewers.AbstractTreeViewer.doUpdateItem(Lorg/eclipse/swt/widgets/Item;Ljava/lang/Object;)V+122
j  org.eclipse.jface.viewers.AbstractTreeViewer$UpdateItemSafeRunnable.run()V+12
j  org.eclipse.core.runtime.SafeRunner.run(Lorg/eclipse/core/runtime/ISafeRunnable;)V+5
j  org.eclipse.ui.internal.JFaceUtil$1.run(Lorg/eclipse/core/runtime/ISafeRunnable;)V+1
j  org.eclipse.jface.util.SafeRunnable.run(Lorg/eclipse/core/runtime/ISafeRunnable;)V+4
j  org.eclipse.jface.viewers.AbstractTreeViewer.doUpdateItem(Lorg/eclipse/swt/widgets/Widget;Ljava/lang/Object;Z)V+82
j  org.eclipse.jface.viewers.AbstractTreeViewer.internalRefresh(Lorg/eclipse/swt/widgets/Widget;Ljava/lang/Object;ZZ)V+41
j  org.eclipse.jface.viewers.AbstractTreeViewer.internalRefresh(Lorg/eclipse/swt/widgets/Widget;Ljava/lang/Object;ZZ)V+116
j  org.eclipse.jface.viewers.AbstractTreeViewer.labelProviderChanged()V+18
j  org.eclipse.jface.viewers.ContentViewer.handleLabelProviderChanged(Lorg/eclipse/jface/viewers/LabelProviderChangedEvent;)V+1
j  org.eclipse.jface.viewers.StructuredViewer.handleLabelProviderChanged(Lorg/eclipse/jface/viewers/LabelProviderChangedEvent;)V+20
j  org.eclipse.jface.viewers.ContentViewer$1.labelProviderChanged(Lorg/eclipse/jface/viewers/LabelProviderChangedEvent;)V+92
j  org.eclipse.jface.viewers.BaseLabelProvider$1.run()V+8
j  org.eclipse.core.runtime.SafeRunner.run(Lorg/eclipse/core/runtime/ISafeRunnable;)V+5
j  org.eclipse.ui.internal.JFaceUtil$1.run(Lorg/eclipse/core/runtime/ISafeRunnable;)V+1
j  org.eclipse.jface.util.SafeRunnable.run(Lorg/eclipse/core/runtime/ISafeRunnable;)V+4
j  org.eclipse.jface.viewers.BaseLabelProvider.fireLabelProviderChanged(Lorg/eclipse/jface/viewers/LabelProviderChangedEvent;)V+29
j  org.omnetpp.scave.editors.treeproviders.ScaveModelLabelDecorator.access$0(Lorg/omnetpp/scave/editors/treeproviders/ScaveModelLabelDecorator;Lorg/eclipse/jface/viewers/LabelProviderChangedEvent;)V+2
j  org.omnetpp.scave.editors.treeproviders.ScaveModelLabelDecorator$2.run()V+15
j  org.eclipse.swt.widgets.RunnableLock.run()V+11
j  org.eclipse.swt.widgets.Synchronizer.runAsyncMessages(Z)Z+29
j  org.eclipse.swt.widgets.Display.runAsyncMessages(Z)Z+5
j  org.eclipse.swt.widgets.Display.readAndDispatch()Z+61
j  org.eclipse.ui.internal.Workbench.runEventLoop(Lorg/eclipse/jface/window/Window$IExceptionHandler;Lorg/eclipse/swt/widgets/Display;)V+9
j  org.eclipse.ui.internal.Workbench.runUI()I+555
j  org.eclipse.ui.internal.Workbench.access$4(Lorg/eclipse/ui/internal/Workbench;)I+1
j  org.eclipse.ui.internal.Workbench$7.run()V+73
j  org.eclipse.core.databinding.observable.Realm.runWithDefault(Lorg/eclipse/core/databinding/observable/Realm;Ljava/lang/Runnable;)V+12
j  org.eclipse.ui.internal.Workbench.createAndRunWorkbench(Lorg/eclipse/swt/widgets/Display;Lorg/eclipse/ui/application/WorkbenchAdvisor;)I+18
j  org.eclipse.ui.PlatformUI.createAndRunWorkbench(Lorg/eclipse/swt/widgets/Display;Lorg/eclipse/ui/application/WorkbenchAdvisor;)I+2
j  org.eclipse.ui.internal.ide.application.IDEApplication.start(Lorg/eclipse/equinox/app/IApplicationContext;)Ljava/lang/Object;+108
j  org.eclipse.equinox.internal.app.EclipseAppHandle.run(Ljava/lang/Object;)Ljava/lang/Object;+135
j  org.eclipse.core.runtime.internal.adaptor.EclipseAppLauncher.runApplication(Ljava/lang/Object;)Ljava/lang/Object;+103
j  org.eclipse.core.runtime.internal.adaptor.EclipseAppLauncher.start(Ljava/lang/Object;)Ljava/lang/Object;+29
j  org.eclipse.core.runtime.adaptor.EclipseStarter.run(Ljava/lang/Object;)Ljava/lang/Object;+149
j  org.eclipse.core.runtime.adaptor.EclipseStarter.run([Ljava/lang/String;Ljava/lang/Runnable;)Ljava/lang/Object;+183
v  ~StubRoutines::call_stub
V  [libjvm.so+0x4ba7b7]  JavaCalls::call_helper(JavaValue*, methodHandle*, JavaCallArguments*, Thread*)+0x2a7
V  [libjvm.so+0x4b9c15]  JavaCalls::call(JavaValue*, methodHandle, JavaCallArguments*, Thread*)+0x25
V  [libjvm.so+0x6b9b41]  Reflection::invoke(instanceKlassHandle, methodHandle, Handle, bool, objArrayHandle, BasicType, objArrayHandle, bool, Thread*)+0x4f1
V  [libjvm.so+0x6bb356]  Reflection::invoke_method(oopDesc*, Handle, objArrayHandle, Thread*)+0x1d6
V  [libjvm.so+0x4fd202]  JVM_InvokeMethod+0x142
j  sun.reflect.NativeMethodAccessorImpl.invoke0(Ljava/lang/reflect/Method;Ljava/lang/Object;[Ljava/lang/Object;)Ljava/lang/Object;+0
j  sun.reflect.NativeMethodAccessorImpl.invoke(Ljava/lang/Object;[Ljava/lang/Object;)Ljava/lang/Object;+87
j  sun.reflect.DelegatingMethodAccessorImpl.invoke(Ljava/lang/Object;[Ljava/lang/Object;)Ljava/lang/Object;+6
j  java.lang.reflect.Method.invoke(Ljava/lang/Object;[Ljava/lang/Object;)Ljava/lang/Object;+161
j  org.eclipse.equinox.launcher.Main.invokeFramework([Ljava/lang/String;[Ljava/net/URL;)V+211
j  org.eclipse.equinox.launcher.Main.basicRun([Ljava/lang/String;)V+126
j  org.eclipse.equinox.launcher.Main.run([Ljava/lang/String;)I+4
j  org.eclipse.equinox.launcher.Main.main([Ljava/lang/String;)V+10
v  ~StubRoutines::call_stub
V  [libjvm.so+0x4ba7b7]  JavaCalls::call_helper(JavaValue*, methodHandle*, JavaCallArguments*, Thread*)+0x2a7
V  [libjvm.so+0x4b9c15]  JavaCalls::call(JavaValue*, methodHandle, JavaCallArguments*, Thread*)+0x25
V  [libjvm.so+0x4cf06d]  jni_invoke_static(JNIEnv_*, JavaValue*, _jobject*, JNICallType, _jmethodID*, JNI_ArgumentPusher*, Thread*) [clone .isra.122] [clone .constprop.137]+0xdd
V  [libjvm.so+0x4cf7ed]  jni_CallStaticVoidMethod+0x12d
C  [java+0x42b2]  JavaMain+0xe42

Java frames: (J=compiled Java code, j=interpreted, Vv=VM code)
j  org.eclipse.swt.internal.gtk.OS._gtk_style_get_base(JILorg/eclipse/swt/internal/gtk/GdkColor;)V+0
j  org.eclipse.swt.internal.gtk.OS.gtk_style_get_base(JILorg/eclipse/swt/internal/gtk/GdkColor;)V+10
j  org.eclipse.swt.widgets.Control.getBaseColor()Lorg/eclipse/swt/internal/gtk/GdkColor;+23
j  org.eclipse.swt.widgets.Tree.getBackgroundColor()Lorg/eclipse/swt/internal/gtk/GdkColor;+1
j  org.eclipse.swt.widgets.Control.getBackground()Lorg/eclipse/swt/graphics/Color;+20
j  org.eclipse.swt.widgets.TreeItem._getBackground()Lorg/eclipse/swt/graphics/Color;+35
j  org.eclipse.swt.widgets.TreeItem._getBackground(I)Lorg/eclipse/swt/graphics/Color;+92
j  org.eclipse.swt.widgets.TreeItem.setBackground(ILorg/eclipse/swt/graphics/Color;)V+22
j  org.eclipse.jface.viewers.TreeViewerRow.setBackground(ILorg/eclipse/swt/graphics/Color;)V+6
j  org.eclipse.jface.viewers.ViewerCell.setBackground(Lorg/eclipse/swt/graphics/Color;)V+9
j  org.eclipse.jface.viewers.WrappedViewerLabelProvider.applyViewerLabel(Lorg/eclipse/jface/viewers/ViewerCell;Lorg/eclipse/jface/viewers/ViewerLabel;)V+49
j  org.eclipse.jface.viewers.WrappedViewerLabelProvider.update(Lorg/eclipse/jface/viewers/ViewerCell;)V+223
j  org.eclipse.jface.viewers.ViewerColumn.refresh(Lorg/eclipse/jface/viewers/ViewerCell;)V+40
j  org.eclipse.jface.viewers.AbstractTreeViewer.doUpdateItem(Lorg/eclipse/swt/widgets/Item;Ljava/lang/Object;)V+122
j  org.eclipse.jface.viewers.AbstractTreeViewer$UpdateItemSafeRunnable.run()V+12
j  org.eclipse.core.runtime.SafeRunner.run(Lorg/eclipse/core/runtime/ISafeRunnable;)V+5
j  org.eclipse.ui.internal.JFaceUtil$1.run(Lorg/eclipse/core/runtime/ISafeRunnable;)V+1
j  org.eclipse.jface.util.SafeRunnable.run(Lorg/eclipse/core/runtime/ISafeRunnable;)V+4
j  org.eclipse.jface.viewers.AbstractTreeViewer.doUpdateItem(Lorg/eclipse/swt/widgets/Widget;Ljava/lang/Object;Z)V+82
j  org.eclipse.jface.viewers.AbstractTreeViewer.internalRefresh(Lorg/eclipse/swt/widgets/Widget;Ljava/lang/Object;ZZ)V+41
j  org.eclipse.jface.viewers.AbstractTreeViewer.internalRefresh(Lorg/eclipse/swt/widgets/Widget;Ljava/lang/Object;ZZ)V+116
j  org.eclipse.jface.viewers.AbstractTreeViewer.labelProviderChanged()V+18
j  org.eclipse.jface.viewers.ContentViewer.handleLabelProviderChanged(Lorg/eclipse/jface/viewers/LabelProviderChangedEvent;)V+1
j  org.eclipse.jface.viewers.StructuredViewer.handleLabelProviderChanged(Lorg/eclipse/jface/viewers/LabelProviderChangedEvent;)V+20
j  org.eclipse.jface.viewers.ContentViewer$1.labelProviderChanged(Lorg/eclipse/jface/viewers/LabelProviderChangedEvent;)V+92
j  org.eclipse.jface.viewers.BaseLabelProvider$1.run()V+8
j  org.eclipse.core.runtime.SafeRunner.run(Lorg/eclipse/core/runtime/ISafeRunnable;)V+5
j  org.eclipse.ui.internal.JFaceUtil$1.run(Lorg/eclipse/core/runtime/ISafeRunnable;)V+1
j  org.eclipse.jface.util.SafeRunnable.run(Lorg/eclipse/core/runtime/ISafeRunnable;)V+4
j  org.eclipse.jface.viewers.BaseLabelProvider.fireLabelProviderChanged(Lorg/eclipse/jface/viewers/LabelProviderChangedEvent;)V+29
j  org.omnetpp.scave.editors.treeproviders.ScaveModelLabelDecorator.access$0(Lorg/omnetpp/scave/editors/treeproviders/ScaveModelLabelDecorator;Lorg/eclipse/jface/viewers/LabelProviderChangedEvent;)V+2
j  org.omnetpp.scave.editors.treeproviders.ScaveModelLabelDecorator$2.run()V+15
j  org.eclipse.swt.widgets.RunnableLock.run()V+11
j  org.eclipse.swt.widgets.Synchronizer.runAsyncMessages(Z)Z+29
j  org.eclipse.swt.widgets.Display.runAsyncMessages(Z)Z+5
j  org.eclipse.swt.widgets.Display.readAndDispatch()Z+61
j  org.eclipse.ui.internal.Workbench.runEventLoop(Lorg/eclipse/jface/window/Window$IExceptionHandler;Lorg/eclipse/swt/widgets/Display;)V+9
j  org.eclipse.ui.internal.Workbench.runUI()I+555
j  org.eclipse.ui.internal.Workbench.access$4(Lorg/eclipse/ui/internal/Workbench;)I+1
j  org.eclipse.ui.internal.Workbench$7.run()V+73
j  org.eclipse.core.databinding.observable.Realm.runWithDefault(Lorg/eclipse/core/databinding/observable/Realm;Ljava/lang/Runnable;)V+12
j  org.eclipse.ui.internal.Workbench.createAndRunWorkbench(Lorg/eclipse/swt/widgets/Display;Lorg/eclipse/ui/application/WorkbenchAdvisor;)I+18
j  org.eclipse.ui.PlatformUI.createAndRunWorkbench(Lorg/eclipse/swt/widgets/Display;Lorg/eclipse/ui/application/WorkbenchAdvisor;)I+2
j  org.eclipse.ui.internal.ide.application.IDEApplication.start(Lorg/eclipse/equinox/app/IApplicationContext;)Ljava/lang/Object;+108
j  org.eclipse.equinox.internal.app.EclipseAppHandle.run(Ljava/lang/Object;)Ljava/lang/Object;+135
j  org.eclipse.core.runtime.internal.adaptor.EclipseAppLauncher.runApplication(Ljava/lang/Object;)Ljava/lang/Object;+103
j  org.eclipse.core.runtime.internal.adaptor.EclipseAppLauncher.start(Ljava/lang/Object;)Ljava/lang/Object;+29
j  org.eclipse.core.runtime.adaptor.EclipseStarter.run(Ljava/lang/Object;)Ljava/lang/Object;+149
j  org.eclipse.core.runtime.adaptor.EclipseStarter.run([Ljava/lang/String;Ljava/lang/Runnable;)Ljava/lang/Object;+183
v  ~StubRoutines::call_stub
j  sun.reflect.NativeMethodAccessorImpl.invoke0(Ljava/lang/reflect/Method;Ljava/lang/Object;[Ljava/lang/Object;)Ljava/lang/Object;+0
j  sun.reflect.NativeMethodAccessorImpl.invoke(Ljava/lang/Object;[Ljava/lang/Object;)Ljava/lang/Object;+87
j  sun.reflect.DelegatingMethodAccessorImpl.invoke(Ljava/lang/Object;[Ljava/lang/Object;)Ljava/lang/Object;+6
j  java.lang.reflect.Method.invoke(Ljava/lang/Object;[Ljava/lang/Object;)Ljava/lang/Object;+161
j  org.eclipse.equinox.launcher.Main.invokeFramework([Ljava/lang/String;[Ljava/net/URL;)V+211
j  org.eclipse.equinox.launcher.Main.basicRun([Ljava/lang/String;)V+126
j  org.eclipse.equinox.launcher.Main.run([Ljava/lang/String;)I+4
j  org.eclipse.equinox.launcher.Main.main([Ljava/lang/String;)V+10
v  ~StubRoutines::call_stub

---------------  P R O C E S S  ---------------

Java Threads: ( => current thread )
  0x00007ffea4c3d000 JavaThread "Worker-10" [_thread_blocked, id=8826, stack(0x00007ffeab9d0000,0x00007ffeabad1000)]
  0x00000000009b1800 JavaThread "Worker-9" [_thread_blocked, id=8825, stack(0x00007ffeab86f000,0x00007ffeab970000)]
  0x000000000091b800 JavaThread "Bundle File Closer" daemon [_thread_blocked, id=8824, stack(0x00007ffeb0b6b000,0x00007ffeb0c6c000)]
  0x000000000092b000 JavaThread "Worker-8" [_thread_blocked, id=8823, stack(0x00007ffeb0562000,0x00007ffeb0663000)]
  0x0000000000f58800 JavaThread "Worker-7" [_thread_blocked, id=8822, stack(0x00007ffeb005c000,0x00007ffeb015d000)]
  0x0000000002eb6800 JavaThread "[ThreadPool Manager] - Idle Thread" daemon [_thread_blocked, id=8783, stack(0x00007ffeab76e000,0x00007ffeab86f000)]
  0x0000000000f59800 JavaThread "Worker-6" [_thread_blocked, id=8762, stack(0x00007ffeb015d000,0x00007ffeb025e000)]
  0x0000000000f58000 JavaThread "Worker-4" [_thread_blocked, id=8760, stack(0x00007ffeb095e000,0x00007ffeb0a5f000)]
  0x0000000000f49000 JavaThread "Worker-3" [_thread_blocked, id=8759, stack(0x00007ffeb1ae2000,0x00007ffeb1be3000)]
  0x00000000037bb800 JavaThread "org.eclipse.jface.text.reconciler.MonoReconciler" daemon [_thread_blocked, id=8755, stack(0x00007ffeb025e000,0x00007ffeb035f000)]
  0x000000000109e800 JavaThread "Worker-0" [_thread_blocked, id=8749, stack(0x00007ffeb1de5000,0x00007ffeb1ee6000)]
  0x0000000000db0800 JavaThread "Worker-JM" [_thread_blocked, id=8743, stack(0x00007ffeb1be3000,0x00007ffeb1ce4000)]
  0x0000000000c6c800 JavaThread "[Timer] - Main Queue Handler" daemon [_thread_blocked, id=8742, stack(0x00007ffeb1ce4000,0x00007ffeb1de5000)]
  0x0000000000b96800 JavaThread "Framework Event Dispatcher" daemon [_thread_blocked, id=8740, stack(0x00007ffeb1ee6000,0x00007ffeb1fe7000)]
  0x0000000000cc6800 JavaThread "Start Level Event Dispatcher" daemon [_thread_blocked, id=8739, stack(0x00007ffeb1fe7000,0x00007ffeb20e8000)]
  0x0000000000d47800 JavaThread "State Data Manager" daemon [_thread_blocked, id=8738, stack(0x00007ffeb20e8000,0x00007ffeb21e9000)]
  0x0000000000d46800 JavaThread "Framework Active Thread" [_thread_blocked, id=8737, stack(0x00007ffeb21e9000,0x00007ffeb22ea000)]
  0x00007ffeb8004800 JavaThread "Low Memory Detector" daemon [_thread_blocked, id=8734, stack(0x00007ffebc5ba000,0x00007ffebc6bb000)]
  0x00007ffeb8001800 JavaThread "C2 CompilerThread1" daemon [_thread_in_native, id=8733, stack(0x00007ffebc6bb000,0x00007ffebc7bc000)]
  0x000000000090c000 JavaThread "C2 CompilerThread0" daemon [_thread_blocked, id=8732, stack(0x00007ffebc7bc000,0x00007ffebc8bd000)]
  0x000000000090a800 JavaThread "Signal Dispatcher" daemon [_thread_blocked, id=8731, stack(0x00007ffebc8bd000,0x00007ffebc9be000)]
  0x00000000008eb800 JavaThread "Finalizer" daemon [_thread_blocked, id=8730, stack(0x00007ffebcb76000,0x00007ffebcc77000)]
  0x00000000008e4000 JavaThread "Reference Handler" daemon [_thread_blocked, id=8729, stack(0x00007ffebcc77000,0x00007ffebcd78000)]
=>0x0000000000875800 JavaThread "main" [_thread_in_native, id=8723, stack(0x00007ffec3ec4000,0x00007ffec3fc5000)]

Other Threads:
  0x00000000008df000 VMThread [stack: 0x00007ffebcd78000,0x00007ffebce79000] [id=8728]
  0x00007ffeb800f000 WatcherThread [stack: 0x00007ffebc4b9000,0x00007ffebc5ba000] [id=8735]

VM state:not at safepoint (normal execution)

VM Mutex/Monitor currently owned by a thread: None

Heap
 PSYoungGen      total 288512K, used 76307K [0x00000000eaab0000, 0x00000000fe170000, 0x0000000100000000)
  eden space 262400K, 22% used [0x00000000eaab0000,0x00000000ee590ce0,0x00000000faaf0000)
  from space 26112K, 61% used [0x00000000fc7f0000,0x00000000fd793f90,0x00000000fe170000)
  to   space 27904K, 0% used [0x00000000faaf0000,0x00000000faaf0000,0x00000000fc630000)
 PSOldGen        total 174784K, used 33343K [0x00000000c0000000, 0x00000000caab0000, 0x00000000eaab0000)
  object space 174784K, 19% used [0x00000000c0000000,0x00000000c208fc68,0x00000000caab0000)
 PSPermGen       total 66752K, used 66640K [0x00000000ac000000, 0x00000000b0130000, 0x00000000c0000000)
  object space 66752K, 99% used [0x00000000ac000000,0x00000000b0114208,0x00000000b0130000)

Code Cache  [0x00007ffebde08000, 0x00007ffebe1e8000, 0x00007ffec0e08000)
 total_blobs=1606 nmethods=974 adapters=585 free_code_cache=46385984 largest_free_block=9344

Dynamic libraries:
00400000-00409000 r-xp 00000000 08:01 661703                             /usr/lib/jvm/java-6-openjdk-amd64/jre/bin/java
00608000-00609000 rw-p 00008000 08:01 661703                             /usr/lib/jvm/java-6-openjdk-amd64/jre/bin/java
0086a000-047cf000 rw-p 00000000 00:00 0                                  [heap]
ac000000-b0130000 rw-p 00000000 00:00 0 
b0130000-c0000000 rw-p 00000000 00:00 0 
c0000000-caab0000 rw-p 00000000 00:00 0 
caab0000-eaab0000 rw-p 00000000 00:00 0 
eaab0000-fe170000 rw-p 00000000 00:00 0 
fe170000-fe4f0000 ---p 00000000 00:00 0 
fe4f0000-100000000 rw-p 00000000 00:00 0 
7ffe9a7b3000-7ffe9fd9d000 r--p 00000000 08:01 791960                     /usr/share/icons/hicolor/icon-theme.cache
7ffe9fd9d000-7ffea4000000 r--p 00000000 08:01 924338                     /usr/share/icons/gnome/icon-theme.cache
7ffea4000000-7ffea6cd9000 rw-p 00000000 00:00 0 
7ffea6cd9000-7ffea8000000 ---p 00000000 00:00 0 
7ffea95fa000-7ffea961c000 r-xp 00000000 08:01 525621                     /lib/x86_64-linux-gnu/liblzma.so.5.0.0
7ffea961c000-7ffea981b000 ---p 00022000 08:01 525621                     /lib/x86_64-linux-gnu/liblzma.so.5.0.0
7ffea981b000-7ffea981c000 r--p 00021000 08:01 525621                     /lib/x86_64-linux-gnu/liblzma.so.5.0.0
7ffea981c000-7ffea981d000 rw-p 00022000 08:01 525621                     /lib/x86_64-linux-gnu/liblzma.so.5.0.0
7ffea981d000-7ffea9973000 r-xp 00000000 08:01 527703                     /usr/lib/x86_64-linux-gnu/libxml2.so.2.8.0
7ffea9973000-7ffea9974000 ---p 00156000 08:01 527703                     /usr/lib/x86_64-linux-gnu/libxml2.so.2.8.0
7ffea9974000-7ffea997c000 r--p 00156000 08:01 527703                     /usr/lib/x86_64-linux-gnu/libxml2.so.2.8.0
7ffea997c000-7ffea997e000 rw-p 0015e000 08:01 527703                     /usr/lib/x86_64-linux-gnu/libxml2.so.2.8.0
7ffea997e000-7ffea997f000 rw-p 00000000 00:00 0 
7ffea997f000-7ffea99b6000 r-xp 00000000 08:01 525337                     /usr/lib/x86_64-linux-gnu/libcroco-0.6.so.3.0.1
7ffea99b6000-7ffea9bb6000 ---p 00037000 08:01 525337                     /usr/lib/x86_64-linux-gnu/libcroco-0.6.so.3.0.1
7ffea9bb6000-7ffea9bb9000 r--p 00037000 08:01 525337                     /usr/lib/x86_64-linux-gnu/libcroco-0.6.so.3.0.1
7ffea9bb9000-7ffea9bba000 rw-p 0003a000 08:01 525337                     /usr/lib/x86_64-linux-gnu/libcroco-0.6.so.3.0.1
7ffea9bba000-7ffea9bef000 r-xp 00000000 08:01 532212                     /usr/lib/x86_64-linux-gnu/librsvg-2.so.2.36.1
7ffea9bef000-7ffea9dee000 ---p 00035000 08:01 532212                     /usr/lib/x86_64-linux-gnu/librsvg-2.so.2.36.1
7ffea9dee000-7ffea9def000 r--p 00034000 08:01 532212                     /usr/lib/x86_64-linux-gnu/librsvg-2.so.2.36.1
7ffea9def000-7ffea9df0000 rw-p 00035000 08:01 532212                     /usr/lib/x86_64-linux-gnu/librsvg-2.so.2.36.1
7ffea9df0000-7ffea9df2000 r-xp 00000000 08:01 526363                     /usr/lib/x86_64-linux-gnu/gdk-pixbuf-2.0/2.10.0/loaders/libpixbufloader-svg.so
7ffea9df2000-7ffea9ff1000 ---p 00002000 08:01 526363                     /usr/lib/x86_64-linux-gnu/gdk-pixbuf-2.0/2.10.0/loaders/libpixbufloader-svg.so
7ffea9ff1000-7ffea9ff2000 r--p 00001000 08:01 526363                     /usr/lib/x86_64-linux-gnu/gdk-pixbuf-2.0/2.10.0/loaders/libpixbufloader-svg.so
7ffea9ff2000-7ffea9ff3000 rw-p 00002000 08:01 526363                     /usr/lib/x86_64-linux-gnu/gdk-pixbuf-2.0/2.10.0/loaders/libpixbufloader-svg.so
7ffea9ff3000-7ffeaa021000 r-xp 00000000 08:01 534053                     /usr/lib/x86_64-linux-gnu/libbluray.so.1.1.0
7ffeaa021000-7ffeaa221000 ---p 0002e000 08:01 534053                     /usr/lib/x86_64-linux-gnu/libbluray.so.1.1.0
7ffeaa221000-7ffeaa222000 r--p 0002e000 08:01 534053                     /usr/lib/x86_64-linux-gnu/libbluray.so.1.1.0
7ffeaa222000-7ffeaa223000 rw-p 0002f000 08:01 534053                     /usr/lib/x86_64-linux-gnu/libbluray.so.1.1.0
7ffeaa223000-7ffeaa225000 r-xp 00000000 08:01 536119                     /lib/x86_64-linux-gnu/libutil-2.13.so
7ffeaa225000-7ffeaa424000 ---p 00002000 08:01 536119                     /lib/x86_64-linux-gnu/libutil-2.13.so
7ffeaa424000-7ffeaa425000 r--p 00001000 08:01 536119                     /lib/x86_64-linux-gnu/libutil-2.13.so
7ffeaa425000-7ffeaa426000 rw-p 00002000 08:01 536119                     /lib/x86_64-linux-gnu/libutil-2.13.so
7ffeaa426000-7ffeaa433000 r-xp 00000000 08:01 531889                     /lib/x86_64-linux-gnu/libudev.so.0.13.0
7ffeaa433000-7ffeaa633000 ---p 0000d000 08:01 531889                     /lib/x86_64-linux-gnu/libudev.so.0.13.0
7ffeaa633000-7ffeaa634000 r--p 0000d000 08:01 531889                     /lib/x86_64-linux-gnu/libudev.so.0.13.0
7ffeaa634000-7ffeaa635000 rw-p 0000e000 08:01 531889                     /lib/x86_64-linux-gnu/libudev.so.0.13.0
7ffeaa635000-7ffeaa679000 r-xp 00000000 08:01 527522                     /lib/x86_64-linux-gnu/libdbus-1.so.3.7.2
7ffeaa679000-7ffeaa879000 ---p 00044000 08:01 527522                     /lib/x86_64-linux-gnu/libdbus-1.so.3.7.2
7ffeaa879000-7ffeaa87a000 r--p 00044000 08:01 527522                     /lib/x86_64-linux-gnu/libdbus-1.so.3.7.2
7ffeaa87a000-7ffeaa87b000 rw-p 00045000 08:01 527522                     /lib/x86_64-linux-gnu/libdbus-1.so.3.7.2
7ffeaa87b000-7ffeaa893000 r-xp 00000000 08:01 925165                     /usr/lib/x86_64-linux-gnu/gvfs/libgvfscommon.so
7ffeaa893000-7ffeaaa92000 ---p 00018000 08:01 925165                     /usr/lib/x86_64-linux-gnu/gvfs/libgvfscommon.so
7ffeaaa92000-7ffeaaa93000 r--p 00017000 08:01 925165                     /usr/lib/x86_64-linux-gnu/gvfs/libgvfscommon.so
7ffeaaa93000-7ffeaaa94000 rw-p 00018000 08:01 925165                     /usr/lib/x86_64-linux-gnu/gvfs/libgvfscommon.so
7ffeaaa94000-7ffeaaabd000 r-xp 00000000 08:01 525416                     /usr/lib/x86_64-linux-gnu/gio/modules/libgvfsdbus.so
7ffeaaabd000-7ffeaacbd000 ---p 00029000 08:01 525416                     /usr/lib/x86_64-linux-gnu/gio/modules/libgvfsdbus.so
7ffeaacbd000-7ffeaacbe000 r--p 00029000 08:01 525416                     /usr/lib/x86_64-linux-gnu/gio/modules/libgvfsdbus.so
7ffeaacbe000-7ffeaacbf000 rw-p 0002a000 08:01 525416                     /usr/lib/x86_64-linux-gnu/gio/modules/libgvfsdbus.so
7ffeaacbf000-7ffeaaefd000 r--p 00000000 08:01 796144                     /usr/share/icons/Tango/icon-theme.cache
7ffeaaefd000-7ffeaaf4a000 r-xp 00000000 08:01 529072                     /usr/lib/jvm/java-6-openjdk-amd64/jre/lib/amd64/xawt/libmawt.so
7ffeaaf4a000-7ffeab149000 ---p 0004d000 08:01 529072                     /usr/lib/jvm/java-6-openjdk-amd64/jre/lib/amd64/xawt/libmawt.so
7ffeab149000-7ffeab14d000 rw-p 0004c000 08:01 529072                     /usr/lib/jvm/java-6-openjdk-amd64/jre/lib/amd64/xawt/libmawt.so
7ffeab14d000-7ffeab14e000 rw-p 00000000 00:00 0 
7ffeab14e000-7ffeab1fe000 r-xp 00000000 08:01 532624                     /usr/lib/jvm/java-6-openjdk-amd64/jre/lib/amd64/libawt.so
7ffeab1fe000-7ffeab3fd000 ---p 000b0000 08:01 532624                     /usr/lib/jvm/java-6-openjdk-amd64/jre/lib/amd64/libawt.so
7ffeab3fd000-7ffeab409000 rw-p 000af000 08:01 532624                     /usr/lib/jvm/java-6-openjdk-amd64/jre/lib/amd64/libawt.so
7ffeab409000-7ffeab42d000 rw-p 00000000 00:00 0 
7ffeab42d000-7ffeab44f000 r--p 00000000 08:01 414135                     /usr/share/fonts/truetype/liberation/LiberationSans-Bold.ttf
7ffeab44f000-7ffeab452000 ---p 00000000 00:00 0 
7ffeab452000-7ffeab550000 rw-p 00000000 00:00 0 
7ffeab550000-7ffeab553000 ---p 00000000 00:00 0 
7ffeab553000-7ffeab651000 rw-p 00000000 00:00 0 
7ffeab651000-7ffeab654000 ---p 00000000 00:00 0 
7ffeab654000-7ffeab752000 rw-p 00000000 00:00 0 
7ffeab752000-7ffeab756000 r--s 00033000 08:06 1049015                    /home/hoferr/omnetpp-4.3.1/ide/plugins/org.eclipse.emf.ecore.xmi_2.8.1.v20130125-0546.jar
7ffeab756000-7ffeab75c000 r--s 00035000 08:06 1048978                    /home/hoferr/omnetpp-4.3.1/ide/plugins/org.omnetpp.scave.model_4.3.0.130913-19cda8a.jar
7ffeab75c000-7ffeab76e000 r--s 00105000 08:06 1049000                    /home/hoferr/omnetpp-4.3.1/ide/plugins/org.eclipse.emf.ecore_2.8.3.v20130125-0546.jar
7ffeab76e000-7ffeab771000 ---p 00000000 00:00 0 
7ffeab771000-7ffeab86f000 rw-p 00000000 00:00 0 
7ffeab86f000-7ffeab872000 ---p 00000000 00:00 0 
7ffeab872000-7ffeab970000 rw-p 00000000 00:00 0 
7ffeab970000-7ffeab9d0000 rw-s 00000000 00:04 851988                     /SYSV00000000 (deleted)
7ffeab9d0000-7ffeab9d3000 ---p 00000000 00:00 0 
7ffeab9d3000-7ffeabad1000 rw-p 00000000 00:00 0 
7ffeabad1000-7ffeabdea000 r-xp 00000000 08:06 1180647                    /home/hoferr/omnetpp-4.3.1/ide/plugins/org.omnetpp.ide.nativelibs.linux.x86_64_4.3.0.130913-19cda8a/libopplibs.so
7ffeabdea000-7ffeabfe9000 ---p 00319000 08:06 1180647                    /home/hoferr/omnetpp-4.3.1/ide/plugins/org.omnetpp.ide.nativelibs.linux.x86_64_4.3.0.130913-19cda8a/libopplibs.so
7ffeabfe9000-7ffeabffd000 rw-p 00318000 08:06 1180647                    /home/hoferr/omnetpp-4.3.1/ide/plugins/org.omnetpp.ide.nativelibs.linux.x86_64_4.3.0.130913-19cda8a/libopplibs.so
7ffeabffd000-7ffeac000000 rw-p 00000000 00:00 0 
7ffeac000000-7ffeaeb30000 rw-p 00000000 00:00 0 
7ffeaeb30000-7ffeb0000000 ---p 00000000 00:00 0 
7ffeb0002000-7ffeb0007000 r--s 00030000 08:06 1048980                    /home/hoferr/omnetpp-4.3.1/ide/plugins/org.eclipse.emf.common_2.8.0.v20130125-0546.jar
7ffeb0007000-7ffeb000c000 r--s 0003c000 08:06 1049052                    /home/hoferr/omnetpp-4.3.1/ide/plugins/org.eclipse.emf.edit_2.8.0.v20130125-0826.jar
7ffeb000c000-7ffeb0013000 r--s 0004f000 08:06 1049011                    /home/hoferr/omnetpp-4.3.1/ide/plugins/org.omnetpp.cdt_4.3.0.130913-19cda8a.jar
7ffeb0013000-7ffeb001d000 r--s 0006a000 08:06 1048992                    /home/hoferr/omnetpp-4.3.1/ide/plugins/org.eclipse.cdt.make.ui_7.2.0.201302132326.jar
7ffeb001d000-7ffeb0024000 r--s 00049000 08:06 1048841                    /home/hoferr/omnetpp-4.3.1/ide/plugins/org.eclipse.ltk.core.refactoring_3.6.0.v20120523-1543.jar
7ffeb0024000-7ffeb002e000 r--s 0005a000 08:06 1048916                    /home/hoferr/omnetpp-4.3.1/ide/plugins/org.eclipse.ui.navigator_3.5.200.v20120523-1956.jar
7ffeb002e000-7ffeb003f000 r--s 0012e000 08:06 1048839                    /home/hoferr/omnetpp-4.3.1/ide/plugins/org.eclipse.cdt.managedbuilder.core_8.1.0.201302132326.jar
7ffeb003f000-7ffeb0047000 r--s 00062000 08:06 1049061                    /home/hoferr/omnetpp-4.3.1/ide/plugins/org.eclipse.cdt.make.core_7.2.0.201302132326.jar
7ffeb0047000-7ffeb004a000 r--s 00014000 08:06 1180161                    /home/hoferr/omnetpp-4.3.1/ide/plugins/org.eclipse.ui.intro.universal_3.2.600.v20120912-155524/universal.jar
7ffeb004a000-7ffeb004e000 r--s 0001e000 08:06 1048885                    /home/hoferr/omnetpp-4.3.1/ide/plugins/org.eclipse.ui.externaltools_3.2.100.v20120530-1753.jar
7ffeb004e000-7ffeb0052000 r--s 0001a000 08:06 1048865                    /home/hoferr/omnetpp-4.3.1/ide/plugins/org.eclipse.ui.navigator.resources_3.4.400.v20120523-1956.jar
7ffeb0052000-7ffeb0055000 r--s 00017000 08:06 1047077                    /home/hoferr/omnetpp-4.3.1/ide/plugins/org.omnetpp.eventlogtable_4.3.0.130913-19cda8a.jar
7ffeb0055000-7ffeb0059000 r--s 00024000 08:06 1048829                    /home/hoferr/omnetpp-4.3.1/ide/plugins/org.eclipse.ui.console_3.5.100.v20120521-2012.jar
7ffeb0059000-7ffeb005c000 r--s 00014000 08:06 1048990                    /home/hoferr/omnetpp-4.3.1/ide/plugins/org.eclipse.ui.views_3.6.100.v20120521-2332.jar
7ffeb005c000-7ffeb005f000 ---p 00000000 00:00 0 
7ffeb005f000-7ffeb015d000 rw-p 00000000 00:00 0 
7ffeb015d000-7ffeb0160000 ---p 00000000 00:00 0 
7ffeb0160000-7ffeb025e000 rw-p 00000000 00:00 0 
7ffeb025e000-7ffeb0261000 ---p 00000000 00:00 0 
7ffeb0261000-7ffeb035f000 rw-p 00000000 00:00 0 
7ffeb035f000-7ffeb0361000 r-xp 00000000 08:01 560713                     /usr/lib/x86_64-linux-gnu/gconv/ISO8859-1.so
7ffeb0361000-7ffeb0560000 ---p 00002000 08:01 560713                     /usr/lib/x86_64-linux-gnu/gconv/ISO8859-1.so
7ffeb0560000-7ffeb0561000 r--p 00001000 08:01 560713                     /usr/lib/x86_64-linux-gnu/gconv/ISO8859-1.so
7ffeb0561000-7ffeb0562000 rw-p 00002000 08:01 560713                     /usr/lib/x86_64-linux-gnu/gconv/ISO8859-1.so
7ffeb0562000-7ffeb0565000 ---p 00000000 00:00 0 
7ffeb0565000-7ffeb0663000 rw-p 00000000 00:00 0 
7ffeb0664000-7ffeb066a000 r--s 00043000 08:06 1048951                    /home/hoferr/omnetpp-4.3.1/ide/plugins/org.omnetpp.ide.nativelibs_4.3.0.130913-19cda8a.jar
7ffeb066a000-7ffeb066c000 r--s 0000e000 08:06 1048985                    /home/hoferr/omnetpp-4.3.1/ide/plugins/org.eclipse.compare.core_3.5.200.v20120522-1148.jar
7ffeb066c000-7ffeb067a000 r--p 00000000 08:01 552494                     /usr/share/fonts/truetype/ttf-bitstream-vera/VeraMoBI.ttf
7ffeb067a000-7ffeb0688000 r--p 00000000 08:01 552490                     /usr/share/fonts/truetype/ttf-bitstream-vera/VeraMoIt.ttf
7ffeb0688000-7ffeb0694000 r--p 00000000 08:01 552492                     /usr/share/fonts/truetype/ttf-bitstream-vera/VeraMoBd.ttf
7ffeb0694000-7ffeb0699000 r--s 0002e000 08:06 1049049                    /home/hoferr/omnetpp-4.3.1/ide/plugins/org.omnetpp.ned.model_4.3.0.130913-19cda8a.jar
7ffeb0699000-7ffeb06a9000 r--p 00000000 08:01 552485                     /usr/share/fonts/truetype/ttf-bitstream-vera/VeraBI.ttf
7ffeb06a9000-7ffeb06b9000 r--p 00000000 08:01 552472                     /usr/share/fonts/truetype/ttf-bitstream-vera/VeraIt.ttf
7ffeb06b9000-7ffeb06bc000 r--s 00019000 08:06 1049081                    /home/hoferr/omnetpp-4.3.1/ide/plugins/org.eclipse.core.filebuffers_3.5.200.v20120523-1310.jar
7ffeb06bc000-7ffeb06c5000 r--s 0006a000 08:06 1048977                    /home/hoferr/omnetpp-4.3.1/ide/plugins/org.eclipse.search_3.8.0.v20120523-1540.jar
7ffeb06c5000-7ffeb0720000 r--s 00515000 08:06 1048987                    /home/hoferr/omnetpp-4.3.1/ide/plugins/org.eclipse.cdt.ui_5.5.0.201302132326.jar
7ffeb0720000-7ffeb0727000 r--s 00000000 08:01 560750                     /usr/lib/x86_64-linux-gnu/gconv/gconv-modules.cache
7ffeb0728000-7ffeb073b000 r--s 000e0000 08:06 1048945                    /home/hoferr/omnetpp-4.3.1/ide/plugins/org.eclipse.jface.text_3.8.2.v20121126-164145.jar
7ffeb073b000-7ffeb0747000 r--s 00081000 08:06 1046988                    /home/hoferr/omnetpp-4.3.1/ide/plugins/org.eclipse.ui.editors_3.8.0.v20120523-1540.jar
7ffeb0747000-7ffeb0752000 r--s 00084000 08:06 1047096                    /home/hoferr/omnetpp-4.3.1/ide/plugins/org.eclipse.ui.workbench.texteditor_3.8.0.v20120523-1310.jar
7ffeb0752000-7ffeb0757000 r--s 00038000 08:06 1049059                    /home/hoferr/omnetpp-4.3.1/ide/plugins/org.eclipse.text_3.5.200.v20120523-1310.jar
7ffeb0757000-7ffeb075d000 r-xp 00000000 08:01 533470                     /usr/lib/x86_64-linux-gnu/gdk-pixbuf-2.0/2.10.0/loaders/libpixbufloader-gif.so
7ffeb075d000-7ffeb095c000 ---p 00006000 08:01 533470                     /usr/lib/x86_64-linux-gnu/gdk-pixbuf-2.0/2.10.0/loaders/libpixbufloader-gif.so
7ffeb095c000-7ffeb095d000 r--p 00005000 08:01 533470                     /usr/lib/x86_64-linux-gnu/gdk-pixbuf-2.0/2.10.0/loaders/libpixbufloader-gif.so
7ffeb095d000-7ffeb095e000 rw-p 00006000 08:01 533470                     /usr/lib/x86_64-linux-gnu/gdk-pixbuf-2.0/2.10.0/loaders/libpixbufloader-gif.so
7ffeb095e000-7ffeb0961000 ---p 00000000 00:00 0 
7ffeb0961000-7ffeb0a5f000 rw-p 00000000 00:00 0 
7ffeb0a62000-7ffeb0a64000 r--s 00007000 08:06 1049005                    /home/hoferr/omnetpp-4.3.1/ide/plugins/org.eclipse.core.variables_3.2.600.v20120521-2012.jar
7ffeb0a64000-7ffeb0a65000 r--s 00004000 08:06 1049016                    /home/hoferr/omnetpp-4.3.1/ide/plugins/org.eclipse.cdt.core.linux.x86_64_5.2.0.201302132326.jar
7ffeb0a65000-7ffeb0a67000 r--s 00002000 08:06 1047079                    /home/hoferr/omnetpp-4.3.1/ide/plugins/org.eclipse.cdt.core.linux_5.2.0.201302132326.jar
7ffeb0a67000-7ffeb0ab4000 r--s 00484000 08:06 1048947                    /home/hoferr/omnetpp-4.3.1/ide/plugins/org.eclipse.cdt.core_5.4.1.201302132326.jar
7ffeb0ab4000-7ffeb0ab6000 r--s 00012000 08:06 1048984                    /home/hoferr/omnetpp-4.3.1/ide/plugins/org.omnetpp.launch_4.3.0.130913-19cda8a.jar
7ffeb0ab6000-7ffeb0abf000 r--s 00089000 08:06 1049101                    /home/hoferr/omnetpp-4.3.1/ide/plugins/org.eclipse.update.core_3.2.600.v20130104-035835.jar
7ffeb0abf000-7ffeb0ac1000 r--s 00007000 08:06 1049099                    /home/hoferr/omnetpp-4.3.1/ide/plugins/org.eclipse.update.scheduler_3.2.400.v20120912-142556.jar
7ffeb0ac1000-7ffeb0ac3000 r--s 00003000 08:06 1048957                    /home/hoferr/omnetpp-4.3.1/ide/plugins/org.eclipse.equinox.p2.updatechecker_1.1.200.v20110808-1657.jar
7ffeb0ac3000-7ffeb0ac6000 r--s 0001a000 08:06 1049033                    /home/hoferr/omnetpp-4.3.1/ide/plugins/org.eclipse.equinox.p2.metadata.repository_1.2.100.v20120524-1717.jar
7ffeb0ac6000-7ffeb0aca000 r--s 0001d000 08:06 1048899                    /home/hoferr/omnetpp-4.3.1/ide/plugins/org.eclipse.equinox.p2.repository_2.2.0.v20120524-1945.jar
7ffeb0aca000-7ffeb0ad2000 r--s 0004c000 08:06 1046995                    /home/hoferr/omnetpp-4.3.1/ide/plugins/org.eclipse.equinox.p2.metadata_2.1.0.v20120430-2001.jar
7ffeb0ad2000-7ffeb0ad6000 r--s 0002d000 08:06 1049013                    /home/hoferr/omnetpp-4.3.1/ide/plugins/org.eclipse.equinox.p2.engine_2.2.0.v20130121-021919.jar
7ffeb0ad6000-7ffeb0ad8000 r--s 0000d000 08:06 1047083                    /home/hoferr/omnetpp-4.3.1/ide/plugins/org.eclipse.equinox.p2.operations_2.2.0.v20130119-010614.jar
7ffeb0ad8000-7ffeb0ae5000 r--s 0007f000 08:06 266211                     /home/hoferr/omnetpp-4.3.1/ide/configuration/org.eclipse.osgi/bundles/249/1/.cp/lib/commons-collections-3.2.jar
7ffeb0ae5000-7ffeb0ae9000 r--s 0002a000 08:06 266210                     /home/hoferr/omnetpp-4.3.1/ide/configuration/org.eclipse.osgi/bundles/249/1/.cp/lib/commons-io-2.4.jar
7ffeb0ae9000-7ffeb0aee000 r--s 0003a000 08:06 266209                     /home/hoferr/omnetpp-4.3.1/ide/configuration/org.eclipse.osgi/bundles/249/1/.cp/lib/commons-compress-1.5.jar
7ffeb0aee000-7ffeb0af0000 r--s 00010000 08:06 1049037                    /home/hoferr/omnetpp-4.3.1/ide/plugins/org.eclipse.equinox.p2.core_2.2.0.v20120430-0525.jar
7ffeb0af0000-7ffeb0af2000 r--s 0000d000 08:06 1049068                    /home/hoferr/omnetpp-4.3.1/ide/plugins/org.eclipse.equinox.p2.ui.sdk.scheduler_1.1.0.v20110815-1744.jar
7ffeb0af2000-7ffeb0af4000 r--s 00005000 08:06 1048828                    /home/hoferr/omnetpp-4.3.1/ide/plugins/org.eclipse.cdt.codan.ui.cxx_3.0.0.201302132326.jar
7ffeb0af4000-7ffeb0af6000 r--s 0000a000 08:06 1047070                    /home/hoferr/omnetpp-4.3.1/ide/plugins/org.eclipse.ui.net_1.2.101.v20120914-093638.jar
7ffeb0af6000-7ffeb0af8000 r--s 00013000 08:01 409152                     /usr/lib/jvm/java-6-openjdk-common/jre/lib/jce.jar
7ffeb0af8000-7ffeb0afb000 r--s 00018000 08:06 1048907                    /home/hoferr/omnetpp-4.3.1/ide/plugins/org.eclipse.equinox.security_1.1.100.v20120522-1841.jar
7ffeb0afb000-7ffeb0afc000 r--s 00009000 08:06 1048914                    /home/hoferr/omnetpp-4.3.1/ide/plugins/org.eclipse.core.net.linux.x86_64_1.1.0.v20120522-1148.jar
7ffeb0afc000-7ffeb0afe000 r--s 00010000 08:06 1048928                    /home/hoferr/omnetpp-4.3.1/ide/plugins/org.eclipse.core.net_1.2.200.v20120914-093638.jar
7ffeb0afe000-7ffeb0b01000 r--s 0001b000 08:06 1047084                    /home/hoferr/omnetpp-4.3.1/ide/plugins/org.eclipse.cdt.codan.ui_2.1.0.201302132326.jar
7ffeb0b01000-7ffeb0b15000 r--s 000cb000 08:06 1047090                    /home/hoferr/omnetpp-4.3.1/ide/plugins/org.visigoths.freemarker_2.3.15/freemarker.jar
7ffeb0b15000-7ffeb0b22000 r--s 0018f000 08:06 1049078                    /home/hoferr/omnetpp-4.3.1/ide/plugins/org.omnetpp.common_4.3.0.130913-19cda8a.jar
7ffeb0b22000-7ffeb0b26000 r--s 00038000 08:06 266217                     /home/hoferr/omnetpp-4.3.1/ide/configuration/org.eclipse.osgi/bundles/250/1/.cp/lib/commons-lang-2.3.jar
7ffeb0b26000-7ffeb0b2f000 r--s 000a1000 08:06 1048908                    /home/hoferr/omnetpp-4.3.1/ide/plugins/org.omnetpp.common.core_4.3.0.130913-19cda8a.jar
7ffeb0b2f000-7ffeb0b35000 r--s 00032000 08:06 1049036                    /home/hoferr/omnetpp-4.3.1/ide/plugins/org.omnetpp.sequencechart_4.3.0.130913-19cda8a.jar
7ffeb0b35000-7ffeb0b48000 r--s 0010e000 08:06 1046989                    /home/hoferr/omnetpp-4.3.1/ide/plugins/org.omnetpp.scave_4.3.0.130913-19cda8a.jar
7ffeb0b48000-7ffeb0b62000 r--s 00101000 08:06 1048975                    /home/hoferr/omnetpp-4.3.1/ide/plugins/org.eclipse.cdt.debug.ui_7.2.0.201302132326.jar
7ffeb0b62000-7ffeb0b6b000 r--s 00059000 08:06 1048840                    /home/hoferr/omnetpp-4.3.1/ide/plugins/org.eclipse.team.core_3.6.100.v20120524-0627.jar
7ffeb0b6b000-7ffeb0b6e000 ---p 00000000 00:00 0 
7ffeb0b6e000-7ffeb0c6c000 rw-p 00000000 00:00 0 
7ffeb0c6c000-7ffeb0c6f000 r--s 00013000 08:06 1049056                    /home/hoferr/omnetpp-4.3.1/ide/plugins/org.eclipse.core.expressions_3.4.400.v20120523-2004.jar
7ffeb0c7a000-7ffeb0c7f000 r--s 00026000 08:06 266212                     /home/hoferr/omnetpp-4.3.1/ide/configuration/org.eclipse.osgi/bundles/249/1/.cp/lib/commons-math-1.1.jar
7ffeb0c7f000-7ffeb0c81000 r-xp 00000000 08:06 266272                     /home/hoferr/omnetpp-4.3.1/ide/configuration/org.eclipse.osgi/bundles/84/1/.cp/os/linux/x86_64/libunixfile_1_0_0.so
7ffeb0c81000-7ffeb0d80000 ---p 00002000 08:06 266272                     /home/hoferr/omnetpp-4.3.1/ide/configuration/org.eclipse.osgi/bundles/84/1/.cp/os/linux/x86_64/libunixfile_1_0_0.so
7ffeb0d80000-7ffeb0d81000 rw-p 00001000 08:06 266272                     /home/hoferr/omnetpp-4.3.1/ide/configuration/org.eclipse.osgi/bundles/84/1/.cp/os/linux/x86_64/libunixfile_1_0_0.so
7ffeb0d84000-7ffeb0d86000 r--s 00008000 08:06 1048995                    /home/hoferr/omnetpp-4.3.1/ide/plugins/org.eclipse.linuxtools.valgrind.ui_1.0.0.201302051708.jar
7ffeb0d86000-7ffeb0d93000 r--s 0008c000 08:06 1048958                    /home/hoferr/omnetpp-4.3.1/ide/plugins/org.omnetpp.ned.editor_4.3.0.130913-19cda8a.jar
7ffeb0d93000-7ffeb0d9b000 r--s 0006e000 08:06 1048896                    /home/hoferr/omnetpp-4.3.1/ide/plugins/org.omnetpp.inifile.editor_4.3.0.130913-19cda8a.jar
7ffeb0da0000-7ffeb0da3000 r--s 00019000 08:06 1049066                    /home/hoferr/omnetpp-4.3.1/ide/plugins/org.omnetpp.neddoc_4.3.0.130913-19cda8a.jar
7ffeb0da3000-7ffeb0da5000 r--s 0001c000 08:06 1048902                    /home/hoferr/omnetpp-4.3.1/ide/plugins/org.omnetpp.ned.core_4.3.0.130913-19cda8a.jar
7ffeb0dac000-7ffeb0db1000 r--s 0002b000 08:06 1049002                    /home/hoferr/omnetpp-4.3.1/ide/plugins/org.eclipse.ui.browser_3.4.1.v20120912-135036.jar
7ffeb0dd4000-7ffeb0dd6000 r--s 0000a000 08:06 1047106                    /home/hoferr/omnetpp-4.3.1/ide/plugins/org.eclipse.gmf.runtime.draw2d.ui.render_1.4.1.201302122140.jar
7ffeb0dd6000-7ffeb0ddb000 r--s 0002a000 08:06 1048925                    /home/hoferr/omnetpp-4.3.1/ide/plugins/org.eclipse.gmf.runtime.draw2d.ui.render.awt_1.6.1.201302122140.jar
7ffeb0ddb000-7ffeb0de5000 r--s 00082000 08:06 1048942                    /home/hoferr/omnetpp-4.3.1/ide/plugins/org.eclipse.draw2d_3.9.0.201212170307.jar
7ffeb0de5000-7ffeb0e18000 r--s 0024c000 08:06 1048862                    /home/hoferr/omnetpp-4.3.1/ide/plugins/org.eclipse.debug.ui_3.8.2.v20130130-171415.jar
7ffeb0e18000-7ffeb0e23000 r--s 000bb000 08:06 1048997                    /home/hoferr/omnetpp-4.3.1/ide/plugins/org.eclipse.core.resources_3.8.1.v20121114-124432.jar
7ffeb0e23000-7ffeb0e32000 r--p 00000000 08:01 552474                     /usr/share/fonts/truetype/ttf-bitstream-vera/VeraBd.ttf
7ffeb0e32000-7ffeb0e3d000 r-xp 00000000 08:06 1049442                    /home/hoferr/omnetpp-4.3.1/ide/configuration/org.eclipse.osgi/bundles/219/1/.cp/libswt-atk-gtk-3836.so
7ffeb0e3d000-7ffeb0f3d000 ---p 0000b000 08:06 1049442                    /home/hoferr/omnetpp-4.3.1/ide/configuration/org.eclipse.osgi/bundles/219/1/.cp/libswt-atk-gtk-3836.so
7ffeb0f3d000-7ffeb0f3e000 rw-p 0000b000 08:06 1049442                    /home/hoferr/omnetpp-4.3.1/ide/configuration/org.eclipse.osgi/bundles/219/1/.cp/libswt-atk-gtk-3836.so
7ffeb0f3e000-7ffeb0f66000 r--s 00219000 08:06 1048994                    /home/hoferr/omnetpp-4.3.1/ide/plugins/org.eclipse.ui.ide_3.8.2.v20121106-170106.jar
7ffeb0f66000-7ffeb0f73000 r-xp 00000000 08:06 1049431                    /home/hoferr/omnetpp-4.3.1/ide/configuration/org.eclipse.osgi/bundles/219/1/.cp/libswt-cairo-gtk-3836.so
7ffeb0f73000-7ffeb1073000 ---p 0000d000 08:06 1049431                    /home/hoferr/omnetpp-4.3.1/ide/configuration/org.eclipse.osgi/bundles/219/1/.cp/libswt-cairo-gtk-3836.so
7ffeb1073000-7ffeb1074000 rw-p 0000d000 08:06 1049431                    /home/hoferr/omnetpp-4.3.1/ide/configuration/org.eclipse.osgi/bundles/219/1/.cp/libswt-cairo-gtk-3836.so
7ffeb1074000-7ffeb1079000 r-xp 00000000 08:01 533477                     /usr/lib/x86_64-linux-gnu/gdk-pixbuf-2.0/2.10.0/loaders/libpixbufloader-png.so
7ffeb1079000-7ffeb1278000 ---p 00005000 08:01 533477                     /usr/lib/x86_64-linux-gnu/gdk-pixbuf-2.0/2.10.0/loaders/libpixbufloader-png.so
7ffeb1278000-7ffeb1279000 r--p 00004000 08:01 533477                     /usr/lib/x86_64-linux-gnu/gdk-pixbuf-2.0/2.10.0/loaders/libpixbufloader-png.so
7ffeb1279000-7ffeb127a000 rw-p 00005000 08:01 533477                     /usr/lib/x86_64-linux-gnu/gdk-pixbuf-2.0/2.10.0/loaders/libpixbufloader-png.so
7ffeb127b000-7ffeb127d000 r--s 00029000 08:06 1048878                    /home/hoferr/omnetpp-4.3.1/ide/plugins/org.omnetpp.main_4.3.0.130913-19cda8a.jar
7ffeb127d000-7ffeb128a000 r--p 00000000 08:01 552478                     /usr/share/fonts/truetype/ttf-bitstream-vera/VeraMono.ttf
7ffeb128a000-7ffeb129b000 r--p 00000000 08:01 552483                     /usr/share/fonts/truetype/ttf-bitstream-vera/Vera.ttf
7ffeb129b000-7ffeb129d000 r-xp 00000000 08:01 533530                     /usr/lib/x86_64-linux-gnu/pango/1.6.0/modules/pango-basic-fc.so
7ffeb129d000-7ffeb149c000 ---p 00002000 08:01 533530                     /usr/lib/x86_64-linux-gnu/pango/1.6.0/modules/pango-basic-fc.so
7ffeb149c000-7ffeb149d000 r--p 00001000 08:01 533530                     /usr/lib/x86_64-linux-gnu/pango/1.6.0/modules/pango-basic-fc.so
7ffeb149d000-7ffeb149e000 rw-p 00002000 08:01 533530                     /usr/lib/x86_64-linux-gnu/pango/1.6.0/modules/pango-basic-fc.so
7ffeb149e000-7ffeb149f000 r--s 00000000 08:01 281255                     /var/cache/fontconfig/c05880de57d1f5e948fdfacc138775d9-le64.cache-3
7ffeb149f000-7ffeb14a8000 r--s 00000000 08:01 275527                     /var/cache/fontconfig/945677eb7aeaf62f1d50efc3fb3ec7d8-le64.cache-3
7ffeb14a8000-7ffeb14af000 r--s 00000000 08:01 291613                     /var/cache/fontconfig/3fdcac6013931cd7c06449c5f8fab136-le64.cache-3
7ffeb14af000-7ffeb14b0000 r--s 00000000 08:01 281252                     /var/cache/fontconfig/617957603a337376ca8784972c6029f5-le64.cache-3
7ffeb14b0000-7ffeb14b5000 r--s 00000000 08:01 281250                     /var/cache/fontconfig/6eb3985aa4124903f6ff08ba781cd364-le64.cache-3
7ffeb14b5000-7ffeb14be000 r--s 00000000 08:01 281249                     /var/cache/fontconfig/6d41288fd70b0be22e8c3a91e032eec0-le64.cache-3
7ffeb14be000-7ffeb14c1000 r--s 00000000 08:01 290502                     /var/cache/fontconfig/de156ccd2eddbdc19d37a45b8b2aac9c-le64.cache-3
7ffeb14c1000-7ffeb14c2000 r--s 00000000 08:01 281217                     /var/cache/fontconfig/b95bc8ffbebda2bbdae4265e45b8178d-le64.cache-3
7ffeb14c2000-7ffeb14c3000 r--s 00000000 08:01 281208                     /var/cache/fontconfig/9c956a7723ca69a44b382d9179c9802f-le64.cache-3
7ffeb14c3000-7ffeb14c4000 r--s 00000000 08:01 281204                     /var/cache/fontconfig/5d1cca7074f29429a8d18692746c2426-le64.cache-3
7ffeb14c4000-7ffeb14c5000 r--s 00000000 08:01 266771                     /var/cache/fontconfig/4794a0821666d79190d59a36cb4f44b5-le64.cache-3
7ffeb14c5000-7ffeb14c6000 r--s 00000000 08:01 281187                     /var/cache/fontconfig/9eae20f1ff8cc0a7d125749e875856bd-le64.cache-3
7ffeb14c6000-7ffeb14c8000 r--s 00000000 08:01 281186                     /var/cache/fontconfig/bf2c1853a9e9b00bb02fe2e9bcf1e201-le64.cache-3
7ffeb14c8000-7ffeb14cb000 r--s 00000000 08:01 281172                     /var/cache/fontconfig/c57959a16110560c8d0fcea73374aeeb-le64.cache-3
7ffeb14cb000-7ffeb14d0000 r--s 00000000 08:01 281148                     /var/cache/fontconfig/3047814df9a2f067bd2d96a2b9c36e5a-le64.cache-3
7ffeb14d0000-7ffeb14d3000 r--s 00000000 08:01 281132                     /var/cache/fontconfig/14d493b97896515cad3840ba4896e372-le64.cache-3
7ffeb14d3000-7ffeb14d4000 r--s 00000000 08:01 281108                     /var/cache/fontconfig/89034621ae2a8922916bb6bfa5799546-le64.cache-3
7ffeb14d4000-7ffeb14d7000 r--s 00000000 08:01 281097                     /var/cache/fontconfig/e49e89034d371f0f9de17aab02136486-le64.cache-3
7ffeb14d7000-7ffeb14d9000 r--s 00000000 08:01 281086                     /var/cache/fontconfig/4b14b093aebc79c320de5e86ae1d3314-le64.cache-3
7ffeb14d9000-7ffeb14da000 r--s 00000000 08:01 281078                     /var/cache/fontconfig/8aec10f4cc8391dcef22ca549f1e4354-le64.cache-3
7ffeb14da000-7ffeb14eb000 r--s 00000000 08:01 281029                     /var/cache/fontconfig/d52a8644073d54c13679302ca1180695-le64.cache-3
7ffeb14eb000-7ffeb14f2000 r--s 00000000 08:01 281028                     /var/cache/fontconfig/3f7329c5293ffd510edef78f73874cfd-le64.cache-3
7ffeb14f2000-7ffeb14f3000 r--s 00000000 08:01 280976                     /var/cache/fontconfig/ac2cf712d852da827a87a9baf682f5b9-le64.cache-3
7ffeb14f3000-7ffeb14f5000 r--s 00000000 08:01 280975                     /var/cache/fontconfig/65f976e5259cbe6dc7697b8648396239-le64.cache-3
7ffeb14f5000-7ffeb14f6000 r--s 00000000 08:01 280958                     /var/cache/fontconfig/94f7fe9bd33aadfac165873bd010d595-le64.cache-3
7ffeb14f6000-7ffeb14f8000 r--s 00000000 08:01 280934                     /var/cache/fontconfig/423767150eb258c59035de29db6fca84-le64.cache-3
7ffeb14f8000-7ffeb14f9000 r--s 00000000 08:01 280917                     /var/cache/fontconfig/845c20fd2c4814bcec78e05d37a63ccc-le64.cache-3
7ffeb14f9000-7ffeb14fa000 r--s 00000000 08:01 280734                     /var/cache/fontconfig/e7de81b01590fb7e12b38e274e17d0db-le64.cache-3
7ffeb14fa000-7ffeb14fb000 r--s 00000000 08:01 280722                     /var/cache/fontconfig/406a1d2d2bf3ed7664fbadefac0b2f66-le64.cache-3
7ffeb14fb000-7ffeb14fd000 r--s 00000000 08:01 280721                     /var/cache/fontconfig/67709b7835c0f764c1135060c9575660-le64.cache-3
7ffeb14fd000-7ffeb1507000 r--s 00000000 08:01 280654                     /var/cache/fontconfig/83bf95040141907cd45bb53cf7c1c148-le64.cache-3
7ffeb1507000-7ffeb1513000 r--s 00000000 08:01 280649                     /var/cache/fontconfig/53d14c92082a93e67d5078324eb314ca-le64.cache-3
7ffeb1513000-7ffeb1517000 r--s 00000000 08:01 286228                     /var/cache/fontconfig/6c08beecf0dac481ec92e759e0c2e6d7-le64.cache-3
7ffeb1517000-7ffeb151b000 r--s 00000000 08:01 286223                     /var/cache/fontconfig/4d6aee6d44eccb37054d3216e945f618-le64.cache-3
7ffeb151b000-7ffeb151f000 r--s 00000000 08:01 286221                     /var/cache/fontconfig/d6c6df98c3df5faf9bd0f8ef4d91efe5-le64.cache-3
7ffeb151f000-7ffeb1523000 r--s 00000000 08:01 286214                     /var/cache/fontconfig/9fb319ef52839f11ee26ab8b4cffa12b-le64.cache-3
7ffeb1523000-7ffeb1534000 r--s 00000000 08:01 280163                     /var/cache/fontconfig/4ac51e5cfbc76fc3f983e470323a16d3-le64.cache-3
7ffeb1534000-7ffeb1539000 r-xp 00000000 08:01 526333                     /usr/lib/x86_64-linux-gnu/libXtst.so.6.1.0
7ffeb1539000-7ffeb1738000 ---p 00005000 08:01 526333                     /usr/lib/x86_64-linux-gnu/libXtst.so.6.1.0
7ffeb1738000-7ffeb1739000 rw-p 00004000 08:01 526333                     /usr/lib/x86_64-linux-gnu/libXtst.so.6.1.0
7ffeb173a000-7ffeb1754000 r--s 00000000 08:01 273535                     /var/cache/fontconfig/e13b20fdb08344e0e664864cc2ede53d-le64.cache-3
7ffeb1754000-7ffeb1758000 r--s 00000000 08:01 290183                     /var/cache/fontconfig/7ef2298fde41cc6eeb7af42e48b7d293-le64.cache-3
7ffeb1758000-7ffeb17cc000 r-xp 00000000 08:06 1049425                    /home/hoferr/omnetpp-4.3.1/ide/configuration/org.eclipse.osgi/bundles/219/1/.cp/libswt-pi-gtk-3836.so
7ffeb17cc000-7ffeb18cc000 ---p 00074000 08:06 1049425                    /home/hoferr/omnetpp-4.3.1/ide/configuration/org.eclipse.osgi/bundles/219/1/.cp/libswt-pi-gtk-3836.so
7ffeb18cc000-7ffeb18cf000 rw-p 00074000 08:06 1049425                    /home/hoferr/omnetpp-4.3.1/ide/configuration/org.eclipse.osgi/bundles/219/1/.cp/libswt-pi-gtk-3836.so
7ffeb18cf000-7ffeb18d1000 rw-p 00000000 00:00 0 
7ffeb18d1000-7ffeb194f000 r-xp 00000000 08:06 1049424                    /home/hoferr/omnetpp-4.3.1/ide/configuration/org.eclipse.osgi/bundles/219/1/.cp/libswt-gtk-3836.so
7ffeb194f000-7ffeb1a4e000 ---p 0007e000 08:06 1049424                    /home/hoferr/omnetpp-4.3.1/ide/configuration/org.eclipse.osgi/bundles/219/1/.cp/libswt-gtk-3836.so
7ffeb1a4e000-7ffeb1a55000 rw-p 0007d000 08:06 1049424                    /home/hoferr/omnetpp-4.3.1/ide/configuration/org.eclipse.osgi/bundles/219/1/.cp/libswt-gtk-3836.so
7ffeb1a55000-7ffeb1a58000 rw-p 00000000 00:00 0 
7ffeb1a58000-7ffeb1a5b000 r--s 00018000 08:06 1049043                    /home/hoferr/omnetpp-4.3.1/ide/plugins/org.eclipse.core.commands_3.6.1.v20120912-135020.jar
7ffeb1a5b000-7ffeb1a5f000 r--s 00022000 08:06 1048889                    /home/hoferr/omnetpp-4.3.1/ide/plugins/org.eclipse.ui_3.8.2.v20121018-234953.jar
7ffeb1a5f000-7ffeb1a9b000 r--s 00629000 08:06 1048833                    /home/hoferr/omnetpp-4.3.1/ide/plugins/com.ibm.icu_4.4.2.v20110823.jar
7ffeb1a9b000-7ffeb1ae2000 r--s 003b5000 08:06 1047104                    /home/hoferr/omnetpp-4.3.1/ide/plugins/org.eclipse.ui.workbench_3.8.2.v20121128-133708.jar
7ffeb1ae2000-7ffeb1ae5000 ---p 00000000 00:00 0 
7ffeb1ae5000-7ffeb1be3000 rw-p 00000000 00:00 0 
7ffeb1be3000-7ffeb1be6000 ---p 00000000 00:00 0 
7ffeb1be6000-7ffeb1ce4000 rw-p 00000000 00:00 0 
7ffeb1ce4000-7ffeb1ce7000 ---p 00000000 00:00 0 
7ffeb1ce7000-7ffeb1de5000 rw-p 00000000 00:00 0 
7ffeb1de5000-7ffeb1de8000 ---p 00000000 00:00 0 
7ffeb1de8000-7ffeb1ee6000 rw-p 00000000 00:00 0 
7ffeb1ee6000-7ffeb1ee9000 ---p 00000000 00:00 0 
7ffeb1ee9000-7ffeb1fe7000 rw-p 00000000 00:00 0 
7ffeb1fe7000-7ffeb1fea000 ---p 00000000 00:00 0 
7ffeb1fea000-7ffeb20e8000 rw-p 00000000 00:00 0 
7ffeb20e8000-7ffeb20eb000 ---p 00000000 00:00 0 
7ffeb20eb000-7ffeb21e9000 rw-p 00000000 00:00 0 
7ffeb21e9000-7ffeb21ec000 ---p 00000000 00:00 0 
7ffeb21ec000-7ffeb22ea000 rw-p 00000000 00:00 0 
7ffeb22ea000-7ffeb22f2000 r-xp 00000000 08:01 533634                     /usr/lib/jvm/java-6-openjdk-amd64/jre/lib/amd64/libnio.so
7ffeb22f2000-7ffeb24f1000 ---p 00008000 08:01 533634                     /usr/lib/jvm/java-6-openjdk-amd64/jre/lib/amd64/libnio.so
7ffeb24f1000-7ffeb24f2000 rw-p 00007000 08:01 533634                     /usr/lib/jvm/java-6-openjdk-amd64/jre/lib/amd64/libnio.so
7ffeb24f2000-7ffeb2507000 r-xp 00000000 08:01 537001                     /usr/lib/jvm/java-6-openjdk-amd64/jre/lib/amd64/libnet.so
7ffeb2507000-7ffeb2706000 ---p 00015000 08:01 537001                     /usr/lib/jvm/java-6-openjdk-amd64/jre/lib/amd64/libnet.so
7ffeb2706000-7ffeb2707000 rw-p 00014000 08:01 537001                     /usr/lib/jvm/java-6-openjdk-amd64/jre/lib/amd64/libnet.so
7ffeb2707000-7ffeb270a000 r-xp 00000000 08:01 533473                     /usr/lib/x86_64-linux-gnu/gdk-pixbuf-2.0/2.10.0/loaders/libpixbufloader-bmp.so
7ffeb270a000-7ffeb290a000 ---p 00003000 08:01 533473                     /usr/lib/x86_64-linux-gnu/gdk-pixbuf-2.0/2.10.0/loaders/libpixbufloader-bmp.so
7ffeb290a000-7ffeb290b000 r--p 00003000 08:01 533473                     /usr/lib/x86_64-linux-gnu/gdk-pixbuf-2.0/2.10.0/loaders/libpixbufloader-bmp.so
7ffeb290b000-7ffeb290c000 rw-p 00004000 08:01 533473                     /usr/lib/x86_64-linux-gnu/gdk-pixbuf-2.0/2.10.0/loaders/libpixbufloader-bmp.so
7ffeb290c000-7ffeb2915000 r-xp 00000000 08:01 407270                     /usr/lib/gtk-2.0/2.10.0/engines/libxfce.so
7ffeb2915000-7ffeb2b15000 ---p 00009000 08:01 407270                     /usr/lib/gtk-2.0/2.10.0/engines/libxfce.so
7ffeb2b15000-7ffeb2b16000 r--p 00009000 08:01 407270                     /usr/lib/gtk-2.0/2.10.0/engines/libxfce.so
7ffeb2b16000-7ffeb2b17000 rw-p 0000a000 08:01 407270                     /usr/lib/gtk-2.0/2.10.0/engines/libxfce.so
7ffeb2b17000-7ffeb2b38000 r-xp 00000000 08:01 533427                     /usr/lib/x86_64-linux-gnu/libatk-1.0.so.0.20409.1
7ffeb2b38000-7ffeb2d37000 ---p 00021000 08:01 533427                     /usr/lib/x86_64-linux-gnu/libatk-1.0.so.0.20409.1
7ffeb2d37000-7ffeb2d39000 r--p 00020000 08:01 533427                     /usr/lib/x86_64-linux-gnu/libatk-1.0.so.0.20409.1
7ffeb2d39000-7ffeb2d3a000 rw-p 00022000 08:01 533427                     /usr/lib/x86_64-linux-gnu/libatk-1.0.so.0.20409.1
7ffeb2d3a000-7ffeb316c000 r-xp 00000000 08:01 537808                     /usr/lib/x86_64-linux-gnu/libgtk-x11-2.0.so.0.2400.10
7ffeb316c000-7ffeb336c000 ---p 00432000 08:01 537808                     /usr/lib/x86_64-linux-gnu/libgtk-x11-2.0.so.0.2400.10
7ffeb336c000-7ffeb3377000 rw-p 00432000 08:01 537808                     /usr/lib/x86_64-linux-gnu/libgtk-x11-2.0.so.0.2400.10
7ffeb3377000-7ffeb3379000 rw-p 00000000 00:00 0 
7ffeb3379000-7ffeb337e000 r-xp 00000000 08:01 527649                     /usr/lib/x86_64-linux-gnu/libXdmcp.so.6.0.0
7ffeb337e000-7ffeb357d000 ---p 00005000 08:01 527649                     /usr/lib/x86_64-linux-gnu/libXdmcp.so.6.0.0
7ffeb357d000-7ffeb357e000 rw-p 00004000 08:01 527649                     /usr/lib/x86_64-linux-gnu/libXdmcp.so.6.0.0
7ffeb357e000-7ffeb3580000 r-xp 00000000 08:01 525520                     /usr/lib/x86_64-linux-gnu/libXau.so.6.0.0
7ffeb3580000-7ffeb3780000 ---p 00002000 08:01 525520                     /usr/lib/x86_64-linux-gnu/libXau.so.6.0.0
7ffeb3780000-7ffeb3781000 rw-p 00002000 08:01 525520                     /usr/lib/x86_64-linux-gnu/libXau.so.6.0.0
7ffeb3781000-7ffeb37a0000 r-xp 00000000 08:01 527173                     /usr/lib/x86_64-linux-gnu/libxcb.so.1.1.0
7ffeb37a0000-7ffeb399f000 ---p 0001f000 08:01 527173                     /usr/lib/x86_64-linux-gnu/libxcb.so.1.1.0
7ffeb399f000-7ffeb39a0000 r--p 0001e000 08:01 527173                     /usr/lib/x86_64-linux-gnu/libxcb.so.1.1.0
7ffeb39a0000-7ffeb39a1000 rw-p 0001f000 08:01 527173                     /usr/lib/x86_64-linux-gnu/libxcb.so.1.1.0
7ffeb39a1000-7ffeb39a9000 r-xp 00000000 08:01 527550                     /usr/lib/x86_64-linux-gnu/libxcb-render.so.0.0.0
7ffeb39a9000-7ffeb3ba9000 ---p 00008000 08:01 527550                     /usr/lib/x86_64-linux-gnu/libxcb-render.so.0.0.0
7ffeb3ba9000-7ffeb3baa000 r--p 00008000 08:01 527550                     /usr/lib/x86_64-linux-gnu/libxcb-render.so.0.0.0
7ffeb3baa000-7ffeb3bab000 rw-p 00009000 08:01 527550                     /usr/lib/x86_64-linux-gnu/libxcb-render.so.0.0.0
7ffeb3bab000-7ffeb3bad000 r-xp 00000000 08:01 528960                     /usr/lib/x86_64-linux-gnu/libxcb-shm.so.0.0.0
7ffeb3bad000-7ffeb3dac000 ---p 00002000 08:01 528960                     /usr/lib/x86_64-linux-gnu/libxcb-shm.so.0.0.0
7ffeb3dac000-7ffeb3dad000 r--p 00001000 08:01 528960                     /usr/lib/x86_64-linux-gnu/libxcb-shm.so.0.0.0
7ffeb3dad000-7ffeb3dae000 rw-p 00002000 08:01 528960                     /usr/lib/x86_64-linux-gnu/libxcb-shm.so.0.0.0
7ffeb3dae000-7ffeb3e2e000 r-xp 00000000 08:01 532210                     /usr/lib/x86_64-linux-gnu/libpixman-1.so.0.26.0
7ffeb3e2e000-7ffeb402e000 ---p 00080000 08:01 532210                     /usr/lib/x86_64-linux-gnu/libpixman-1.so.0.26.0
7ffeb402e000-7ffeb4034000 rw-p 00080000 08:01 532210                     /usr/lib/x86_64-linux-gnu/libpixman-1.so.0.26.0
7ffeb4034000-7ffeb405b000 r-xp 00000000 08:01 534026                     /lib/x86_64-linux-gnu/libexpat.so.1.6.0
7ffeb405b000-7ffeb425b000 ---p 00027000 08:01 534026                     /lib/x86_64-linux-gnu/libexpat.so.1.6.0
7ffeb425b000-7ffeb425d000 r--p 00027000 08:01 534026                     /lib/x86_64-linux-gnu/libexpat.so.1.6.0
7ffeb425d000-7ffeb425e000 rw-p 00029000 08:01 534026                     /lib/x86_64-linux-gnu/libexpat.so.1.6.0
7ffeb425e000-7ffeb4271000 r-xp 00000000 08:01 527627                     /lib/x86_64-linux-gnu/libresolv-2.13.so
7ffeb4271000-7ffeb4470000 ---p 00013000 08:01 527627                     /lib/x86_64-linux-gnu/libresolv-2.13.so
7ffeb4470000-7ffeb4471000 r--p 00012000 08:01 527627                     /lib/x86_64-linux-gnu/libresolv-2.13.so
7ffeb4471000-7ffeb4472000 rw-p 00013000 08:01 527627                     /lib/x86_64-linux-gnu/libresolv-2.13.so
7ffeb4472000-7ffeb4474000 rw-p 00000000 00:00 0 
7ffeb4474000-7ffeb4492000 r-xp 00000000 08:01 525492                     /lib/x86_64-linux-gnu/libselinux.so.1
7ffeb4492000-7ffeb4691000 ---p 0001e000 08:01 525492                     /lib/x86_64-linux-gnu/libselinux.so.1
7ffeb4691000-7ffeb4692000 r--p 0001d000 08:01 525492                     /lib/x86_64-linux-gnu/libselinux.so.1
7ffeb4692000-7ffeb4693000 rw-p 0001e000 08:01 525492                     /lib/x86_64-linux-gnu/libselinux.so.1
7ffeb4693000-7ffeb4694000 rw-p 00000000 00:00 0 
7ffeb4694000-7ffeb46ba000 r-xp 00000000 08:01 532840                     /lib/x86_64-linux-gnu/libpng12.so.0.49.0
7ffeb46ba000-7ffeb48b9000 ---p 00026000 08:01 532840                     /lib/x86_64-linux-gnu/libpng12.so.0.49.0
7ffeb48b9000-7ffeb48ba000 r--p 00025000 08:01 532840                     /lib/x86_64-linux-gnu/libpng12.so.0.49.0
7ffeb48ba000-7ffeb48bb000 rw-p 00026000 08:01 532840                     /lib/x86_64-linux-gnu/libpng12.so.0.49.0
7ffeb48bb000-7ffeb4954000 r-xp 00000000 08:01 530190                     /usr/lib/x86_64-linux-gnu/libfreetype.so.6.8.1
7ffeb4954000-7ffeb4b53000 ---p 00099000 08:01 530190                     /usr/lib/x86_64-linux-gnu/libfreetype.so.6.8.1
7ffeb4b53000-7ffeb4b59000 r--p 00098000 08:01 530190                     /usr/lib/x86_64-linux-gnu/libfreetype.so.6.8.1
7ffeb4b59000-7ffeb4b5a000 rw-p 0009e000 08:01 530190                     /usr/lib/x86_64-linux-gnu/libfreetype.so.6.8.1
7ffeb4b5a000-7ffeb4b84000 r-xp 00000000 08:01 533536                     /usr/lib/x86_64-linux-gnu/libpangoft2-1.0.so.0.3000.0
7ffeb4b84000-7ffeb4d83000 ---p 0002a000 08:01 533536                     /usr/lib/x86_64-linux-gnu/libpangoft2-1.0.so.0.3000.0
7ffeb4d83000-7ffeb4d84000 r--p 00029000 08:01 533536                     /usr/lib/x86_64-linux-gnu/libpangoft2-1.0.so.0.3000.0
7ffeb4d84000-7ffeb4d85000 rw-p 0002a000 08:01 533536                     /usr/lib/x86_64-linux-gnu/libpangoft2-1.0.so.0.3000.0
7ffeb4d85000-7ffeb4d88000 r-xp 00000000 08:01 525683                     /usr/lib/x86_64-linux-gnu/libgmodule-2.0.so.0.3200.4
7ffeb4d88000-7ffeb4f87000 ---p 00003000 08:01 525683                     /usr/lib/x86_64-linux-gnu/libgmodule-2.0.so.0.3200.4
7ffeb4f87000-7ffeb4f88000 r--p 00002000 08:01 525683                     /usr/lib/x86_64-linux-gnu/libgmodule-2.0.so.0.3200.4
7ffeb4f88000-7ffeb4f89000 rw-p 00003000 08:01 525683                     /usr/lib/x86_64-linux-gnu/libgmodule-2.0.so.0.3200.4
7ffeb4f89000-7ffeb50be000 r-xp 00000000 08:01 527178                     /usr/lib/x86_64-linux-gnu/libX11.so.6.3.0
7ffeb50be000-7ffeb52be000 ---p 00135000 08:01 527178                     /usr/lib/x86_64-linux-gnu/libX11.so.6.3.0
7ffeb52be000-7ffeb52c4000 rw-p 00135000 08:01 527178                     /usr/lib/x86_64-linux-gnu/libX11.so.6.3.0
7ffeb52c4000-7ffeb53b8000 r-xp 00000000 08:01 526369                     /usr/lib/x86_64-linux-gnu/libcairo.so.2.11200.2
7ffeb53b8000-7ffeb55b7000 ---p 000f4000 08:01 526369                     /usr/lib/x86_64-linux-gnu/libcairo.so.2.11200.2
7ffeb55b7000-7ffeb55ba000 r--p 000f3000 08:01 526369                     /usr/lib/x86_64-linux-gnu/libcairo.so.2.11200.2
7ffeb55ba000-7ffeb55bb000 rw-p 000f6000 08:01 526369                     /usr/lib/x86_64-linux-gnu/libcairo.so.2.11200.2
7ffeb55bb000-7ffeb55bd000 rw-p 00000000 00:00 0 
7ffeb55bd000-7ffeb55c2000 r-xp 00000000 08:01 527183                     /usr/lib/x86_64-linux-gnu/libXfixes.so.3.1.0
7ffeb55c2000-7ffeb57c1000 ---p 00005000 08:01 527183                     /usr/lib/x86_64-linux-gnu/libXfixes.so.3.1.0
7ffeb57c1000-7ffeb57c2000 r--p 00004000 08:01 527183                     /usr/lib/x86_64-linux-gnu/libXfixes.so.3.1.0
7ffeb57c2000-7ffeb57c3000 rw-p 00005000 08:01 527183                     /usr/lib/x86_64-linux-gnu/libXfixes.so.3.1.0
7ffeb57c3000-7ffeb57c5000 r-xp 00000000 08:01 533548                     /usr/lib/x86_64-linux-gnu/libXdamage.so.1.1.0
7ffeb57c5000-7ffeb59c4000 ---p 00002000 08:01 533548                     /usr/lib/x86_64-linux-gnu/libXdamage.so.1.1.0
7ffeb59c4000-7ffeb59c5000 rw-p 00001000 08:01 533548                     /usr/lib/x86_64-linux-gnu/libXdamage.so.1.1.0
7ffeb59c5000-7ffeb59c7000 r-xp 00000000 08:01 533542                     /usr/lib/x86_64-linux-gnu/libXcomposite.so.1.0.0
7ffeb59c7000-7ffeb5bc6000 ---p 00002000 08:01 533542                     /usr/lib/x86_64-linux-gnu/libXcomposite.so.1.0.0
7ffeb5bc6000-7ffeb5bc7000 rw-p 00001000 08:01 533542                     /usr/lib/x86_64-linux-gnu/libXcomposite.so.1.0.0
7ffeb5bc7000-7ffeb5bd1000 r-xp 00000000 08:01 528972                     /usr/lib/x86_64-linux-gnu/libXcursor.so.1.0.2
7ffeb5bd1000-7ffeb5dd0000 ---p 0000a000 08:01 528972                     /usr/lib/x86_64-linux-gnu/libXcursor.so.1.0.2
7ffeb5dd0000-7ffeb5dd1000 rw-p 00009000 08:01 528972                     /usr/lib/x86_64-linux-gnu/libXcursor.so.1.0.2
7ffeb5dd1000-7ffeb5dd8000 r-xp 00000000 08:01 531709                     /usr/lib/x86_64-linux-gnu/libXrandr.so.2.2.0
7ffeb5dd8000-7ffeb5fd8000 ---p 00007000 08:01 531709                     /usr/lib/x86_64-linux-gnu/libXrandr.so.2.2.0
7ffeb5fd8000-7ffeb5fd9000 rw-p 00007000 08:01 531709                     /usr/lib/x86_64-linux-gnu/libXrandr.so.2.2.0
7ffeb5fd9000-7ffeb5fe7000 r-xp 00000000 08:01 544825                     /usr/lib/x86_64-linux-gnu/libXi.so.6.1.0
7ffeb5fe7000-7ffeb61e7000 ---p 0000e000 08:01 544825                     /usr/lib/x86_64-linux-gnu/libXi.so.6.1.0
7ffeb61e7000-7ffeb61e8000 rw-p 0000e000 08:01 544825                     /usr/lib/x86_64-linux-gnu/libXi.so.6.1.0
7ffeb61e8000-7ffeb61ea000 r-xp 00000000 08:01 529535                     /usr/lib/x86_64-linux-gnu/libXinerama.so.1.0.0
7ffeb61ea000-7ffeb63e9000 ---p 00002000 08:01 529535                     /usr/lib/x86_64-linux-gnu/libXinerama.so.1.0.0
7ffeb63e9000-7ffeb63ea000 rw-p 00001000 08:01 529535                     /usr/lib/x86_64-linux-gnu/libXinerama.so.1.0.0
7ffeb63ea000-7ffeb63f3000 r-xp 00000000 08:01 531704                     /usr/lib/x86_64-linux-gnu/libXrender.so.1.3.0
7ffeb63f3000-7ffeb65f2000 ---p 00009000 08:01 531704                     /usr/lib/x86_64-linux-gnu/libXrender.so.1.3.0
7ffeb65f2000-7ffeb65f3000 rw-p 00008000 08:01 531704                     /usr/lib/x86_64-linux-gnu/libXrender.so.1.3.0
7ffeb65f3000-7ffeb6604000 r-xp 00000000 08:01 528952                     /usr/lib/x86_64-linux-gnu/libXext.so.6.4.0
7ffeb6604000-7ffeb6804000 ---p 00011000 08:01 528952                     /usr/lib/x86_64-linux-gnu/libXext.so.6.4.0
7ffeb6804000-7ffeb6805000 rw-p 00011000 08:01 528952                     /usr/lib/x86_64-linux-gnu/libXext.so.6.4.0
7ffeb6805000-7ffeb683a000 r-xp 00000000 08:01 526339                     /usr/lib/x86_64-linux-gnu/libfontconfig.so.1.5.0
7ffeb683a000-7ffeb6a3a000 ---p 00035000 08:01 526339                     /usr/lib/x86_64-linux-gnu/libfontconfig.so.1.5.0
7ffeb6a3a000-7ffeb6a3b000 r--p 00035000 08:01 526339                     /usr/lib/x86_64-linux-gnu/libfontconfig.so.1.5.0
7ffeb6a3b000-7ffeb6a3c000 rw-p 00036000 08:01 526339                     /usr/lib/x86_64-linux-gnu/libfontconfig.so.1.5.0
7ffeb6a3c000-7ffeb6b88000 r-xp 00000000 08:01 525684                     /usr/lib/x86_64-linux-gnu/libgio-2.0.so.0.3200.4
7ffeb6b88000-7ffeb6d87000 ---p 0014c000 08:01 525684                     /usr/lib/x86_64-linux-gnu/libgio-2.0.so.0.3200.4
7ffeb6d87000-7ffeb6d8b000 r--p 0014b000 08:01 525684                     /usr/lib/x86_64-linux-gnu/libgio-2.0.so.0.3200.4
7ffeb6d8b000-7ffeb6d8d000 rw-p 0014f000 08:01 525684                     /usr/lib/x86_64-linux-gnu/libgio-2.0.so.0.3200.4
7ffeb6d8d000-7ffeb6d8f000 rw-p 00000000 00:00 0 
7ffeb6d8f000-7ffeb6dae000 r-xp 00000000 08:01 533486                     /usr/lib/x86_64-linux-gnu/libgdk_pixbuf-2.0.so.0.2600.1
7ffeb6dae000-7ffeb6fad000 ---p 0001f000 08:01 533486                     /usr/lib/x86_64-linux-gnu/libgdk_pixbuf-2.0.so.0.2600.1
7ffeb6fad000-7ffeb6fae000 r--p 0001e000 08:01 533486                     /usr/lib/x86_64-linux-gnu/libgdk_pixbuf-2.0.so.0.2600.1
7ffeb6fae000-7ffeb6faf000 rw-p 0001f000 08:01 533486                     /usr/lib/x86_64-linux-gnu/libgdk_pixbuf-2.0.so.0.2600.1
7ffeb6faf000-7ffeb6ff9000 r-xp 00000000 08:01 533516                     /usr/lib/x86_64-linux-gnu/libpango-1.0.so.0.3000.0
7ffeb6ff9000-7ffeb71f9000 ---p 0004a000 08:01 533516                     /usr/lib/x86_64-linux-gnu/libpango-1.0.so.0.3000.0
7ffeb71f9000-7ffeb71fb000 r--p 0004a000 08:01 533516                     /usr/lib/x86_64-linux-gnu/libpango-1.0.so.0.3000.0
7ffeb71fb000-7ffeb71fc000 rw-p 0004c000 08:01 533516                     /usr/lib/x86_64-linux-gnu/libpango-1.0.so.0.3000.0
7ffeb71fc000-7ffeb7208000 r-xp 00000000 08:01 533533                     /usr/lib/x86_64-linux-gnu/libpangocairo-1.0.so.0.3000.0
7ffeb7208000-7ffeb7407000 ---p 0000c000 08:01 533533                     /usr/lib/x86_64-linux-gnu/libpangocairo-1.0.so.0.3000.0
7ffeb7407000-7ffeb7408000 r--p 0000b000 08:01 533533                     /usr/lib/x86_64-linux-gnu/libpangocairo-1.0.so.0.3000.0
7ffeb7408000-7ffeb7409000 rw-p 0000c000 08:01 533533                     /usr/lib/x86_64-linux-gnu/libpangocairo-1.0.so.0.3000.0
7ffeb7409000-7ffeb74b8000 r-xp 00000000 08:01 540971                     /usr/lib/x86_64-linux-gnu/libgdk-x11-2.0.so.0.2400.10
7ffeb74b8000-7ffeb76b7000 ---p 000af000 08:01 540971                     /usr/lib/x86_64-linux-gnu/libgdk-x11-2.0.so.0.2400.10
7ffeb76b7000-7ffeb76bc000 rw-p 000ae000 08:01 540971                     /usr/lib/x86_64-linux-gnu/libgdk-x11-2.0.so.0.2400.10
7ffeb76bc000-7ffeb76f8000 r-xp 00000000 08:01 526294                     /lib/x86_64-linux-gnu/libpcre.so.3.13.1
7ffeb76f8000-7ffeb78f8000 ---p 0003c000 08:01 526294                     /lib/x86_64-linux-gnu/libpcre.so.3.13.1
7ffeb78f8000-7ffeb78f9000 rw-p 0003c000 08:01 526294                     /lib/x86_64-linux-gnu/libpcre.so.3.13.1
7ffeb78f9000-7ffeb7905000 r-xp 00000000 08:01 525314                     /usr/lib/x86_64-linux-gnu/libffi.so.5.0.10
7ffeb7905000-7ffeb7b05000 ---p 0000c000 08:01 525314                     /usr/lib/x86_64-linux-gnu/libffi.so.5.0.10
7ffeb7b05000-7ffeb7b06000 rw-p 0000c000 08:01 525314                     /usr/lib/x86_64-linux-gnu/libffi.so.5.0.10
7ffeb7b06000-7ffeb7b07000 r-xp 00000000 08:01 525682                     /usr/lib/x86_64-linux-gnu/libgthread-2.0.so.0.3200.4
7ffeb7b07000-7ffeb7d06000 ---p 00001000 08:01 525682                     /usr/lib/x86_64-linux-gnu/libgthread-2.0.so.0.3200.4
7ffeb7d06000-7ffeb7d07000 r--p 00000000 08:01 525682                     /usr/lib/x86_64-linux-gnu/libgthread-2.0.so.0.3200.4
7ffeb7d07000-7ffeb7d08000 rw-p 00001000 08:01 525682                     /usr/lib/x86_64-linux-gnu/libgthread-2.0.so.0.3200.4
7ffeb7d08000-7ffeb7dfd000 r-xp 00000000 08:01 525680                     /lib/x86_64-linux-gnu/libglib-2.0.so.0.3200.4
7ffeb7dfd000-7ffeb7ffd000 ---p 000f5000 08:01 525680                     /lib/x86_64-linux-gnu/libglib-2.0.so.0.3200.4
7ffeb7ffd000-7ffeb7ffe000 r--p 000f5000 08:01 525680                     /lib/x86_64-linux-gnu/libglib-2.0.so.0.3200.4
7ffeb7ffe000-7ffeb7fff000 rw-p 000f6000 08:01 525680                     /lib/x86_64-linux-gnu/libglib-2.0.so.0.3200.4
7ffeb7fff000-7ffeb8000000 rw-p 00000000 00:00 0 
7ffeb8000000-7ffebac21000 rw-p 00000000 00:00 0 
7ffebac21000-7ffebc000000 ---p 00000000 00:00 0 
7ffebc000000-7ffebc002000 r--s 00000000 08:01 269516                     /var/cache/fontconfig/c19b55eb3b4c5b40ea175e31682068a5-le64.cache-3
7ffebc002000-7ffebc017000 r--s 0025f000 08:06 1048923                    /home/hoferr/omnetpp-4.3.1/ide/plugins/org.eclipse.swt.gtk.linux.x86_64_3.8.1.v3836b.jar
7ffebc017000-7ffebc018000 r--s 00004000 08:06 1048830                    /home/hoferr/omnetpp-4.3.1/ide/plugins/org.eclipse.swt_3.8.1.v3836b.jar
7ffebc018000-7ffebc02d000 r--s 000f6000 08:06 1046984                    /home/hoferr/omnetpp-4.3.1/ide/plugins/org.eclipse.jface_3.8.0.v20120912-135020.jar
7ffebc02d000-7ffebc02e000 r--s 00002000 08:06 1180633                    /home/hoferr/omnetpp-4.3.1/ide/plugins/org.eclipse.ui.workbench.compatibility_3.2.101.v20120912-155656/compatibility.jar
7ffebc02e000-7ffebc031000 r--s 0000e000 08:06 1046992                    /home/hoferr/omnetpp-4.3.1/ide/plugins/org.eclipse.ui.ide.application_1.0.400.v20120523-1956.jar
7ffebc031000-7ffebc035000 r--s 00027000 08:06 1048835                    /home/hoferr/omnetpp-4.3.1/ide/plugins/org.eclipse.emf.edit.ui_2.8.0.v20130125-0826.jar
7ffebc035000-7ffebc03a000 r--s 00045000 08:06 1049079                    /home/hoferr/omnetpp-4.3.1/ide/plugins/org.eclipse.ui.forms_3.5.200.v20120521-2332.jar
7ffebc03a000-7ffebc03c000 r--s 00017000 08:06 1048932                    /home/hoferr/omnetpp-4.3.1/ide/plugins/org.eclipse.update.configurator_3.3.200.v20120912-142556.jar
7ffebc03c000-7ffebc03e000 r--s 00015000 08:06 1049032                    /home/hoferr/omnetpp-4.3.1/ide/plugins/org.eclipse.core.runtime.compatibility_3.2.200.v20120521-2346.jar
7ffebc03e000-7ffebc041000 r--s 00013000 08:06 1049053                    /home/hoferr/omnetpp-4.3.1/ide/plugins/org.eclipse.equinox.app_1.3.100.v20120522-1841.jar
7ffebc041000-7ffebc043000 r--s 00015000 08:06 1049096                    /home/hoferr/omnetpp-4.3.1/ide/plugins/org.eclipse.core.jobs_3.5.200.v20120521-2346.jar
7ffebc043000-7ffebc046000 r--s 0001c000 08:06 1049017                    /home/hoferr/omnetpp-4.3.1/ide/plugins/org.eclipse.equinox.preferences_3.5.1.v20121031-182809.jar
7ffebc046000-7ffebc048000 r--s 00015000 08:06 1048877                    /home/hoferr/omnetpp-4.3.1/ide/plugins/org.eclipse.core.contenttype_3.4.200.v20120523-2004.jar
7ffebc048000-7ffebc04a000 r--s 00002000 08:06 1180642                    /home/hoferr/omnetpp-4.3.1/ide/plugins/org.eclipse.core.runtime.compatibility.registry_3.5.100.v20120521-2346/runtime_registry_compatibility.jar
7ffebc04a000-7ffebc04d000 r--s 0002a000 08:06 1048950                    /home/hoferr/omnetpp-4.3.1/ide/plugins/org.eclipse.equinox.registry_3.5.200.v20120522-1841.jar
7ffebc04d000-7ffebc0ad000 rw-s 00000000 00:04 819206                     /SYSV00000000 (deleted)
7ffebc0ad000-7ffebc125000 rw-p 00000000 00:00 0 
7ffebc125000-7ffebc173000 r-xp 00000000 08:01 525681                     /usr/lib/x86_64-linux-gnu/libgobject-2.0.so.0.3200.4
7ffebc173000-7ffebc373000 ---p 0004e000 08:01 525681                     /usr/lib/x86_64-linux-gnu/libgobject-2.0.so.0.3200.4
7ffebc373000-7ffebc374000 r--p 0004e000 08:01 525681                     /usr/lib/x86_64-linux-gnu/libgobject-2.0.so.0.3200.4
7ffebc374000-7ffebc375000 rw-p 0004f000 08:01 525681                     /usr/lib/x86_64-linux-gnu/libgobject-2.0.so.0.3200.4
7ffebc375000-7ffebc394000 r--s 00000000 08:01 791162                     /usr/share/mime/mime.cache
7ffebc394000-7ffebc3a3000 r-xp 00000000 08:06 1180622                    /home/hoferr/omnetpp-4.3.1/ide/plugins/org.eclipse.equinox.launcher.gtk.linux.x86_64_1.1.200.v20120913-144807/eclipse_1502.so
7ffebc3a3000-7ffebc4a3000 ---p 0000f000 08:06 1180622                    /home/hoferr/omnetpp-4.3.1/ide/plugins/org.eclipse.equinox.launcher.gtk.linux.x86_64_1.1.200.v20120913-144807/eclipse_1502.so
7ffebc4a3000-7ffebc4a4000 rw-p 0000f000 08:06 1180622                    /home/hoferr/omnetpp-4.3.1/ide/plugins/org.eclipse.equinox.launcher.gtk.linux.x86_64_1.1.200.v20120913-144807/eclipse_1502.so
7ffebc4a4000-7ffebc4a5000 rw-p 00000000 00:00 0 
7ffebc4a5000-7ffebc4a8000 r--s 0007f000 08:01 407368                     /usr/lib/jvm/java-6-openjdk-common/jre/lib/jsse.jar
7ffebc4a8000-7ffebc4a9000 r--s 00007000 08:01 660078                     /usr/share/java/java-atk-wrapper.jar
7ffebc4a9000-7ffebc4ac000 r--s 00031000 08:01 407003                     /usr/lib/jvm/java-6-openjdk-common/jre/lib/ext/sunjce_provider.jar
7ffebc4ac000-7ffebc4af000 r--s 00077000 08:01 405225                     /usr/lib/jvm/java-6-openjdk-common/jre/lib/ext/localedata.jar
7ffebc4af000-7ffebc4b1000 r--s 00001000 08:01 407360                     /usr/lib/jvm/java-6-openjdk-common/jre/lib/ext/dnsns.jar
7ffebc4b1000-7ffebc4b3000 r--s 0000f000 08:01 405222                     /usr/lib/jvm/java-6-openjdk-common/jre/lib/ext/pulse-java.jar
7ffebc4b3000-7ffebc4b7000 r--s 00039000 08:01 405219                     /usr/lib/jvm/java-6-openjdk-common/jre/lib/ext/sunpkcs11.jar
7ffebc4b7000-7ffebc4b9000 r--s 0000b000 08:06 1048866                    /home/hoferr/omnetpp-4.3.1/ide/plugins/org.eclipse.equinox.launcher_1.3.0.v20120522-1813.jar
7ffebc4b9000-7ffebc4ba000 ---p 00000000 00:00 0 
7ffebc4ba000-7ffebc5ba000 rw-p 00000000 00:00 0 
7ffebc5ba000-7ffebc5bd000 ---p 00000000 00:00 0 
7ffebc5bd000-7ffebc6bb000 rw-p 00000000 00:00 0 
7ffebc6bb000-7ffebc6be000 ---p 00000000 00:00 0 
7ffebc6be000-7ffebc7bc000 rw-p 00000000 00:00 0 
7ffebc7bc000-7ffebc7bf000 ---p 00000000 00:00 0 
7ffebc7bf000-7ffebc8bd000 rw-p 00000000 00:00 0 
7ffebc8bd000-7ffebc8c0000 ---p 00000000 00:00 0 
7ffebc8c0000-7ffebc9be000 rw-p 00000000 00:00 0 
7ffebc9be000-7ffebcb76000 r--p 00000000 08:01 396857                     /usr/lib/locale/locale-archive
7ffebcb76000-7ffebcb79000 ---p 00000000 00:00 0 
7ffebcb79000-7ffebcc77000 rw-p 00000000 00:00 0 
7ffebcc77000-7ffebcc7a000 ---p 00000000 00:00 0 
7ffebcc7a000-7ffebcd78000 rw-p 00000000 00:00 0 
7ffebcd78000-7ffebcd79000 ---p 00000000 00:00 0 
7ffebcd79000-7ffebd3b1000 rw-p 00000000 00:00 0 
7ffebd3b1000-7ffebd545000 r--s 03807000 08:01 560383                     /usr/lib/jvm/java-6-openjdk-amd64/jre/lib/rt.jar
7ffebd545000-7ffebd56d000 rw-p 00000000 00:00 0 
7ffebd56d000-7ffebd56e000 ---p 00000000 00:00 0 
7ffebd56e000-7ffebd66e000 rw-p 00000000 00:00 0 
7ffebd66e000-7ffebd66f000 ---p 00000000 00:00 0 
7ffebd66f000-7ffebd76f000 rw-p 00000000 00:00 0 
7ffebd76f000-7ffebd770000 ---p 00000000 00:00 0 
7ffebd770000-7ffebd870000 rw-p 00000000 00:00 0 
7ffebd870000-7ffebd871000 ---p 00000000 00:00 0 
7ffebd871000-7ffebd992000 rw-p 00000000 00:00 0 
7ffebd992000-7ffebda11000 rw-p 00000000 00:00 0 
7ffebda11000-7ffebda67000 rw-p 00000000 00:00 0 
7ffebda67000-7ffebdb67000 rw-p 00000000 00:00 0 
7ffebdb67000-7ffebdb88000 rw-p 00000000 00:00 0 
7ffebdb88000-7ffebdc07000 rw-p 00000000 00:00 0 
7ffebdc07000-7ffebdc5d000 rw-p 00000000 00:00 0 
7ffebdc5d000-7ffebdd5c000 rw-p 00000000 00:00 0 
7ffebdd5c000-7ffebddf8000 rw-p 00000000 00:00 0 
7ffebddf8000-7ffebddfa000 ---p 00000000 00:00 0 
7ffebddfa000-7ffebde07000 rw-p 00000000 00:00 0 
7ffebde07000-7ffebde08000 rw-p 00000000 00:00 0 
7ffebde08000-7ffebe1e8000 rwxp 00000000 00:00 0 
7ffebe1e8000-7ffec0e08000 rw-p 00000000 00:00 0 
7ffec0e08000-7ffec0e0f000 r-xp 00000000 08:01 560378                     /usr/lib/jvm/java-6-openjdk-amd64/jre/lib/amd64/libzip.so
7ffec0e0f000-7ffec100e000 ---p 00007000 08:01 560378                     /usr/lib/jvm/java-6-openjdk-amd64/jre/lib/amd64/libzip.so
7ffec100e000-7ffec100f000 rw-p 00006000 08:01 560378                     /usr/lib/jvm/java-6-openjdk-amd64/jre/lib/amd64/libzip.so
7ffec100f000-7ffec101a000 r-xp 00000000 08:01 536108                     /lib/x86_64-linux-gnu/libnss_files-2.13.so
7ffec101a000-7ffec1219000 ---p 0000b000 08:01 536108                     /lib/x86_64-linux-gnu/libnss_files-2.13.so
7ffec1219000-7ffec121a000 r--p 0000a000 08:01 536108                     /lib/x86_64-linux-gnu/libnss_files-2.13.so
7ffec121a000-7ffec121b000 rw-p 0000b000 08:01 536108                     /lib/x86_64-linux-gnu/libnss_files-2.13.so
7ffec121b000-7ffec1225000 r-xp 00000000 08:01 530955                     /lib/x86_64-linux-gnu/libnss_nis-2.13.so
7ffec1225000-7ffec1424000 ---p 0000a000 08:01 530955                     /lib/x86_64-linux-gnu/libnss_nis-2.13.so
7ffec1424000-7ffec1425000 r--p 00009000 08:01 530955                     /lib/x86_64-linux-gnu/libnss_nis-2.13.so
7ffec1425000-7ffec1426000 rw-p 0000a000 08:01 530955                     /lib/x86_64-linux-gnu/libnss_nis-2.13.so
7ffec1426000-7ffec142d000 r-xp 00000000 08:01 527632                     /lib/x86_64-linux-gnu/libnss_compat-2.13.so
7ffec142d000-7ffec162c000 ---p 00007000 08:01 527632                     /lib/x86_64-linux-gnu/libnss_compat-2.13.so
7ffec162c000-7ffec162d000 r--p 00006000 08:01 527632                     /lib/x86_64-linux-gnu/libnss_compat-2.13.so
7ffec162d000-7ffec162e000 rw-p 00007000 08:01 527632                     /lib/x86_64-linux-gnu/libnss_compat-2.13.so
7ffec162e000-7ffec1643000 r-xp 00000000 08:01 527637                     /lib/x86_64-linux-gnu/libnsl-2.13.so
7ffec1643000-7ffec1842000 ---p 00015000 08:01 527637                     /lib/x86_64-linux-gnu/libnsl-2.13.so
7ffec1842000-7ffec1843000 r--p 00014000 08:01 527637                     /lib/x86_64-linux-gnu/libnsl-2.13.so
7ffec1843000-7ffec1844000 rw-p 00015000 08:01 527637                     /lib/x86_64-linux-gnu/libnsl-2.13.so
7ffec1844000-7ffec1846000 rw-p 00000000 00:00 0 
7ffec1846000-7ffec1874000 r-xp 00000000 08:01 534135                     /usr/lib/jvm/java-6-openjdk-amd64/jre/lib/amd64/libjava.so
7ffec1874000-7ffec1a73000 ---p 0002e000 08:01 534135                     /usr/lib/jvm/java-6-openjdk-amd64/jre/lib/amd64/libjava.so
7ffec1a73000-7ffec1a77000 rw-p 0002d000 08:01 534135                     /usr/lib/jvm/java-6-openjdk-amd64/jre/lib/amd64/libjava.so
7ffec1a77000-7ffec1a86000 r-xp 00000000 08:01 527285                     /usr/lib/jvm/java-6-openjdk-amd64/jre/lib/amd64/libverify.so
7ffec1a86000-7ffec1c85000 ---p 0000f000 08:01 527285                     /usr/lib/jvm/java-6-openjdk-amd64/jre/lib/amd64/libverify.so
7ffec1c85000-7ffec1c87000 rw-p 0000e000 08:01 527285                     /usr/lib/jvm/java-6-openjdk-amd64/jre/lib/amd64/libverify.so
7ffec1c87000-7ffec1c8e000 r-xp 00000000 08:01 536117                     /lib/x86_64-linux-gnu/librt-2.13.so
7ffec1c8e000-7ffec1e8d000 ---p 00007000 08:01 536117                     /lib/x86_64-linux-gnu/librt-2.13.so
7ffec1e8d000-7ffec1e8e000 r--p 00006000 08:01 536117                     /lib/x86_64-linux-gnu/librt-2.13.so
7ffec1e8e000-7ffec1e8f000 rw-p 00007000 08:01 536117                     /lib/x86_64-linux-gnu/librt-2.13.so
7ffec1e8f000-7ffec1ea4000 r-xp 00000000 08:01 525616                     /lib/x86_64-linux-gnu/libgcc_s.so.1
7ffec1ea4000-7ffec20a4000 ---p 00015000 08:01 525616                     /lib/x86_64-linux-gnu/libgcc_s.so.1
7ffec20a4000-7ffec20a5000 rw-p 00015000 08:01 525616                     /lib/x86_64-linux-gnu/libgcc_s.so.1
7ffec20a5000-7ffec2126000 r-xp 00000000 08:01 527634                     /lib/x86_64-linux-gnu/libm-2.13.so
7ffec2126000-7ffec2325000 ---p 00081000 08:01 527634                     /lib/x86_64-linux-gnu/libm-2.13.so
7ffec2325000-7ffec2326000 r--p 00080000 08:01 527634                     /lib/x86_64-linux-gnu/libm-2.13.so
7ffec2326000-7ffec2327000 rw-p 00081000 08:01 527634                     /lib/x86_64-linux-gnu/libm-2.13.so
7ffec2327000-7ffec240f000 r-xp 00000000 08:01 525432                     /usr/lib/x86_64-linux-gnu/libstdc++.so.6.0.17
7ffec240f000-7ffec260f000 ---p 000e8000 08:01 525432                     /usr/lib/x86_64-linux-gnu/libstdc++.so.6.0.17
7ffec260f000-7ffec2617000 r--p 000e8000 08:01 525432                     /usr/lib/x86_64-linux-gnu/libstdc++.so.6.0.17
7ffec2617000-7ffec2619000 rw-p 000f0000 08:01 525432                     /usr/lib/x86_64-linux-gnu/libstdc++.so.6.0.17
7ffec2619000-7ffec262e000 rw-p 00000000 00:00 0 
7ffec262e000-7ffec2f42000 r-xp 00000000 08:01 660194                     /usr/lib/jvm/java-6-openjdk-amd64/jre/lib/amd64/server/libjvm.so
7ffec2f42000-7ffec3141000 ---p 00914000 08:01 660194                     /usr/lib/jvm/java-6-openjdk-amd64/jre/lib/amd64/server/libjvm.so
7ffec3141000-7ffec31dd000 rw-p 00913000 08:01 660194                     /usr/lib/jvm/java-6-openjdk-amd64/jre/lib/amd64/server/libjvm.so
7ffec31dd000-7ffec3206000 rw-p 00000000 00:00 0 
7ffec3206000-7ffec3388000 r-xp 00000000 08:01 527626                     /lib/x86_64-linux-gnu/libc-2.13.so
7ffec3388000-7ffec3587000 ---p 00182000 08:01 527626                     /lib/x86_64-linux-gnu/libc-2.13.so
7ffec3587000-7ffec358b000 r--p 00181000 08:01 527626                     /lib/x86_64-linux-gnu/libc-2.13.so
7ffec358b000-7ffec358c000 rw-p 00185000 08:01 527626                     /lib/x86_64-linux-gnu/libc-2.13.so
7ffec358c000-7ffec3591000 rw-p 00000000 00:00 0 
7ffec3591000-7ffec3593000 r-xp 00000000 08:01 536104                     /lib/x86_64-linux-gnu/libdl-2.13.so
7ffec3593000-7ffec3793000 ---p 00002000 08:01 536104                     /lib/x86_64-linux-gnu/libdl-2.13.so
7ffec3793000-7ffec3794000 r--p 00002000 08:01 536104                     /lib/x86_64-linux-gnu/libdl-2.13.so
7ffec3794000-7ffec3795000 rw-p 00003000 08:01 536104                     /lib/x86_64-linux-gnu/libdl-2.13.so
7ffec3795000-7ffec3799000 r-xp 00000000 08:01 658709                     /usr/lib/jvm/java-6-openjdk-amd64/jre/lib/amd64/jli/libjli.so
7ffec3799000-7ffec3998000 ---p 00004000 08:01 658709                     /usr/lib/jvm/java-6-openjdk-amd64/jre/lib/amd64/jli/libjli.so
7ffec3998000-7ffec3999000 rw-p 00003000 08:01 658709                     /usr/lib/jvm/java-6-openjdk-amd64/jre/lib/amd64/jli/libjli.so
7ffec3999000-7ffec39b0000 r-xp 00000000 08:01 536112                     /lib/x86_64-linux-gnu/libpthread-2.13.so
7ffec39b0000-7ffec3baf000 ---p 00017000 08:01 536112                     /lib/x86_64-linux-gnu/libpthread-2.13.so
7ffec3baf000-7ffec3bb0000 r--p 00016000 08:01 536112                     /lib/x86_64-linux-gnu/libpthread-2.13.so
7ffec3bb0000-7ffec3bb1000 rw-p 00017000 08:01 536112                     /lib/x86_64-linux-gnu/libpthread-2.13.so
7ffec3bb1000-7ffec3bb5000 rw-p 00000000 00:00 0 
7ffec3bb5000-7ffec3bcb000 r-xp 00000000 08:01 527600                     /lib/x86_64-linux-gnu/libz.so.1.2.7
7ffec3bcb000-7ffec3dca000 ---p 00016000 08:01 527600                     /lib/x86_64-linux-gnu/libz.so.1.2.7
7ffec3dca000-7ffec3dcb000 r--p 00015000 08:01 527600                     /lib/x86_64-linux-gnu/libz.so.1.2.7
7ffec3dcb000-7ffec3dcc000 rw-p 00016000 08:01 527600                     /lib/x86_64-linux-gnu/libz.so.1.2.7
7ffec3dcc000-7ffec3dec000 r-xp 00000000 08:01 536121                     /lib/x86_64-linux-gnu/ld-2.13.so
7ffec3dec000-7ffec3ded000 r--s 00002000 08:06 266213                     /home/hoferr/omnetpp-4.3.1/ide/configuration/org.eclipse.osgi/bundles/249/1/.cp/lib/opencsv-2.0.jar
7ffec3ded000-7ffec3def000 r--s 00017000 08:06 1048869                    /home/hoferr/omnetpp-4.3.1/ide/plugins/org.eclipse.ant.core_3.2.401.v20121204-161613.jar
7ffec3def000-7ffec3df0000 r--s 00005000 08:06 1049084                    /home/hoferr/omnetpp-4.3.1/ide/plugins/org.omnetpp.scave.builder_4.3.0.130913-19cda8a.jar
7ffec3df0000-7ffec3e04000 r--s 00142000 08:06 1048913                    /home/hoferr/omnetpp-4.3.1/ide/plugins/org.eclipse.osgi_3.8.2.v20130124-134944.jar
7ffec3e04000-7ffec3e14000 rw-p 00000000 00:00 0 
7ffec3e14000-7ffec3ec4000 rw-p 00000000 00:00 0 
7ffec3ec4000-7ffec3ec7000 ---p 00000000 00:00 0 
7ffec3ec7000-7ffec3fca000 rw-p 00000000 00:00 0 
7ffec3fca000-7ffec3fcc000 r--s 00011000 08:06 1046982                    /home/hoferr/omnetpp-4.3.1/ide/plugins/org.eclipse.core.runtime_3.8.0.v20120521-2346.jar
7ffec3fcc000-7ffec3fcf000 r--s 00011000 08:06 1049067                    /home/hoferr/omnetpp-4.3.1/ide/plugins/org.eclipse.equinox.util_1.0.400.v20120917-192807.jar
7ffec3fcf000-7ffec3fd2000 r--s 0001d000 08:06 1048864                    /home/hoferr/omnetpp-4.3.1/ide/plugins/org.eclipse.emf.common.ui_2.7.0.v20130125-0826.jar
7ffec3fd2000-7ffec3fd5000 r--s 00018000 08:06 1048993                    /home/hoferr/omnetpp-4.3.1/ide/plugins/org.eclipse.equinox.common_3.6.100.v20120522-1841.jar
7ffec3fd5000-7ffec3fdc000 r--s 000fc000 08:01 409150                     /usr/lib/jvm/java-6-openjdk-common/jre/lib/resources.jar
7ffec3fdc000-7ffec3fde000 r--s 00000000 08:06 923240                     /home/hoferr/.local/share/mime/mime.cache
7ffec3fde000-7ffec3fdf000 rw-p 00000000 00:00 0 
7ffec3fdf000-7ffec3fe7000 rw-s 00000000 08:01 133243                     /tmp/hsperfdata_hoferr/8722
7ffec3fe7000-7ffec3fe8000 rw-p 00000000 00:00 0 
7ffec3fe8000-7ffec3fe9000 r--p 00000000 00:00 0 
7ffec3fe9000-7ffec3feb000 rw-p 00000000 00:00 0 
7ffec3feb000-7ffec3fec000 r--p 0001f000 08:01 536121                     /lib/x86_64-linux-gnu/ld-2.13.so
7ffec3fec000-7ffec3fed000 rw-p 00020000 08:01 536121                     /lib/x86_64-linux-gnu/ld-2.13.so
7ffec3fed000-7ffec3fee000 rw-p 00000000 00:00 0 
7fff02490000-7fff024c4000 rw-p 00000000 00:00 0                          [stack]
7fff02580000-7fff02581000 r-xp 00000000 00:00 0                          [vdso]
ffffffffff600000-ffffffffff601000 r-xp 00000000 00:00 0                  [vsyscall]

VM Arguments:
jvm_args: -Xms256m -Xmx1024m -XX:MaxPermSize=320m -Dosgi.instance.area.default=/home/hoferr/omnetpp-4.3.1/bin/../ide/../samples 
java_command: /home/hoferr/omnetpp-4.3.1/ide//plugins/org.eclipse.equinox.launcher_1.3.0.v20120522-1813.jar -os linux -ws gtk -arch x86_64 -showsplash -launcher /home/hoferr/omnetpp-4.3.1/ide/omnetpp -name OMNeT++ IDE --launcher.library /home/hoferr/omnetpp-4.3.1/ide//plugins/org.eclipse.equinox.launcher.gtk.linux.x86_64_1.1.200.v20120913-144807/eclipse_1502.so -startup /home/hoferr/omnetpp-4.3.1/ide//plugins/org.eclipse.equinox.launcher_1.3.0.v20120522-1813.jar --launcher.overrideVmargs -exitdata c0002 -vm /usr/bin/java -vmargs -Xms256m -Xmx1024m -XX:MaxPermSize=320m -Dosgi.instance.area.default=/home/hoferr/omnetpp-4.3.1/bin/../ide/../samples -jar /home/hoferr/omnetpp-4.3.1/ide//plugins/org.eclipse.equinox.launcher_1.3.0.v20120522-1813.jar
Launcher Type: SUN_STANDARD

Environment Variables:
PATH=/home/hoferr/bin:/usr/local/bin:/usr/bin:/bin:/usr/local/games:/usr/games:/home/hoferr/omnetpp-4.3.1/bin
USERNAME=hoferr
LD_LIBRARY_PATH=/usr/lib/jvm/java-6-openjdk-amd64/jre/lib/amd64/server:/usr/lib/jvm/java-6-openjdk-amd64/jre/lib/amd64:/usr/lib/jvm/java-6-openjdk-amd64/jre/../lib/amd64
SHELL=/bin/bash
DISPLAY=:0.0

Signal Handlers:
SIGSEGV: [libjvm.so+0x791b10], sa_mask[0]=0x7ffbfeff, sa_flags=0x10000004
SIGBUS: [libjvm.so+0x791b10], sa_mask[0]=0x7ffbfeff, sa_flags=0x10000004
SIGFPE: [libjvm.so+0x65ace0], sa_mask[0]=0x7ffbfeff, sa_flags=0x10000004
SIGPIPE: SIG_IGN, sa_mask[0]=0x00001000, sa_flags=0x10000000
SIGXFSZ: [libjvm.so+0x65ace0], sa_mask[0]=0x7ffbfeff, sa_flags=0x10000004
SIGILL: [libjvm.so+0x65ace0], sa_mask[0]=0x7ffbfeff, sa_flags=0x10000004
SIGUSR1: SIG_DFL, sa_mask[0]=0x00000000, sa_flags=0x00000000
SIGUSR2: [libjvm.so+0x65aec0], sa_mask[0]=0x00000000, sa_flags=0x10000004
SIGHUP: [libjvm.so+0x65d500], sa_mask[0]=0x7ffbfeff, sa_flags=0x10000004
SIGINT: SIG_IGN, sa_mask[0]=0x00000000, sa_flags=0x00000000
SIGTERM: [libjvm.so+0x65d500], sa_mask[0]=0x7ffbfeff, sa_flags=0x10000004
SIGQUIT: [libjvm.so+0x65d500], sa_mask[0]=0x7ffbfeff, sa_flags=0x10000004


---------------  S Y S T E M  ---------------

OS:7.4

uname:Linux 3.2.0-4-amd64 #1 SMP Debian 3.2.54-2 x86_64
libc:glibc 2.13 NPTL 2.13 
rlimit: STACK 8192k, CORE 0k, NPROC 31499, NOFILE 4096, AS infinity
load average:0.19 0.22 0.15

/proc/meminfo:
MemTotal:        4044888 kB
MemFree:         1187892 kB
Buffers:          210368 kB
Cached:           754256 kB
SwapCached:            0 kB
Active:          1757952 kB
Inactive:         599344 kB
Active(anon):    1393512 kB
Inactive(anon):     5352 kB
Active(file):     364440 kB
Inactive(file):   593992 kB
Unevictable:           0 kB
Mlocked:               0 kB
SwapTotal:       4002812 kB
SwapFree:        4002812 kB
Dirty:                64 kB
Writeback:             0 kB
AnonPages:       1392536 kB
Mapped:           208640 kB
Shmem:              5972 kB
Slab:             429404 kB
SReclaimable:     385828 kB
SUnreclaim:        43576 kB
KernelStack:        3288 kB
PageTables:        20792 kB
NFS_Unstable:          0 kB
Bounce:                0 kB
WritebackTmp:          0 kB
CommitLimit:     6025256 kB
Committed_AS:    2972860 kB
VmallocTotal:   34359738367 kB
VmallocUsed:      316620 kB
VmallocChunk:   34359414268 kB
HardwareCorrupted:     0 kB
AnonHugePages:         0 kB
HugePages_Total:       0
HugePages_Free:        0
HugePages_Rsvd:        0
HugePages_Surp:        0
Hugepagesize:       2048 kB
DirectMap4k:       90112 kB
DirectMap2M:     4087808 kB


CPU:total 4 (2 cores per cpu, 2 threads per core) family 6 model 42 stepping 7, cmov, cx8, fxsr, mmx, sse, sse2, sse3, ssse3, sse4.1, sse4.2, popcnt, ht

Memory: 4k page, physical 4044888k(1187892k free), swap 4002812k(4002812k free)

vm_info: OpenJDK 64-Bit Server VM (20.0-b12) for linux-amd64 JRE (1.6.0_27-b27), built on Jul 12 2013 09:04:12 by "jmm" with gcc 4.7.2

time: Tue Mar  4 19:57:42 2014
elapsed time: 97 seconds

