0.128 : dc.rpl.trickle_i_timeout(info = {'dc' 1000.00 1000.00 '0000' 'AA00' 0 1 0 0}, stats = {0 0 0 2 0 0 1 0 0 0 1 0 0 9 11})
0.128 : node0.rpl.trickle_i_timeout(info = {'node0' 1000.00 1050.00 '0001' 'AA01' 0 1 0 0}, stats = {0 0 0 3 0 0 1 0 0 0 1 0 0 9 11})
0.128 : node1.rpl.trickle_i_timeout(info = {'node1' 1150.00 1000.00 '0002' 'AA02' 0 1 0 0}, stats = {0 0 0 3 0 0 1 0 0 0 1 0 0 9 11})
0.128 : node3.rpl.trickle_i_timeout(info = {'node3' 950.00 1200.00 '0004' 'AA04' 0 1 0 0}, stats = {0 0 0 5 0 0 1 0 0 0 1 0 0 9 11})
0.128 : node4.rpl.trickle_i_timeout(info = {'node4' 1050.00 1200.00 '0005' 'AA05' 0 1 0 0}, stats = {0 0 0 3 0 0 1 0 0 0 1 0 0 9 11})
0.128 : node5.rpl.trickle_i_timeout(info = {'node5' 800.00 1000.00 '0006' 'AA06' 0 1 0 0}, stats = {0 0 0 0 0 0 1 0 0 0 1 0 0 9 11})
0.128 : node6.rpl.trickle_i_timeout(info = {'node6' 850.00 1200.00 '0007' 'AA07' 0 1 0 0}, stats = {0 0 0 1 0 0 1 0 0 0 1 0 0 9 11})
0.128 : node7.rpl.trickle_i_timeout(info = {'node7' 1300.00 1000.00 '0008' 'AA08' 0 1 0 0}, stats = {0 0 0 1 0 0 1 0 0 0 1 0 0 9 11})
0.128 : node8.rpl.trickle_i_timeout(info = {'node8' 950.00 1300.00 '0009' 'AA09' 0 1 0 0}, stats = {0 0 0 3 0 0 1 0 0 0 1 0 0 9 11})
0.128 : node9.rpl.trickle_i_timeout(info = {'node9' 1050.00 1300.00 '000a' 'AA0a' 0 1 0 0}, stats = {0 0 0 2 0 0 1 0 0 0 1 0 0 9 11})
0.228 : node2.rpl.trickle_i_timeout(info = {'node2' 900.00 1000.00 '0003' 'AA03' 0 5 1 0}, stats = {0 0 0 3 0 0 1 0 0 0 1 0 0 7 11})
0.328 : node5.rpl.trickle_i_timeout(info = {'node5' 800.00 1000.00 '0006' 'AA06' 0 9 1 0}, stats = {0 0 0 1 0 0 2 0 0 0 2 0 0 6 11})
0.384 : dc.rpl.trickle_i_timeout(info = {'dc' 1000.00 1000.00 '0000' 'AA00' 0 1 0 0}, stats = {0 0 0 4 0 0 2 0 0 0 2 0 0 6 11})
0.384 : node3.rpl.trickle_i_timeout(info = {'node3' 950.00 1200.00 '0004' 'AA04' 0 1 0 0}, stats = {0 0 0 8 0 0 2 0 0 0 2 0 0 6 11})
0.384 : node4.rpl.trickle_i_timeout(info = {'node4' 1050.00 1200.00 '0005' 'AA05' 0 1 0 0}, stats = {0 0 0 7 0 0 2 0 0 0 2 0 0 6 11})
0.384 : node6.rpl.trickle_i_timeout(info = {'node6' 850.00 1200.00 '0007' 'AA07' 0 1 0 0}, stats = {0 0 0 4 0 0 2 0 0 0 2 0 0 6 11})
0.384 : node7.rpl.trickle_i_timeout(info = {'node7' 1300.00 1000.00 '0008' 'AA08' 0 1 0 0}, stats = {0 0 0 2 0 0 2 0 0 0 2 0 0 6 11})
0.384 : node8.rpl.trickle_i_timeout(info = {'node8' 950.00 1300.00 '0009' 'AA09' 0 1 0 0}, stats = {0 0 0 7 0 0 2 0 0 0 2 0 0 6 11})
0.384 : node9.rpl.trickle_i_timeout(info = {'node9' 1050.00 1300.00 '000a' 'AA0a' 0 1 0 0}, stats = {0 0 0 6 0 0 2 0 0 0 2 0 0 6 11})
0.449 : node0.rpl.trickle_i_timeout(info = {'node0' 1000.00 1050.00 '0001' 'AA01' 0 3 1 0}, stats = {0 0 0 9 0 0 2 0 0 0 2 0 0 4 11})
0.546 : node1.rpl.trickle_i_timeout(info = {'node1' 1150.00 1000.00 '0002' 'AA02' 0 8 2 0}, stats = {0 0 0 6 0 0 3 0 0 0 3 0 0 0 11})
0.546 : node2.rpl.trickle_i_timeout(info = {'node2' 900.00 1000.00 '0003' 'AA03' 0 5 2 0}, stats = {0 0 0 6 0 0 2 0 0 0 2 0 0 0 11})
0.546 : node3.rpl.trickle_i_timeout(info = {'node3' 950.00 1200.00 '0004' 'AA04' 0 10 1 0}, stats = {0 0 0 10 0 0 3 0 0 0 3 0 0 0 11})
0.546 : node4.rpl.trickle_i_timeout(info = {'node4' 1050.00 1200.00 '0005' 'AA05' 0 10 1 0}, stats = {0 0 0 9 0 0 3 0 0 0 3 0 0 0 11})
0.584 : node5.rpl.trickle_i_timeout(info = {'node5' 800.00 1000.00 '0006' 'AA06' 0 9 1 0}, stats = {0 0 0 2 0 0 3 0 0 0 3 0 0 0 11})
0.663 : node7.rpl.trickle_i_timeout(info = {'node7' 1300.00 1000.00 '0008' 'AA08' 0 15 1 0}, stats = {0 0 0 3 0 0 3 0 0 0 3 0 0 0 11})
0.673 : node6.rpl.trickle_i_timeout(info = {'node6' 850.00 1200.00 '0007' 'AA07' 0 14 1 0}, stats = {0 0 0 5 0 0 3 0 0 0 3 0 0 0 11})
0.677 : node8.rpl.trickle_i_timeout(info = {'node8' 950.00 1300.00 '0009' 'AA09' 0 14 2 1}, stats = {0 0 0 11 0 0 3 0 0 0 3 0 0 0 11})
0.677 : node9.rpl.trickle_i_timeout(info = {'node9' 1050.00 1300.00 '000a' 'AA0a' 0 14 2 0}, stats = {0 0 0 8 0 0 3 0 0 0 3 0 0 0 11})
0.705 : node0.rpl.trickle_i_timeout(info = {'node0' 1000.00 1050.00 '0001' 'AA01' 0 3 1 0}, stats = {0 0 0 14 0 0 3 0 0 0 3 0 0 0 11})
0.802 : node1.rpl.trickle_i_timeout(info = {'node1' 1150.00 1000.00 '0002' 'AA02' 0 8 2 0}, stats = {0 0 0 8 0 0 4 0 0 0 4 0 0 0 11})
0.802 : node2.rpl.trickle_i_timeout(info = {'node2' 900.00 1000.00 '0003' 'AA03' 0 5 2 0}, stats = {0 0 0 8 0 0 3 0 0 0 3 0 0 0 11})
0.802 : node3.rpl.trickle_i_timeout(info = {'node3' 950.00 1200.00 '0004' 'AA04' 0 10 1 0}, stats = {0 0 0 16 0 0 4 0 0 0 4 0 0 0 11})
0.802 : node4.rpl.trickle_i_timeout(info = {'node4' 1050.00 1200.00 '0005' 'AA05' 0 10 1 0}, stats = {0 0 0 13 0 0 4 0 0 0 4 0 0 0 11})
0.896 : dc.rpl.trickle_i_timeout(info = {'dc' 1000.00 1000.00 '0000' 'AA00' 0 1 0 0}, stats = {0 0 0 10 0 0 3 0 0 0 3 0 0 0 11})
0.919 : node7.rpl.trickle_i_timeout(info = {'node7' 1300.00 1000.00 '0008' 'AA08' 0 15 1 0}, stats = {0 0 0 4 0 0 4 0 0 0 4 0 1 0 11})
0.929 : node6.rpl.trickle_i_timeout(info = {'node6' 850.00 1200.00 '0007' 'AA07' 0 14 1 1}, stats = {0 0 0 8 0 0 4 0 0 0 4 0 1 0 11})
0.933 : node8.rpl.trickle_i_timeout(info = {'node8' 950.00 1300.00 '0009' 'AA09' 0 14 2 2}, stats = {0 0 0 16 0 0 4 0 0 0 4 0 1 0 11})
0.933 : node9.rpl.trickle_i_timeout(info = {'node9' 1050.00 1300.00 '000a' 'AA0a' 0 14 2 1}, stats = {0 0 0 12 0 0 4 0 0 0 4 0 1 0 11})
01.096 : node5.rpl.trickle_i_timeout(info = {'node5' 800.00 1000.00 '0006' 'AA06' 0 9 1 0}, stats = {0 0 0 3 0 0 4 0 0 0 4 0 1 0 11})
01.217 : node0.rpl.trickle_i_timeout(info = {'node0' 1000.00 1050.00 '0001' 'AA01' 0 3 1 0}, stats = {0 0 0 20 0 0 4 0 0 0 4 0 2 0 11})
01.314 : node1.rpl.trickle_i_timeout(info = {'node1' 1150.00 1000.00 '0002' 'AA02' 0 8 2 0}, stats = {0 0 0 11 0 0 5 0 0 0 5 0 3 0 11})
01.314 : node2.rpl.trickle_i_timeout(info = {'node2' 900.00 1000.00 '0003' 'AA03' 0 5 2 0}, stats = {0 0 0 11 0 0 4 0 0 0 4 0 4 0 11})
01.314 : node3.rpl.trickle_i_timeout(info = {'node3' 950.00 1200.00 '0004' 'AA04' 0 10 1 1}, stats = {0 0 0 22 0 0 5 0 0 0 5 0 5 0 11})
01.314 : node4.rpl.trickle_i_timeout(info = {'node4' 1050.00 1200.00 '0005' 'AA05' 0 10 1 1}, stats = {0 0 0 18 0 0 5 0 0 0 5 0 6 0 11})
01.431 : node7.rpl.trickle_i_timeout(info = {'node7' 1300.00 1000.00 '0008' 'AA08' 0 15 1 0}, stats = {0 0 0 5 0 0 5 0 0 0 5 0 7 0 11})
01.441 : node6.rpl.trickle_i_timeout(info = {'node6' 850.00 1200.00 '0007' 'AA07' 0 14 1 1}, stats = {0 0 0 10 0 0 5 0 0 0 5 0 8 0 11})
01.445 : node8.rpl.trickle_i_timeout(info = {'node8' 950.00 1300.00 '0009' 'AA09' 0 14 2 2}, stats = {0 0 0 19 0 0 5 0 0 0 5 0 9 0 11})
01.445 : node9.rpl.trickle_i_timeout(info = {'node9' 1050.00 1300.00 '000a' 'AA0a' 0 14 2 1}, stats = {0 0 0 15 0 0 5 0 0 0 5 0 10 0 11})
01.920 : dc.rpl.trickle_i_timeout(info = {'dc' 1000.00 1000.00 '0000' 'AA00' 0 1 0 0}, stats = {0 0 0 13 0 0 4 0 0 0 4 0 11 0 11})
02.120 : node5.rpl.trickle_i_timeout(info = {'node5' 800.00 1000.00 '0006' 'AA06' 0 9 1 0}, stats = {0 0 0 5 0 0 5 0 0 0 5 0 11 0 11})
02.241 : node0.rpl.trickle_i_timeout(info = {'node0' 1000.00 1050.00 '0001' 'AA01' 0 3 1 0}, stats = {0 0 0 26 0 0 5 0 0 0 5 0 11 0 11})
02.338 : node1.rpl.trickle_i_timeout(info = {'node1' 1150.00 1000.00 '0002' 'AA02' 0 8 2 0}, stats = {0 0 0 15 0 0 6 0 0 0 6 0 11 0 11})
02.338 : node2.rpl.trickle_i_timeout(info = {'node2' 900.00 1000.00 '0003' 'AA03' 0 5 2 0}, stats = {0 0 0 14 0 0 5 0 0 0 5 0 11 0 11})
02.338 : node3.rpl.trickle_i_timeout(info = {'node3' 950.00 1200.00 '0004' 'AA04' 0 10 1 1}, stats = {0 0 0 28 0 0 6 0 0 0 6 0 11 0 11})
02.338 : node4.rpl.trickle_i_timeout(info = {'node4' 1050.00 1200.00 '0005' 'AA05' 0 10 1 1}, stats = {0 0 0 22 0 0 6 0 0 0 6 0 11 0 11})
02.455 : node7.rpl.trickle_i_timeout(info = {'node7' 1300.00 1000.00 '0008' 'AA08' 0 15 1 0}, stats = {0 0 0 6 0 0 6 0 0 0 6 0 11 0 11})
02.465 : node6.rpl.trickle_i_timeout(info = {'node6' 850.00 1200.00 '0007' 'AA07' 0 14 1 1}, stats = {0 0 0 12 0 0 6 0 0 0 6 0 11 0 11})
02.469 : node8.rpl.trickle_i_timeout(info = {'node8' 950.00 1300.00 '0009' 'AA09' 0 14 2 2}, stats = {0 0 0 24 0 0 6 0 0 0 6 0 11 0 11})
02.469 : node9.rpl.trickle_i_timeout(info = {'node9' 1050.00 1300.00 '000a' 'AA0a' 0 14 2 1}, stats = {0 0 0 18 0 0 6 0 0 0 6 0 11 0 11})
02.944 : dc.rpl.trickle_i_timeout(info = {'dc' 1000.00 1000.00 '0000' 'AA00' 0 1 0 0}, stats = {0 0 0 17 0 0 5 0 0 0 5 0 11 0 11})
03.144 : node5.rpl.trickle_i_timeout(info = {'node5' 800.00 1000.00 '0006' 'AA06' 0 9 1 0}, stats = {0 0 0 6 0 0 6 0 0 0 6 0 11 0 11})
03.265 : node0.rpl.trickle_i_timeout(info = {'node0' 1000.00 1050.00 '0001' 'AA01' 0 3 1 0}, stats = {0 0 0 31 0 0 6 0 0 0 6 0 11 0 11})
03.362 : node1.rpl.trickle_i_timeout(info = {'node1' 1150.00 1000.00 '0002' 'AA02' 0 8 2 0}, stats = {0 0 0 18 0 0 7 0 0 0 7 0 11 0 11})
03.362 : node2.rpl.trickle_i_timeout(info = {'node2' 900.00 1000.00 '0003' 'AA03' 0 5 2 0}, stats = {0 0 0 17 0 0 6 0 0 0 6 0 11 0 11})
03.362 : node3.rpl.trickle_i_timeout(info = {'node3' 950.00 1200.00 '0004' 'AA04' 0 10 1 1}, stats = {0 0 0 34 0 0 7 0 0 0 7 0 11 0 11})
03.362 : node4.rpl.trickle_i_timeout(info = {'node4' 1050.00 1200.00 '0005' 'AA05' 0 10 1 1}, stats = {0 0 0 27 0 0 7 0 0 0 7 0 11 0 11})
03.479 : node7.rpl.trickle_i_timeout(info = {'node7' 1300.00 1000.00 '0008' 'AA08' 0 15 1 0}, stats = {0 0 0 7 0 0 7 0 0 0 7 0 11 0 11})
03.489 : node6.rpl.trickle_i_timeout(info = {'node6' 850.00 1200.00 '0007' 'AA07' 0 14 1 1}, stats = {0 0 0 14 0 0 7 0 0 0 7 0 11 0 11})
03.493 : node8.rpl.trickle_i_timeout(info = {'node8' 950.00 1300.00 '0009' 'AA09' 0 14 2 2}, stats = {0 0 0 28 0 0 7 0 0 0 7 0 11 0 11})
03.493 : node9.rpl.trickle_i_timeout(info = {'node9' 1050.00 1300.00 '000a' 'AA0a' 0 14 2 1}, stats = {0 0 0 21 0 0 7 0 0 0 7 0 11 0 11})
03.968 : dc.rpl.trickle_i_timeout(info = {'dc' 1000.00 1000.00 '0000' 'AA00' 0 1 0 0}, stats = {0 0 0 20 0 0 6 0 0 0 6 0 11 0 11})
04.168 : node5.rpl.trickle_i_timeout(info = {'node5' 800.00 1000.00 '0006' 'AA06' 0 9 1 0}, stats = {0 0 0 7 0 0 7 0 0 0 7 0 11 0 11})
04.289 : node0.rpl.trickle_i_timeout(info = {'node0' 1000.00 1050.00 '0001' 'AA01' 0 3 1 0}, stats = {0 0 0 36 0 0 7 0 0 0 7 0 11 0 11})
04.386 : node1.rpl.trickle_i_timeout(info = {'node1' 1150.00 1000.00 '0002' 'AA02' 0 8 2 0}, stats = {0 0 0 21 0 0 8 0 0 0 8 0 11 0 11})
04.386 : node2.rpl.trickle_i_timeout(info = {'node2' 900.00 1000.00 '0003' 'AA03' 0 5 2 0}, stats = {0 0 0 20 0 0 7 0 0 0 7 0 11 0 11})
04.386 : node3.rpl.trickle_i_timeout(info = {'node3' 950.00 1200.00 '0004' 'AA04' 0 10 1 1}, stats = {0 0 0 38 0 0 8 0 0 0 8 0 11 0 11})
04.386 : node4.rpl.trickle_i_timeout(info = {'node4' 1050.00 1200.00 '0005' 'AA05' 0 10 1 1}, stats = {0 0 0 30 0 0 8 0 0 0 8 0 11 0 11})
04.503 : node7.rpl.trickle_i_timeout(info = {'node7' 1300.00 1000.00 '0008' 'AA08' 0 15 1 0}, stats = {0 0 0 8 0 0 8 0 0 0 8 0 11 0 11})
04.513 : node6.rpl.trickle_i_timeout(info = {'node6' 850.00 1200.00 '0007' 'AA07' 0 14 1 1}, stats = {0 0 0 16 0 0 8 0 0 0 8 0 11 0 11})
04.517 : node8.rpl.trickle_i_timeout(info = {'node8' 950.00 1300.00 '0009' 'AA09' 0 14 2 2}, stats = {0 0 0 32 0 0 8 0 0 0 8 0 11 0 11})
04.517 : node9.rpl.trickle_i_timeout(info = {'node9' 1050.00 1300.00 '000a' 'AA0a' 0 14 2 1}, stats = {0 0 0 24 0 0 8 0 0 0 8 0 11 0 11})
04.992 : dc.rpl.trickle_i_timeout(info = {'dc' 1000.00 1000.00 '0000' 'AA00' 0 1 0 0}, stats = {0 0 0 24 0 0 7 0 0 0 7 0 11 0 11})
05.192 : node5.rpl.trickle_i_timeout(info = {'node5' 800.00 1000.00 '0006' 'AA06' 0 9 1 0}, stats = {0 0 0 7 0 0 8 0 0 0 8 0 11 0 11})
05.313 : node0.rpl.trickle_i_timeout(info = {'node0' 1000.00 1050.00 '0001' 'AA01' 0 3 1 0}, stats = {0 0 0 42 0 0 8 0 0 0 8 0 11 0 11})
05.410 : node1.rpl.trickle_i_timeout(info = {'node1' 1150.00 1000.00 '0002' 'AA02' 0 8 2 0}, stats = {0 0 0 24 0 0 9 0 0 0 9 0 11 0 11})
05.410 : node2.rpl.trickle_i_timeout(info = {'node2' 900.00 1000.00 '0003' 'AA03' 0 5 2 0}, stats = {0 0 0 23 0 0 8 0 0 0 8 0 11 0 11})
05.410 : node3.rpl.trickle_i_timeout(info = {'node3' 950.00 1200.00 '0004' 'AA04' 0 10 1 1}, stats = {0 0 0 43 0 0 9 0 0 0 9 0 11 0 11})
05.410 : node4.rpl.trickle_i_timeout(info = {'node4' 1050.00 1200.00 '0005' 'AA05' 0 10 1 1}, stats = {0 0 0 35 0 0 9 0 0 0 9 0 11 0 11})
05.527 : node7.rpl.trickle_i_timeout(info = {'node7' 1300.00 1000.00 '0008' 'AA08' 0 15 1 0}, stats = {0 0 0 9 0 0 9 0 0 0 9 0 11 0 11})
05.537 : node6.rpl.trickle_i_timeout(info = {'node6' 850.00 1200.00 '0007' 'AA07' 0 14 1 1}, stats = {0 0 0 18 0 0 9 0 0 0 9 0 11 0 11})
05.541 : node8.rpl.trickle_i_timeout(info = {'node8' 950.00 1300.00 '0009' 'AA09' 0 14 2 2}, stats = {0 0 0 36 0 0 9 0 0 0 9 0 11 0 11})
05.541 : node9.rpl.trickle_i_timeout(info = {'node9' 1050.00 1300.00 '000a' 'AA0a' 0 14 2 1}, stats = {0 0 0 27 0 0 9 0 0 0 9 0 11 0 11})
06.016 : dc.rpl.trickle_i_timeout(info = {'dc' 1000.00 1000.00 '0000' 'AA00' 0 1 0 0}, stats = {0 0 0 26 0 0 8 0 0 0 8 0 11 0 11})
06.216 : node5.rpl.trickle_i_timeout(info = {'node5' 800.00 1000.00 '0006' 'AA06' 0 9 1 0}, stats = {0 0 0 8 0 0 9 0 0 0 9 0 11 0 11})
06.337 : node0.rpl.trickle_i_timeout(info = {'node0' 1000.00 1050.00 '0001' 'AA01' 0 3 1 0}, stats = {0 0 0 46 0 0 9 0 0 0 9 0 11 0 11})
06.434 : node1.rpl.trickle_i_timeout(info = {'node1' 1150.00 1000.00 '0002' 'AA02' 0 8 2 0}, stats = {0 0 0 27 0 0 10 0 0 0 10 0 11 0 11})
06.434 : node2.rpl.trickle_i_timeout(info = {'node2' 900.00 1000.00 '0003' 'AA03' 0 5 2 0}, stats = {0 0 0 26 0 0 9 0 0 0 9 0 11 0 11})
06.434 : node3.rpl.trickle_i_timeout(info = {'node3' 950.00 1200.00 '0004' 'AA04' 0 10 1 1}, stats = {0 0 0 49 0 0 10 0 0 0 10 0 11 0 11})
06.434 : node4.rpl.trickle_i_timeout(info = {'node4' 1050.00 1200.00 '0005' 'AA05' 0 10 1 1}, stats = {0 0 0 39 0 0 10 0 0 0 10 0 11 0 11})
06.551 : node7.rpl.trickle_i_timeout(info = {'node7' 1300.00 1000.00 '0008' 'AA08' 0 15 1 0}, stats = {0 0 0 10 0 0 10 0 0 0 10 0 11 0 11})
06.561 : node6.rpl.trickle_i_timeout(info = {'node6' 850.00 1200.00 '0007' 'AA07' 0 14 1 1}, stats = {0 0 0 20 0 0 10 0 0 0 10 0 11 0 11})
06.565 : node8.rpl.trickle_i_timeout(info = {'node8' 950.00 1300.00 '0009' 'AA09' 0 14 2 2}, stats = {0 0 0 40 0 0 10 0 0 0 10 0 11 0 11})
06.565 : node9.rpl.trickle_i_timeout(info = {'node9' 1050.00 1300.00 '000a' 'AA0a' 0 14 2 1}, stats = {0 0 0 30 0 0 10 0 0 0 10 0 11 0 11})
07.040 : dc.rpl.trickle_i_timeout(info = {'dc' 1000.00 1000.00 '0000' 'AA00' 0 1 0 0}, stats = {0 0 0 29 0 0 9 0 0 0 9 0 11 0 11})
07.240 : node5.rpl.trickle_i_timeout(info = {'node5' 800.00 1000.00 '0006' 'AA06' 0 9 1 0}, stats = {0 0 0 10 0 0 10 0 0 0 10 0 11 0 11})
07.361 : node0.rpl.trickle_i_timeout(info = {'node0' 1000.00 1050.00 '0001' 'AA01' 0 3 1 0}, stats = {0 0 0 52 0 0 10 0 0 0 10 0 11 0 11})
07.458 : node1.rpl.trickle_i_timeout(info = {'node1' 1150.00 1000.00 '0002' 'AA02' 0 8 2 0}, stats = {0 0 0 30 0 0 11 0 0 0 11 0 11 0 11})
07.458 : node2.rpl.trickle_i_timeout(info = {'node2' 900.00 1000.00 '0003' 'AA03' 0 5 2 0}, stats = {0 0 0 29 0 0 10 0 0 0 10 0 11 0 11})
07.458 : node3.rpl.trickle_i_timeout(info = {'node3' 950.00 1200.00 '0004' 'AA04' 0 10 1 1}, stats = {0 0 0 52 0 0 11 0 0 0 11 0 11 0 11})
07.458 : node4.rpl.trickle_i_timeout(info = {'node4' 1050.00 1200.00 '0005' 'AA05' 0 10 1 1}, stats = {0 0 0 41 0 0 11 0 0 0 11 0 11 0 11})
07.575 : node7.rpl.trickle_i_timeout(info = {'node7' 1300.00 1000.00 '0008' 'AA08' 0 15 1 0}, stats = {0 0 0 11 0 0 11 0 0 0 11 0 11 0 11})
07.585 : node6.rpl.trickle_i_timeout(info = {'node6' 850.00 1200.00 '0007' 'AA07' 0 14 1 1}, stats = {0 0 0 22 0 0 11 0 0 0 11 0 11 0 11})
07.589 : node8.rpl.trickle_i_timeout(info = {'node8' 950.00 1300.00 '0009' 'AA09' 0 14 2 2}, stats = {0 0 0 43 0 0 11 0 0 0 11 0 11 0 11})
07.589 : node9.rpl.trickle_i_timeout(info = {'node9' 1050.00 1300.00 '000a' 'AA0a' 0 14 2 1}, stats = {0 0 0 33 0 0 11 0 0 0 11 0 11 0 11})
08.064 : dc.rpl.trickle_i_timeout(info = {'dc' 1000.00 1000.00 '0000' 'AA00' 0 1 0 0}, stats = {0 0 0 33 0 0 10 0 0 0 10 0 11 0 11})
08.264 : node5.rpl.trickle_i_timeout(info = {'node5' 800.00 1000.00 '0006' 'AA06' 0 9 1 0}, stats = {0 0 0 10 0 0 11 0 0 0 11 0 11 0 11})
08.385 : node0.rpl.trickle_i_timeout(info = {'node0' 1000.00 1050.00 '0001' 'AA01' 0 3 1 0}, stats = {0 0 0 57 0 0 11 0 0 0 11 0 11 0 11})
08.482 : node1.rpl.trickle_i_timeout(info = {'node1' 1150.00 1000.00 '0002' 'AA02' 0 8 2 0}, stats = {0 0 0 33 0 0 12 0 0 0 12 0 11 0 11})
08.482 : node2.rpl.trickle_i_timeout(info = {'node2' 900.00 1000.00 '0003' 'AA03' 0 5 2 0}, stats = {0 0 0 32 0 0 11 0 0 0 11 0 11 0 11})
08.482 : node3.rpl.trickle_i_timeout(info = {'node3' 950.00 1200.00 '0004' 'AA04' 0 10 1 1}, stats = {0 0 0 58 0 0 12 0 0 0 12 0 11 0 11})
08.482 : node4.rpl.trickle_i_timeout(info = {'node4' 1050.00 1200.00 '0005' 'AA05' 0 10 1 1}, stats = {0 0 0 46 0 0 12 0 0 0 12 0 11 0 11})
08.599 : node7.rpl.trickle_i_timeout(info = {'node7' 1300.00 1000.00 '0008' 'AA08' 0 15 1 0}, stats = {0 0 0 12 0 0 12 0 0 0 12 0 11 0 11})
08.609 : node6.rpl.trickle_i_timeout(info = {'node6' 850.00 1200.00 '0007' 'AA07' 0 14 1 1}, stats = {0 0 0 24 0 0 12 0 0 0 12 0 11 0 11})
08.613 : node8.rpl.trickle_i_timeout(info = {'node8' 950.00 1300.00 '0009' 'AA09' 0 14 2 2}, stats = {0 0 0 48 0 0 12 0 0 0 12 0 11 0 11})
08.613 : node9.rpl.trickle_i_timeout(info = {'node9' 1050.00 1300.00 '000a' 'AA0a' 0 14 2 1}, stats = {0 0 0 36 0 0 12 0 0 0 12 0 11 0 11})
09.088 : dc.rpl.trickle_i_timeout(info = {'dc' 1000.00 1000.00 '0000' 'AA00' 0 1 0 0}, stats = {0 0 0 36 0 0 11 0 0 0 11 0 11 0 11})
09.288 : node5.rpl.trickle_i_timeout(info = {'node5' 800.00 1000.00 '0006' 'AA06' 0 9 1 0}, stats = {0 0 0 12 0 0 12 0 0 0 12 0 11 0 11})
09.409 : node0.rpl.trickle_i_timeout(info = {'node0' 1000.00 1050.00 '0001' 'AA01' 0 3 1 0}, stats = {0 0 0 61 0 0 12 0 0 0 12 0 11 0 11})
09.506 : node1.rpl.trickle_i_timeout(info = {'node1' 1150.00 1000.00 '0002' 'AA02' 0 8 2 0}, stats = {0 0 0 35 0 0 13 0 0 0 13 0 11 0 11})
09.506 : node2.rpl.trickle_i_timeout(info = {'node2' 900.00 1000.00 '0003' 'AA03' 0 5 2 0}, stats = {0 0 0 35 0 0 12 0 0 0 12 0 11 0 11})
09.506 : node3.rpl.trickle_i_timeout(info = {'node3' 950.00 1200.00 '0004' 'AA04' 0 10 1 1}, stats = {0 0 0 64 0 0 13 0 0 0 13 0 11 0 11})
09.506 : node4.rpl.trickle_i_timeout(info = {'node4' 1050.00 1200.00 '0005' 'AA05' 0 10 1 1}, stats = {0 0 0 51 0 0 13 0 0 0 13 0 11 0 11})
09.623 : node7.rpl.trickle_i_timeout(info = {'node7' 1300.00 1000.00 '0008' 'AA08' 0 15 1 0}, stats = {0 0 0 13 0 0 13 0 0 0 13 0 11 0 11})
09.633 : node6.rpl.trickle_i_timeout(info = {'node6' 850.00 1200.00 '0007' 'AA07' 0 14 1 1}, stats = {0 0 0 26 0 0 13 0 0 0 13 0 11 0 11})
09.637 : node8.rpl.trickle_i_timeout(info = {'node8' 950.00 1300.00 '0009' 'AA09' 0 14 2 2}, stats = {0 0 0 52 0 0 13 0 0 0 13 0 11 0 11})
09.637 : node9.rpl.trickle_i_timeout(info = {'node9' 1050.00 1300.00 '000a' 'AA0a' 0 14 2 1}, stats = {0 0 0 39 0 0 13 0 0 0 13 0 11 0 11})
10.112 : dc.rpl.trickle_i_timeout(info = {'dc' 1000.00 1000.00 '0000' 'AA00' 0 1 0 0}, stats = {0 0 0 40 0 0 12 0 0 0 12 0 11 0 11})
10.312 : node5.rpl.trickle_i_timeout(info = {'node5' 800.00 1000.00 '0006' 'AA06' 0 9 1 0}, stats = {0 0 0 13 0 0 13 0 0 0 13 0 11 0 11})
10.433 : node0.rpl.trickle_i_timeout(info = {'node0' 1000.00 1050.00 '0001' 'AA01' 0 3 1 0}, stats = {0 0 0 67 0 0 13 0 0 0 13 0 11 0 11})
10.530 : node1.rpl.trickle_i_timeout(info = {'node1' 1150.00 1000.00 '0002' 'AA02' 0 8 2 0}, stats = {0 0 0 39 0 0 14 0 0 0 14 0 11 0 11})
10.530 : node2.rpl.trickle_i_timeout(info = {'node2' 900.00 1000.00 '0003' 'AA03' 0 5 2 0}, stats = {0 0 0 38 0 0 13 0 0 0 13 0 11 0 11})
10.530 : node3.rpl.trickle_i_timeout(info = {'node3' 950.00 1200.00 '0004' 'AA04' 0 10 1 1}, stats = {0 0 0 68 0 0 14 0 0 0 14 0 11 0 11})
10.530 : node4.rpl.trickle_i_timeout(info = {'node4' 1050.00 1200.00 '0005' 'AA05' 0 10 1 1}, stats = {0 0 0 54 0 0 14 0 0 0 14 0 11 0 11})
10.647 : node7.rpl.trickle_i_timeout(info = {'node7' 1300.00 1000.00 '0008' 'AA08' 0 15 1 0}, stats = {0 0 0 14 0 0 14 0 0 0 14 0 11 0 11})
10.657 : node6.rpl.trickle_i_timeout(info = {'node6' 850.00 1200.00 '0007' 'AA07' 0 14 1 1}, stats = {0 0 0 28 0 0 14 0 0 0 14 0 11 0 11})
10.661 : node8.rpl.trickle_i_timeout(info = {'node8' 950.00 1300.00 '0009' 'AA09' 0 14 2 2}, stats = {0 0 0 56 0 0 14 0 0 0 14 0 11 0 11})
10.661 : node9.rpl.trickle_i_timeout(info = {'node9' 1050.00 1300.00 '000a' 'AA0a' 0 14 2 1}, stats = {0 0 0 42 0 0 14 0 0 0 14 0 11 0 11})
11.136 : dc.rpl.trickle_i_timeout(info = {'dc' 1000.00 1000.00 '0000' 'AA00' 0 1 0 0}, stats = {0 0 0 40 0 0 13 0 0 0 13 0 11 0 11})
11.336 : node5.rpl.trickle_i_timeout(info = {'node5' 800.00 1000.00 '0006' 'AA06' 0 9 1 0}, stats = {0 0 0 13 0 0 14 0 0 0 14 0 11 0 11})
11.457 : node0.rpl.trickle_i_timeout(info = {'node0' 1000.00 1050.00 '0001' 'AA01' 0 3 1 0}, stats = {0 0 0 72 0 0 14 0 0 0 14 0 11 0 11})
11.554 : node1.rpl.trickle_i_timeout(info = {'node1' 1150.00 1000.00 '0002' 'AA02' 0 8 2 0}, stats = {0 0 0 42 0 0 15 0 0 0 15 0 11 0 11})
11.554 : node2.rpl.trickle_i_timeout(info = {'node2' 900.00 1000.00 '0003' 'AA03' 0 5 2 0}, stats = {0 0 0 41 0 0 14 0 0 0 14 0 11 0 11})
11.554 : node3.rpl.trickle_i_timeout(info = {'node3' 950.00 1200.00 '0004' 'AA04' 0 10 1 1}, stats = {0 0 0 74 0 0 15 0 0 0 15 0 11 0 11})
11.554 : node4.rpl.trickle_i_timeout(info = {'node4' 1050.00 1200.00 '0005' 'AA05' 0 10 1 1}, stats = {0 0 0 59 0 0 15 0 0 0 15 0 11 0 11})
11.671 : node7.rpl.trickle_i_timeout(info = {'node7' 1300.00 1000.00 '0008' 'AA08' 0 15 1 0}, stats = {0 0 0 15 0 0 15 0 0 0 15 0 11 0 11})
11.681 : node6.rpl.trickle_i_timeout(info = {'node6' 850.00 1200.00 '0007' 'AA07' 0 14 1 1}, stats = {0 0 0 30 0 0 15 0 0 0 15 0 11 0 11})
11.685 : node8.rpl.trickle_i_timeout(info = {'node8' 950.00 1300.00 '0009' 'AA09' 0 14 2 2}, stats = {0 0 0 60 0 0 15 0 0 0 15 0 11 0 11})
11.685 : node9.rpl.trickle_i_timeout(info = {'node9' 1050.00 1300.00 '000a' 'AA0a' 0 14 2 1}, stats = {0 0 0 45 0 0 15 0 0 0 15 0 11 0 11})
12.160 : dc.rpl.trickle_i_timeout(info = {'dc' 1000.00 1000.00 '0000' 'AA00' 0 1 0 0}, stats = {0 0 0 43 0 0 14 0 0 0 14 0 11 0 11})
12.360 : node5.rpl.trickle_i_timeout(info = {'node5' 800.00 1000.00 '0006' 'AA06' 0 9 1 0}, stats = {0 0 0 14 0 0 15 0 0 0 15 0 11 0 11})
12.481 : node0.rpl.trickle_i_timeout(info = {'node0' 1000.00 1050.00 '0001' 'AA01' 0 3 1 0}, stats = {0 0 0 77 0 0 15 0 0 0 15 0 11 0 11})
12.578 : node1.rpl.trickle_i_timeout(info = {'node1' 1150.00 1000.00 '0002' 'AA02' 0 8 2 0}, stats = {0 0 0 45 0 0 16 0 0 0 16 0 11 0 11})
12.578 : node2.rpl.trickle_i_timeout(info = {'node2' 900.00 1000.00 '0003' 'AA03' 0 5 2 0}, stats = {0 0 0 44 0 0 15 0 0 0 15 0 11 0 11})
12.578 : node3.rpl.trickle_i_timeout(info = {'node3' 950.00 1200.00 '0004' 'AA04' 0 10 1 1}, stats = {0 0 0 79 0 0 16 0 0 0 16 0 11 0 11})
12.578 : node4.rpl.trickle_i_timeout(info = {'node4' 1050.00 1200.00 '0005' 'AA05' 0 10 1 1}, stats = {0 0 0 63 0 0 16 0 0 0 16 0 11 0 11})
12.695 : node7.rpl.trickle_i_timeout(info = {'node7' 1300.00 1000.00 '0008' 'AA08' 0 15 1 0}, stats = {0 0 0 16 0 0 16 0 0 0 16 0 11 0 11})
12.705 : node6.rpl.trickle_i_timeout(info = {'node6' 850.00 1200.00 '0007' 'AA07' 0 14 1 1}, stats = {0 0 0 32 0 0 16 0 0 0 16 0 11 0 11})
12.709 : node8.rpl.trickle_i_timeout(info = {'node8' 950.00 1300.00 '0009' 'AA09' 0 14 2 2}, stats = {0 0 0 64 0 0 16 0 0 0 16 0 11 0 11})
12.709 : node9.rpl.trickle_i_timeout(info = {'node9' 1050.00 1300.00 '000a' 'AA0a' 0 14 2 1}, stats = {0 0 0 48 0 0 16 0 0 0 16 0 11 0 11})
13.184 : dc.rpl.trickle_i_timeout(info = {'dc' 1000.00 1000.00 '0000' 'AA00' 0 1 0 0}, stats = {0 0 0 47 0 0 15 0 0 0 15 0 11 0 11})
13.384 : node5.rpl.trickle_i_timeout(info = {'node5' 800.00 1000.00 '0006' 'AA06' 0 9 1 0}, stats = {0 0 0 16 0 0 16 0 0 0 16 0 11 0 11})
13.505 : node0.rpl.trickle_i_timeout(info = {'node0' 1000.00 1050.00 '0001' 'AA01' 0 3 1 0}, stats = {0 0 0 82 0 0 16 0 0 0 16 0 11 0 11})
13.602 : node1.rpl.trickle_i_timeout(info = {'node1' 1150.00 1000.00 '0002' 'AA02' 0 8 2 0}, stats = {0 0 0 47 0 0 17 0 0 0 17 0 11 0 11})
13.602 : node2.rpl.trickle_i_timeout(info = {'node2' 900.00 1000.00 '0003' 'AA03' 0 5 2 0}, stats = {0 0 0 47 0 0 16 0 0 0 16 0 11 0 11})
13.602 : node3.rpl.trickle_i_timeout(info = {'node3' 950.00 1200.00 '0004' 'AA04' 0 10 1 1}, stats = {0 0 0 82 0 0 17 0 0 0 17 0 11 0 11})
13.602 : node4.rpl.trickle_i_timeout(info = {'node4' 1050.00 1200.00 '0005' 'AA05' 0 10 1 1}, stats = {0 0 0 66 0 0 17 0 0 0 17 0 11 0 11})
13.719 : node7.rpl.trickle_i_timeout(info = {'node7' 1300.00 1000.00 '0008' 'AA08' 0 15 1 0}, stats = {0 0 0 17 0 0 17 0 0 0 17 0 11 0 11})
13.729 : node6.rpl.trickle_i_timeout(info = {'node6' 850.00 1200.00 '0007' 'AA07' 0 14 1 1}, stats = {0 0 0 34 0 0 17 0 0 0 17 0 11 0 11})
13.733 : node8.rpl.trickle_i_timeout(info = {'node8' 950.00 1300.00 '0009' 'AA09' 0 14 2 2}, stats = {0 0 0 67 0 0 17 0 0 0 17 0 11 0 11})
13.733 : node9.rpl.trickle_i_timeout(info = {'node9' 1050.00 1300.00 '000a' 'AA0a' 0 14 2 1}, stats = {0 0 0 51 0 0 17 0 0 0 17 0 11 0 11})
14.208 : dc.rpl.trickle_i_timeout(info = {'dc' 1000.00 1000.00 '0000' 'AA00' 0 1 0 0}, stats = {0 0 0 49 0 0 16 0 0 0 16 0 11 0 11})
14.408 : node5.rpl.trickle_i_timeout(info = {'node5' 800.00 1000.00 '0006' 'AA06' 0 9 1 0}, stats = {0 0 0 16 0 0 17 0 0 0 17 0 11 0 11})
14.529 : node0.rpl.trickle_i_timeout(info = {'node0' 1000.00 1050.00 '0001' 'AA01' 0 3 1 0}, stats = {0 0 0 86 0 0 17 0 0 0 17 0 11 0 11})
14.626 : node1.rpl.trickle_i_timeout(info = {'node1' 1150.00 1000.00 '0002' 'AA02' 0 8 2 0}, stats = {0 0 0 50 0 0 18 0 0 0 18 0 11 0 11})
14.626 : node2.rpl.trickle_i_timeout(info = {'node2' 900.00 1000.00 '0003' 'AA03' 0 5 2 0}, stats = {0 0 0 50 0 0 17 0 0 0 17 0 11 0 11})
14.626 : node3.rpl.trickle_i_timeout(info = {'node3' 950.00 1200.00 '0004' 'AA04' 0 10 1 1}, stats = {0 0 0 87 0 0 18 0 0 0 18 0 11 0 11})
14.626 : node4.rpl.trickle_i_timeout(info = {'node4' 1050.00 1200.00 '0005' 'AA05' 0 10 1 1}, stats = {0 0 0 70 0 0 18 0 0 0 18 0 11 0 11})
14.743 : node7.rpl.trickle_i_timeout(info = {'node7' 1300.00 1000.00 '0008' 'AA08' 0 15 1 0}, stats = {0 0 0 18 0 0 18 0 0 0 18 0 11 0 11})
14.753 : node6.rpl.trickle_i_timeout(info = {'node6' 850.00 1200.00 '0007' 'AA07' 0 14 1 1}, stats = {0 0 0 36 0 0 18 0 0 0 18 0 11 0 11})
14.757 : node8.rpl.trickle_i_timeout(info = {'node8' 950.00 1300.00 '0009' 'AA09' 0 14 2 2}, stats = {0 0 0 71 0 0 18 0 0 0 18 0 11 0 11})
14.757 : node9.rpl.trickle_i_timeout(info = {'node9' 1050.00 1300.00 '000a' 'AA0a' 0 14 2 1}, stats = {0 0 0 54 0 0 18 0 0 0 18 0 11 0 11})
15.232 : dc.rpl.trickle_i_timeout(info = {'dc' 1000.00 1000.00 '0000' 'AA00' 0 1 0 0}, stats = {0 0 0 53 0 0 17 0 0 0 17 0 11 0 11})
15.432 : node5.rpl.trickle_i_timeout(info = {'node5' 800.00 1000.00 '0006' 'AA06' 0 9 1 0}, stats = {0 0 0 18 0 0 18 0 0 0 18 0 11 0 11})
15.553 : node0.rpl.trickle_i_timeout(info = {'node0' 1000.00 1050.00 '0001' 'AA01' 0 3 1 0}, stats = {0 0 0 91 0 0 18 0 0 0 18 0 11 0 11})
15.650 : node1.rpl.trickle_i_timeout(info = {'node1' 1150.00 1000.00 '0002' 'AA02' 0 8 2 0}, stats = {0 0 0 54 0 0 19 0 0 0 19 0 11 0 11})
15.650 : node2.rpl.trickle_i_timeout(info = {'node2' 900.00 1000.00 '0003' 'AA03' 0 5 2 0}, stats = {0 0 0 53 0 0 18 0 0 0 18 0 11 0 11})
15.650 : node3.rpl.trickle_i_timeout(info = {'node3' 950.00 1200.00 '0004' 'AA04' 0 10 1 1}, stats = {0 0 0 93 0 0 19 0 0 0 19 0 11 0 11})
15.650 : node4.rpl.trickle_i_timeout(info = {'node4' 1050.00 1200.00 '0005' 'AA05' 0 10 1 1}, stats = {0 0 0 74 0 0 19 0 0 0 19 0 11 0 11})
15.767 : node7.rpl.trickle_i_timeout(info = {'node7' 1300.00 1000.00 '0008' 'AA08' 0 15 1 0}, stats = {0 0 0 19 0 0 19 0 0 0 19 0 11 0 11})
15.777 : node6.rpl.trickle_i_timeout(info = {'node6' 850.00 1200.00 '0007' 'AA07' 0 14 1 1}, stats = {0 0 0 38 0 0 19 0 0 0 19 0 11 0 11})
15.781 : node8.rpl.trickle_i_timeout(info = {'node8' 950.00 1300.00 '0009' 'AA09' 0 14 2 2}, stats = {0 0 0 76 0 0 19 0 0 0 19 0 11 0 11})
15.781 : node9.rpl.trickle_i_timeout(info = {'node9' 1050.00 1300.00 '000a' 'AA0a' 0 14 2 1}, stats = {0 0 0 57 0 0 19 0 0 0 19 0 11 0 11})
16.256 : dc.rpl.trickle_i_timeout(info = {'dc' 1000.00 1000.00 '0000' 'AA00' 0 1 0 0}, stats = {0 0 0 55 0 0 18 0 0 0 18 0 11 0 11})
