09:36:54 **** Clean-only build of configuration gcc-debug for project inetmanet-2.0 ****
make MODE=debug CONFIGNAME=gcc-debug -j6 clean 
cd src && make clean
make[1]: Entering directory `/home/hoferr/MasterThesis/Simulation/omnetpp/SG_OMNeTpp/inetmanet-2.0/src'
Cleaning...
make[1]: Leaving directory `/home/hoferr/MasterThesis/Simulation/omnetpp/SG_OMNeTpp/inetmanet-2.0/src'

09:36:55 Build Finished (took 324ms)

09:36:55 **** Clean-only build of configuration gcc-release for project inetmanet-2.0 ****
make MODE=release CONFIGNAME=gcc-release clean 
cd src && make clean
make[1]: Entering directory `/home/hoferr/MasterThesis/Simulation/omnetpp/SG_OMNeTpp/inetmanet-2.0/src'
Cleaning...
make[1]: Leaving directory `/home/hoferr/MasterThesis/Simulation/omnetpp/SG_OMNeTpp/inetmanet-2.0/src'
09:37:01 **** Build of configuration gcc-debug for project inetmanet-2.0 ****
make MODE=debug CONFIGNAME=gcc-debug -j6 all 
cd src && make
make[1]: Entering directory `/home/hoferr/MasterThesis/Simulation/omnetpp/SG_OMNeTpp/inetmanet-2.0/src'
MSGC: applications/ethernet/EtherApp.msg
applications/AppBase.cc
MSGC: linklayer/contract/Ieee802Ctrl.msg
MSGC: networklayer/contract/IPProtocolId.msg
MSGC: networklayer/contract/IPv4ControlInfo.msg
MSGC: networklayer/contract/IPv6ControlInfo.msg
MSGC: applications/pingapp/PingPayload.msg
MSGC: applications/tcpapp/GenericAppMsg.msg
MSGC: transport/contract/TCPCommand.msg
MSGC: base/ByteArrayMessage.msg
MSGC: base/ByteArray.msg
MSGC: linklayer/ieee80211/mac/Ieee80211Frame.msg
MSGC: networklayer/ipv4/IPv4Datagram.msg
applications/tcpapp/TelnetApp.cc
applications/tcpapp/TCPSrvHostApp.cc
applications/tcpapp/TCPSinkApp.cc
applications/trafgen/TrafGenPar.cc
applications/trafgen/TrafGen.cc
MSGC: transport/contract/UDPControlInfo.msg
MSGC: applications/udpapp/PaserTrafficDataMsg.msg
MSGC: applications/udpapp/VideoPacket.msg
MSGC: applications/udpapp/UDPVideoData.msg
applications/util/AddressModule.cc
base/ModuleAccess.cc
base/InterfaceOperations.cc
base/Topology.cc
base/AbstractQueue.cc
base/NotifierConsts.cc
base/QueueBase.cc
base/ByteArrayBuffer.cc
base/NedFunctions.cc
base/UnimplementedModule.cc
base/ResultFilters.cc
base/ProtocolMap.cc
base/LifecycleController.cc
base/BasicModule.cc
base/PassiveQueueBase.cc
base/QueueWithQoS.cc
base/Coord.cc
base/WeightedTopology.cc
base/erfc.cc
base/Join.cc
base/NodeOperations.cc
base/ByteArrayMessage.cc
base/ReassemblyBuffer.cc
base/Sink.cc
base/ByteArray.cc
base/NotificationBoard.cc
base/MMapBoard.cc
battery/models/InetSimpleBattery.cc
battery/models/BasicBattery.cc
generic/RPSSocket.cc
MSGC: linklayer/channels/LinkFailureMessage.msg
linklayer/channels/MyThroughputMeteringChannel.cc
linklayer/channels/ProgramedFailureChannel.cc
MSGC: linklayer/radio/AirFrame.msg
MSGC: transport/udp/UDPPacket.msg
linklayer/common/MACBase.cc
linklayer/common/WirelessMacBase.cc
linklayer/contract/MACAddress.cc
linklayer/ethernet/EtherHub.cc
MSGC: linklayer/ethernet/EtherFrame.msg
linklayer/ethernet/EtherBus.cc
linklayer/ethernet/EtherMACBase.cc
linklayer/ethernet/EtherEncap.cc
linklayer/ethernet/EtherMACFullDuplex.cc
linklayer/ethernet/EtherLLC.cc
linklayer/ethernet/switch/MACRelayUnitNP.cc
linklayer/ethernet/switch/MACRelayUnitPP.cc
linklayer/ethernet/switch/MACRelayUnitBase.cc
MSGC: linklayer/idealwireless/IdealWirelessFrame.msg
MSGC: linklayer/radio/IdealAirFrame.msg
linklayer/ieee80211/mac/MultiQueue.cc
MSGC: networklayer/icmpv6/ICMPv6Message.msg
MSGC: networklayer/ipv4/ICMPMessage.msg
MSGC: networklayer/ipv6/IPv6Datagram.msg
MSGC: transport/tcp_common/TCPSegment.msg
linklayer/ieee80211/mac/WifiMode.cc
MSGC: linklayer/contract/PhyControlInfo.msg
MSGC: linklayer/radio/Radio80211aControlInfo.msg
linklayer/ieee80211/mac/Ieee80211MacQueueClassifier.cc
linklayer/ieee80211/mac/Ieee80211DataRate.cc
MSGC: linklayer/ieee80211/mgmt/Ieee80211MgmtFrames.msg
MSGC: linklayer/ieee80211/mgmt/ETXPacket.msg
MSGC: linklayer/ieee80211/mgmt/Ieee80211Primitives.msg
MSGC: networklayer/manetrouting/base/ControlManetRouting.msg
linklayer/ieee80211/mgmt/Ieee80211MgmtAPSimplified.cc
linklayer/ieee80211/mgmt/Ieee80211MgmtAdhocWithEtx.cc
linklayer/ieee80211/mgmt/Ieee80211MgmtAdhoc.cc
linklayer/ieee80211/mgmt/Ieee80211MgmtAP.cc
linklayer/ieee80211/radio/BerParseFile.cc
linklayer/ieee80211/radio/Ieee80211RadioModel.cc
linklayer/ieee80211/radio/errormodel/yans-error-rate-model.cc
linklayer/ieee80211/radio/errormodel/dsss-error-rate-model.cc
linklayer/ieee80211/radio/errormodel/nist-error-rate-model.cc
linklayer/ieee80211mesh/ethernet/EtherEncapMesh.cc
linklayer/ieee80211mesh/hwmp/hwmp-rtable.cc
linklayer/ieee80211mesh/hwmp/hwmp.cc
linklayer/ieee80211mesh/locator/BigUint.cc
MSGC: linklayer/ieee80211mesh/locator/locatorPkt.msg
MSGC: networklayer/arp/ARPPacket.msg
MSGC: networklayer/manetrouting/base/LocatorNotificationInfo.msg
MSGC: linklayer/ieee80211mesh/mgmt/LWMPLSPacket.msg
MSGC: networklayer/manetrouting/base/ControlInfoBreakLink.msg
MSGC: networklayer/manetrouting/base/MeshControlInfo.msg
MSGC: networklayer/manetrouting/olsr/OLSRpkt.msg
MSGC: networklayer/manetrouting/aodv/aodv_msg_struct.msg
MSGC: networklayer/ospfv2/OSPFPacket.msg
MSGC: networklayer/ted/LinkStatePacket.msg
MSGC: networklayer/ted/TED.msg
linklayer/ieee80211mesh/mgmt/lwmpls_data.cc
linklayer/loopback/Loopback.cc
MSGC: linklayer/ppp/PPPFrame.msg
linklayer/queue/SchedulerBase.cc
linklayer/queue/DropTailQueue.cc
linklayer/queue/FIFOQueue.cc
linklayer/queue/PriorityScheduler.cc
linklayer/queue/WRRScheduler.cc
linklayer/queue/AlgorithmicDropperBase.cc
linklayer/queue/ThresholdDropper.cc
linklayer/queue/WeightedFairQueue.cc
linklayer/queue/REDDropper.cc
linklayer/radio/GenericRadioModel.cc
linklayer/radio/Modulation.cc
linklayer/radio/IdealRadio.cc
linklayer/radio/Radio.cc
linklayer/radio/propagation/LogNormalShadowingModel.cc
linklayer/radio/propagation/FreeSpaceModel.cc
linklayer/radio/propagation/RiceModel.cc
linklayer/radio/propagation/TwoRayGroundModel.cc
linklayer/radio/propagation/NakagamiModel.cc
linklayer/radio/propagation/RayleighModel.cc
mobility/models/MovingMobilityBase.cc
mobility/models/BonnMotionMobility.cc
mobility/models/LinearNodeDistributionMobility.cc
mobility/models/MobilityBase.cc
mobility/models/StationaryMobility.cc
mobility/models/TractorMobility.cc
mobility/models/MoBANLocal.cc
mobility/models/MoBANCoordinator.cc
mobility/models/ConstSpeedMobility.cc
mobility/models/LaptopModelManager.cc
mobility/models/ChiangMobility.cc
mobility/models/RandomWPMobility.cc
mobility/models/PostureTransition.cc
mobility/models/BonnMotionFileCache.cc
mobility/models/MassMobility.cc
mobility/models/Ns2MotionMobility.cc
mobility/models/Posture.cc
mobility/models/RectangleMobility.cc
mobility/models/LinearMobility.cc
mobility/models/TurtleMobility.cc
mobility/models/GaussMarkovMobility.cc
mobility/models/CircleMobility.cc
mobility/models/MobilityAccess.cc
mobility/models/LineSegmentsMobilityBase.cc
mobility/models/TraCIMobility.cc
mobility/models/StaticGridMobility.cc
mobility/models/ANSimMobility.cc
networklayer/arp/ARP.cc
networklayer/autorouting/ipv4/HostAutoConfigurator.cc
networklayer/autorouting/ipv4/FlatNetworkConfigurator.cc
mobility/models/ANSimMobility.cc: In member function ‘virtual void ANSimMobility::extractDataFrom(cXMLElement*)’:
mobility/models/ANSimMobility.cc:110:17: warning: unused variable ‘startTimeStr’ [-Wunused-variable]
networklayer/autorouting/ipv4/HostAutoConfigurator2.cc
networklayer/autorouting/ipv4/IPv4NetworkConfigurator.cc
networklayer/autorouting/ipv4/IPv4NodeConfigurator.cc
networklayer/autorouting/ipv6/FlatNetworkConfigurator6.cc
networklayer/common/InterfaceEntry.cc
networklayer/common/InterfaceTable.cc
networklayer/contract/IPv4Address.cc
networklayer/contract/IPvXAddress.cc
networklayer/contract/IPv4ControlInfo.cc
networklayer/contract/IPv6Address.cc
networklayer/contract/IPv6ControlInfo.cc
networklayer/contract/IPvXAddressResolver.cc
networklayer/extras/Dummy.cc
networklayer/extras/FailureManager.cc
networklayer/icmpv6/ICMPv6.cc
MSGC: networklayer/icmpv6/IPv6NDMessage.msg
networklayer/icmpv6/IPv6NeighbourCache.cc
MSGC: networklayer/ipv4/IGMPMessage.msg
networklayer/ipv4/IPv4FragBuf.cc
networklayer/ipv4/IPv4Route.cc
networklayer/ipv4/ICMP.cc
networklayer/ipv4/IPv4.cc
networklayer/ipv4/IPv4RouteRule.cc
networklayer/ipv4/RoutingTableParser.cc
networklayer/ipv4/ErrorHandling.cc
networklayer/ipv4/RoutingTable.cc
networklayer/ipv4/NetworkInfo.cc
networklayer/ipv4/RoutingTableRecorder.cc
networklayer/ipv4/IPv4InterfaceData.cc
MSGC: networklayer/ipv6/IPv6ExtensionHeaders.msg
networklayer/ipv6/RoutingTable6.cc
networklayer/ipv6/IPv6.cc
networklayer/ipv6/IPv6ErrorHandling.cc
networklayer/ipv6/IPv6FragBuf.cc
networklayer/ipv6/IPv6InterfaceData.cc
networklayer/ipv6/IPv6ExtensionHeaders.cc
MSGC: networklayer/ipv6/_6lowpan/_6lowpanDatagram.msg
networklayer/ipv6tunneling/IPv6Tunneling.cc
MSGC: networklayer/ldp/LDPPacket.msg
MSGC: networklayer/rsvp_te/IntServ.msg
networklayer/manetrouting/PASER/IP_ADOPTED/IP_paser.cc
networklayer/manetrouting/PASER/paser_buffer/PASER_Message_Queue.cc
networklayer/manetrouting/PASER/paser_configuration/PASER_Configurations.cc
networklayer/manetrouting/PASER/paser_logic/PASER_Global.cc
networklayer/manetrouting/PASER/paser_logic/cryptography/PASER_Crypto_Hash.cc
networklayer/manetrouting/PASER/paser_logic/cryptography/PASER_Crypto_Sign.cc
networklayer/manetrouting/PASER/paser_logic/cryptography/PASER_Crypto_Root.cc
networklayer/manetrouting/PASER/paser_logic/message_processing/PASER_Message_Processing.cc
networklayer/manetrouting/PASER/paser_logic/message_processing/PASER_RERR_List.cc
networklayer/manetrouting/PASER/paser_logic/route_discovery/PASER_Route_Discovery.cc
networklayer/manetrouting/PASER/paser_logic/route_maintenance/PASER_Route_Maintenance.cc
networklayer/manetrouting/PASER/paser_message_structure/PASER_TU_RREP_ACK.cc
networklayer/manetrouting/PASER/paser_message_structure/PASER_MSG.cc
networklayer/manetrouting/PASER/paser_message_structure/PASER_TB_RERR.cc
networklayer/manetrouting/PASER/paser_message_structure/PASER_TB_Hello.cc
networklayer/manetrouting/PASER/paser_message_structure/PASER_TU_RREQ.cc
networklayer/manetrouting/PASER/paser_message_structure/PASER_UB_Key_Refresh.cc
networklayer/manetrouting/PASER/paser_message_structure/PASER_UB_RREQ.cc
networklayer/manetrouting/PASER/paser_message_structure/PASER_UU_RREP.cc
networklayer/manetrouting/PASER/paser_message_structure/PASER_TU_RREP.cc
networklayer/manetrouting/PASER/paser_message_structure/PASER_UB_Root_Refresh.cc
networklayer/manetrouting/PASER/paser_socket/PASER_Socket.cc
networklayer/manetrouting/PASER/paser_tables/PASER_Neighbor_Entry.cc
networklayer/manetrouting/PASER/paser_tables/PASER_Routing_Entry.cc
networklayer/manetrouting/PASER/paser_tables/PASER_Routing_Table.cc
networklayer/manetrouting/PASER/paser_tables/PASER_Neighbor_Table.cc
networklayer/manetrouting/PASER/paser_tables/PASER_RREQ_List.cc
networklayer/manetrouting/PASER/paser_timer_management/PASER_Timer_Message.cc
networklayer/manetrouting/PASER/paser_timer_management/PASER_Timer_Queue.cc
networklayer/manetrouting/PASER/simple_kdc/SimpleKDC.cc
networklayer/manetrouting/aodv/aodv_uu_omnet.cc
networklayer/manetrouting/aodv/aodv_msg_struct.cc
networklayer/manetrouting/aodv/packet_queue_omnet.cc
networklayer/manetrouting/aodv/aodv-uu/aodv_neighbor.cc
networklayer/manetrouting/aodv/aodv-uu/aodv_timeout.cc
networklayer/manetrouting/aodv/aodv-uu/debug_aodv.cc
networklayer/manetrouting/aodv/aodv-uu/routing_table.cc
networklayer/manetrouting/aodv/aodv_uu_omnet.cc: In member function ‘void AODVUU::scheduleNextEvent()’:
networklayer/manetrouting/aodv/aodv_uu_omnet.cc:895:15: warning: variable ‘timeout’ set but not used [-Wunused-but-set-variable]
networklayer/manetrouting/aodv/aodv_uu_omnet.cc: In member function ‘virtual void AODVUU::processFullPromiscuous(const cObject*)’:
networklayer/manetrouting/aodv/aodv_uu_omnet.cc:1317:13: warning: unused variable ‘iface’ [-Wunused-variable]
networklayer/manetrouting/aodv/aodv_uu_omnet.cc:1318:16: warning: unused variable ‘cost’ [-Wunused-variable]
networklayer/manetrouting/aodv/aodv-uu/list.cc
networklayer/manetrouting/aodv/aodv-uu/timer_queue_aodv.cc
networklayer/manetrouting/aodv/aodv-uu/seek_list.cc
networklayer/manetrouting/aodv/aodv-uu/debug_aodv.cc: In member function ‘void AODVUU::log_pkt_fields(AODV_msg*)’:
networklayer/manetrouting/aodv/aodv-uu/debug_aodv.cc:292:11: warning: variable ‘rerr’ set but not used [-Wunused-but-set-variable]
networklayer/manetrouting/aodv/aodv-uu/aodv_hello.cc
networklayer/manetrouting/aodv/aodv-uu/locality.cc
networklayer/manetrouting/aodv/aodv-uu/aodv_rreq.cc
networklayer/manetrouting/aodv/aodv-uu/aodv_rerr.cc
networklayer/manetrouting/aodv/aodv-uu/aodv_rrep.cc
networklayer/manetrouting/aodv/aodv-uu/aodv_socket.cc
networklayer/manetrouting/base/ManetAddress.cc
MSGC: wpan/linklayer/ieee802154/mac/Ieee802154Frame.msg
MSGC: networklayer/manetrouting/batman/BatmanMsg.msg
MSGC: networklayer/manetrouting/dsdv/DSDVhello.msg
networklayer/manetrouting/dsr/dsr-pkt_omnet.cc
networklayer/manetrouting/aodv/aodv-uu/aodv_rreq.cc: In member function ‘void AODVUU::rreq_process(RREQ*, int, In_addr, In_addr, int, unsigned int)’:
networklayer/manetrouting/aodv/aodv-uu/aodv_rreq.cc:679:1: warning: label ‘forward’ defined but not used [-Wunused-label]
networklayer/manetrouting/aodv/aodv-uu/aodv_socket.cc: In member function ‘void AODVUU::aodv_socket_send(AODV_msg*, In_addr, int, uint8_t, dev_info*, double)’:
networklayer/manetrouting/dsr/dsr-uu-omnetpp.cc
networklayer/manetrouting/aodv/aodv-uu/aodv_socket.cc:410:9: warning: unused variable ‘retval’ [-Wunused-variable]
networklayer/manetrouting/dsr/dsr-uu/maint-buf.cc
networklayer/manetrouting/dsr/dsr-uu/dsr-opt.cc
networklayer/manetrouting/dsr/dsr-uu/dsr-ack.cc
networklayer/manetrouting/dsr/dsr-uu/dsr-rerr.cc
In file included from networklayer/manetrouting/dsr/dsr-uu/dsr-opt.h:28:0,
                 from networklayer/manetrouting/dsr/dsr-pkt_omnet.h:17,
                 from networklayer/manetrouting/dsr/dsr-pkt_omnet.cc:23:
networklayer/manetrouting/dsr/dsr-uu/dsr.h:115:3: warning: ‘confvals_def’ defined but not used [-Wunused-variable]
networklayer/manetrouting/dsr/dsr-uu/path-cache.cc
networklayer/manetrouting/dsr/dsr-uu-omnetpp.cc: In member function ‘void DSRUU::packetFailed(IPv4Datagram*)’:
networklayer/manetrouting/dsr/dsr-uu-omnetpp.cc:688:20: warning: variable ‘prev_hop’ set but not used [-Wunused-but-set-variable]
networklayer/manetrouting/dsr/dsr-uu/dsr-srt.cc
networklayer/manetrouting/dsr/dsr-uu/link-cache.cc
networklayer/manetrouting/dsr/dsr-uu/dsr-rreq.cc
networklayer/manetrouting/dsr/dsr-uu/neigh.cc
networklayer/manetrouting/dsr/dsr-uu/path-cache.cc: In member function ‘dsr_srt* DSRUU::ph_srt_find(in_addr, in_addr, int, unsigned int)’:
networklayer/manetrouting/dsr/dsr-uu/path-cache.cc:271:9: warning: variable ‘status’ set but not used [-Wunused-but-set-variable]
networklayer/manetrouting/dsr/dsr-uu/dsr-pkt.cc
networklayer/manetrouting/dsr/dsr-uu/dsr-rrep.cc
networklayer/manetrouting/dsr/dsr-uu/link-cache.cc: In member function ‘dsr_srt* DSRUU::lc_srt_find(in_addr, in_addr)’:
networklayer/manetrouting/dsr/dsr-uu/link-cache.cc:503:25: warning: variable ‘d’ set but not used [-Wunused-but-set-variable]
networklayer/manetrouting/dsr/dsr-uu/dsr-rreq.cc: In member function ‘int DSRUU::rreq_tbl_add_id(in_addr, in_addr, short unsigned int, double, char*, int)’:
networklayer/manetrouting/dsr/dsr-uu/dsr-rreq.cc:409:9: warning: variable ‘res’ set but not used [-Wunused-but-set-variable]
networklayer/manetrouting/dsr/dsr-uu/dsr-io.cc
networklayer/manetrouting/dsr/dsr-uu/send-buf.cc
networklayer/manetrouting/dymo/dymo_packet_queue_omnet.cc
networklayer/manetrouting/dymo/dymo_um_omnet.cc
networklayer/manetrouting/dymo/dymo_msg_struct.cc
networklayer/manetrouting/dymo/dymoum/dymo_nb.cc
networklayer/manetrouting/dymo/dymoum/timer_queue.cc
networklayer/manetrouting/dymo/dymoum/pending_rreq.cc
networklayer/manetrouting/dymo/dymo_msg_struct.cc: In member function ‘virtual std::string DYMO_element::detailedInfo() const’:
networklayer/manetrouting/dymo/dymo_msg_struct.cc:307:16: warning: variable ‘uerr_type’ set but not used [-Wunused-but-set-variable]
networklayer/manetrouting/dymo/dymo_msg_struct.cc:309:17: warning: variable ‘hello_type’ set but not used [-Wunused-but-set-variable]
networklayer/manetrouting/dymo/dymoum/dymo_uerr.cc
networklayer/manetrouting/dymo/dymoum/rtable.cc
networklayer/manetrouting/dymo/dymoum/icmp_socket.cc
networklayer/manetrouting/dymo/dymoum/debug_dymo.cc
networklayer/manetrouting/dymo/dymoum/dymo_socket.cc
networklayer/manetrouting/dymo/dymoum/dymo_hello.cc
networklayer/manetrouting/dymo/dymoum/dymo_re.cc
networklayer/manetrouting/dymo/dymoum/blacklist.cc
networklayer/manetrouting/dymo/dymoum/dymo_rerr.cc
networklayer/manetrouting/dymo/dymoum/dymo_timeout.cc
networklayer/manetrouting/dymo/dymoum/dymo_generic.cc
MSGC: networklayer/manetrouting/dymo_fau/DYMO_PacketBBMessage.msg
MSGC: networklayer/manetrouting/dymo_fau/DYMO_Packet.msg
MSGC: networklayer/manetrouting/dymo_fau/DYMO_RERR.msg
MSGC: networklayer/manetrouting/dymo_fau/DYMO_RM.msg
MSGC: networklayer/manetrouting/dymo_fau/DYMO_RREP.msg
MSGC: networklayer/manetrouting/dymo_fau/DYMO_RREQ.msg
MSGC: networklayer/manetrouting/dymo_fau/DYMO_Timeout.msg
MSGC: networklayer/manetrouting/dymo_fau/DYMO_UERR.msg
networklayer/manetrouting/dymo_fau/DYMO_DataQueue.cc
networklayer/manetrouting/dymo_fau/InspectorHelpers.cc
networklayer/manetrouting/dymo_fau/DYMO_Timer.cc
networklayer/manetrouting/dymo_fau/DYMO_RoutingEntry.cc
networklayer/manetrouting/olsr/OLSR.cc
networklayer/manetrouting/olsr/OLSROPT.cc
networklayer/manetrouting/olsr/OLSR_state.cc
networklayer/manetrouting/olsr/OLSR_ETX_dijkstra.cc
networklayer/manetrouting/olsr/OLSR_ETX_state.cc
networklayer/manetrouting/olsr/OLSR_rtable.cc
networklayer/manetrouting/olsr/OLSROPT.cc: In member function ‘virtual bool OLSROPT::link_sensing(OLSR_msg&, const nsaddr_t&, const nsaddr_t&, const int&)’:
networklayer/manetrouting/olsr/OLSROPT.cc:338:10: warning: unused variable ‘change’ [-Wunused-variable]
networklayer/manetrouting/olsr/OLSR_ETX.cc
networklayer/mpls/MPLSPacket.cc
networklayer/mpls/LIBTable.cc
networklayer/mpls/MPLS.cc
networklayer/ospfv2/OSPFConfigReader.cc
networklayer/ospfv2/OSPFRouting.cc
networklayer/ospfv2/interface/OSPFInterfaceStatePointToPoint.cc
networklayer/ospfv2/interface/OSPFInterface.cc
networklayer/ospfv2/interface/OSPFInterfaceStateLoopback.cc
networklayer/ospfv2/interface/OSPFInterfaceState.cc
networklayer/ospfv2/interface/OSPFInterfaceStateDown.cc
networklayer/ospfv2/interface/OSPFInterfaceStateWaiting.cc
networklayer/ospfv2/interface/OSPFInterfaceStateBackup.cc
networklayer/ospfv2/interface/OSPFInterfaceStateDesignatedRouter.cc
networklayer/ospfv2/interface/OSPFInterfaceStateNotDesignatedRouter.cc
networklayer/ospfv2/messagehandler/LinkStateRequestHandler.cc
networklayer/ospfv2/messagehandler/DatabaseDescriptionHandler.cc
networklayer/ospfv2/messagehandler/LinkStateAcknowledgementHandler.cc
networklayer/ospfv2/messagehandler/MessageHandler.cc
networklayer/ospfv2/messagehandler/LinkStateUpdateHandler.cc
networklayer/ospfv2/messagehandler/HelloHandler.cc
networklayer/ospfv2/neighbor/OSPFNeighborStateAttempt.cc
networklayer/ospfv2/neighbor/OSPFNeighborStateDown.cc
networklayer/ospfv2/neighbor/OSPFNeighbor.cc
networklayer/ospfv2/neighbor/OSPFNeighborStateExchangeStart.cc
networklayer/ospfv2/neighbor/OSPFNeighborStateTwoWay.cc
networklayer/ospfv2/neighbor/OSPFNeighborStateExchange.cc
networklayer/ospfv2/neighbor/OSPFNeighborStateFull.cc
networklayer/ospfv2/neighbor/OSPFNeighborStateLoading.cc
networklayer/ospfv2/neighbor/OSPFNeighborStateInit.cc
networklayer/ospfv2/neighbor/OSPFNeighborState.cc
networklayer/ospfv2/router/NetworkLSA.cc
networklayer/ospfv2/router/ASExternalLSA.cc
networklayer/ospfv2/router/SummaryLSA.cc
networklayer/ospfv2/router/LSA.cc
networklayer/ospfv2/router/OSPFRoutingTableEntry.cc
networklayer/ospfv2/router/OSPFRouter.cc
networklayer/ospfv2/router/RouterLSA.cc
networklayer/ospfv2/router/OSPFArea.cc
MSGC: networklayer/rsvp_te/RSVPHello.msg
MSGC: networklayer/rsvp_te/RSVPPacket.msg
MSGC: networklayer/rsvp_te/RSVPPathMsg.msg
MSGC: networklayer/rsvp_te/RSVPResvMsg.msg
MSGC: networklayer/rsvp_te/SignallingMsg.msg
networklayer/rsvp_te/Utils.cc
networklayer/ted/TED.cc
networklayer/ted/LinkStateRouting.cc
status/NodeStatus.cc
MSGC: transport/contract/SCTPCommand.msg
transport/contract/TCPSocket.cc
transport/contract/TCPSocketMap.cc
transport/contract/UDPSocket.cc
transport/tcp/TCPConnectionSackUtil.cc
transport/tcp/TCP.cc
transport/tcp/TCPConnectionEventProc.cc
transport/tcp/TCPConnectionBase.cc
transport/tcp/TCPConnectionRcvSegment.cc
transport/tcp/TCPConnectionUtil.cc
transport/tcp/TCPSACKRexmitQueue.cc
transport/tcp/flavours/TCPNewReno.cc
transport/tcp/flavours/DumbTCP.cc
transport/tcp/flavours/TCPReno.cc
transport/tcp/flavours/TCPWestwood.cc
transport/tcp/flavours/TCPTahoeRenoFamily.cc
transport/tcp/flavours/TCPSegmentTransmitInfoList.cc
transport/tcp/flavours/TCPBaseAlg.cc
transport/tcp/flavours/TCPVegas.cc
transport/tcp/flavours/TCPNoCongestionControl.cc
transport/tcp/flavours/TCPTahoe.cc
transport/tcp/queues/TCPByteStreamRcvQueue.cc
transport/tcp/queues/TCPVirtualDataRcvQueue.cc
transport/tcp/queues/TCPByteStreamSendQueue.cc
transport/tcp/queues/TCPMsgBasedRcvQueue.cc
transport/tcp/queues/TCPMsgBasedSendQueue.cc
transport/tcp/queues/TCPVirtualDataSendQueue.cc
transport/tcp_common/TCPSpoof.cc
transport/tcp_common/TCPSegment.cc
transport/udp/UDP.cc
util/WirelessNumHops.cc
util/ThruputMeteringChannel.cc
util/MessageChecker.cc
util/Macho.cc
util/PcapRecorder.cc
util/GlobalWirelessLinkInspector.cc
util/uint128.cc
util/XMLUtils.cc
util/OrdinalBasedDropper.cc
util/PacketDump.cc
util/PcapDump.cc
util/ThruputMeter.cc
util/WirelessGetNeig.cc
util/common.cc
util/NetAnimTrace.cc
util/OrdinalBasedDuplicator.cc
util/int128.cc
util/PatternMatcher.cc
util/TCPDump.cc
util/Delayer.cc
util/dijktraKShortest.cc
util/opp_utils.cc
util/headerserializers/TCPIPchecksum.cc
util/headerserializers/ipv4/ICMPSerializer.cc
util/headerserializers/ipv4/IPv4Serializer.cc
util/headerserializers/ipv4/IGMPSerializer.cc
util/dijktraKShortest.cc: In member function ‘virtual void DijkstraKshortest::run()’:
util/dijktraKShortest.cc:207:38: warning: comparison between signed and unsigned integer expressions [-Wsign-compare]
util/dijktraKShortest.cc: In member function ‘virtual void DijkstraKshortest::runUntil(const NodeId&)’:
util/dijktraKShortest.cc:325:38: warning: comparison between signed and unsigned integer expressions [-Wsign-compare]
util/headerserializers/tcp/TCPSerializer.cc
util/headerserializers/udp/UDPSerializer.cc
world/annotations/AnnotationDummy.cc
world/annotations/AnnotationManager.cc
world/obstacles/ObstacleControl.cc
world/obstacles/Obstacle.cc
MSGC: world/powercontrol/PowerControlMessages.msg
world/radio/IdealChannelModel.cc
world/radio/ChannelControl.cc
world/radio/IdealChannelModelAccess.cc
world/radio/ChannelAccess.cc
world/scenario/ScenarioManager.cc
wpan/Isabel/Analysis/AnalysisEnergy.cc
wpan/Isabel/Base/Display.cc
MSGC: wpan/applications/Ieee802154TestApp/Ieee802154AppPkt.msg
MSGC: wpan/linklayer/ieee802154/contract/Ieee802154MacPhyPrimitives.msg
MSGC: wpan/networklayer/contract/Ieee802154NetworkCtrlInfo.msg
wpan/linklayer/ieee802154/mac/Ieee802154Link.cc
wpan/networklayer/Ieee802154StarRouting/Ieee802154StarRouting.cc
wpan/phyLayer/ieee802154/Ieee802154Phy.cc
wpan/phyLayer/ieee802154/Ieee802154RadioModel.cc
applications/ethernet/EtherApp_m.cc
applications/pingapp/PingPayload_m.cc
applications/tcpapp/GenericAppMsg_m.cc
applications/udpapp/VideoPacket_m.cc
wpan/phyLayer/ieee802154/Ieee802154Phy.cc: In member function ‘virtual void Ieee802154Phy::handleLowerMsgEnd(AirFrame*)’:
wpan/phyLayer/ieee802154/Ieee802154Phy.cc:582:10: warning: variable ‘isCorrupt’ set but not used [-Wunused-but-set-variable]
MSGC: applications/udpapp/UDPEchoAppMsg.msg
applications/udpapp/UDPVideoData_m.cc
applications/udpapp/PaserTrafficDataMsg_m.cc
base/ByteArray_m.cc
base/ByteArrayMessage_m.cc
linklayer/channels/LinkFailureMessage_m.cc
linklayer/contract/PhyControlInfo_m.cc
linklayer/contract/Ieee802Ctrl_m.cc
linklayer/ethernet/EtherFrame_m.cc
linklayer/idealwireless/IdealWirelessFrame_m.cc
linklayer/ieee80211/mac/Ieee80211Frame_m.cc
linklayer/ieee80211/mgmt/Ieee80211Primitives_m.cc
linklayer/ieee80211/mgmt/Ieee80211MgmtFrames_m.cc
linklayer/ieee80211/mgmt/ETXPacket_m.cc
linklayer/ieee80211mesh/locator/locatorPkt_m.cc
linklayer/ieee80211mesh/mgmt/LWMPLSPacket_m.cc
linklayer/ppp/PPPFrame_m.cc
linklayer/radio/Radio80211aControlInfo_m.cc
linklayer/radio/AirFrame_m.cc
linklayer/radio/IdealAirFrame_m.cc
networklayer/arp/ARPPacket_m.cc
networklayer/contract/IPProtocolId_m.cc
networklayer/contract/IPv4ControlInfo_m.cc
networklayer/contract/IPv6ControlInfo_m.cc
networklayer/icmpv6/IPv6NDMessage_m.cc
networklayer/icmpv6/ICMPv6Message_m.cc
networklayer/ipv4/IPv4Datagram_m.cc
networklayer/ipv4/ICMPMessage_m.cc
networklayer/ipv4/IGMPMessage_m.cc
networklayer/ipv6/IPv6Datagram_m.cc
networklayer/ipv6/IPv6ExtensionHeaders_m.cc
networklayer/ipv6/_6lowpan/_6lowpanDatagram_m.cc
networklayer/ldp/LDPPacket_m.cc
MSGC: networklayer/manetrouting/PASER/simple_kdc/kdc_message/crl_message.msg
networklayer/manetrouting/aodv/aodv_msg_struct_m.cc
networklayer/manetrouting/base/ControlInfoBreakLink_m.cc
networklayer/manetrouting/base/MeshControlInfo_m.cc
networklayer/manetrouting/base/LocatorNotificationInfo_m.cc
networklayer/manetrouting/base/ControlManetRouting_m.cc
networklayer/manetrouting/batman/BatmanMsg_m.cc
networklayer/manetrouting/dsdv/DSDVhello_m.cc
networklayer/manetrouting/dymo_fau/DYMO_PacketBBMessage_m.cc
networklayer/manetrouting/dymo_fau/DYMO_Packet_m.cc
networklayer/manetrouting/dymo_fau/DYMO_Timeout_m.cc
networklayer/manetrouting/dymo_fau/DYMO_UERR_m.cc
networklayer/manetrouting/dymo_fau/DYMO_RM_m.cc
networklayer/manetrouting/dymo_fau/DYMO_RERR_m.cc
networklayer/manetrouting/dymo_fau/DYMO_RREP_m.cc
networklayer/manetrouting/dymo_fau/DYMO_RREQ_m.cc
networklayer/manetrouting/olsr/OLSRpkt_m.cc
MSGC: networklayer/ospfv2/OSPFTimer.msg
networklayer/ospfv2/OSPFPacket_m.cc
networklayer/rsvp_te/RSVPPathMsg_m.cc
networklayer/rsvp_te/RSVPHello_m.cc
networklayer/rsvp_te/RSVPResvMsg_m.cc
networklayer/rsvp_te/IntServ_m.cc
networklayer/rsvp_te/SignallingMsg_m.cc
networklayer/rsvp_te/RSVPPacket_m.cc
networklayer/ted/TED_m.cc
networklayer/ted/LinkStatePacket_m.cc
transport/contract/SCTPCommand_m.cc
transport/contract/UDPControlInfo_m.cc
transport/contract/TCPCommand_m.cc
transport/tcp_common/TCPSegment_m.cc
transport/udp/UDPPacket_m.cc
world/powercontrol/PowerControlMessages_m.cc
wpan/applications/Ieee802154TestApp/Ieee802154AppPkt_m.cc
wpan/linklayer/ieee802154/contract/Ieee802154MacPhyPrimitives_m.cc
wpan/linklayer/ieee802154/mac/Ieee802154Frame_m.cc
wpan/networklayer/contract/Ieee802154NetworkCtrlInfo_m.cc
applications/ethernet/EthernetApplication.cc
applications/ethernet/EtherTrafGen.cc
applications/ethernet/EtherAppCli.cc
applications/ethernet/EtherAppSrv.cc
applications/generic/IPvXTrafSink.cc
applications/generic/IPvXTrafGen.cc
applications/pingapp/PingApp.cc
applications/pingapp/PingTestApp.cc
applications/tcpapp/TCPGenericCliAppBase.cc
applications/tcpapp/TCPGenericSrvApp.cc
applications/tcpapp/TCPGenericSrvThread.cc
applications/tcpapp/TCPEchoApp.cc
applications/tcpapp/TCPBasicClientApp.cc
applications/tcpapp/TCPGenericCliAppBasePromis.cc
applications/tcpapp/TCPSessionApp.cc
applications/udpapp/UDPBasicApp.cc
applications/udpapp/UDPEchoApp.cc
applications/udpapp/PASERUdpTrafficSender.cc
applications/udpapp/UDPVideoStreamCli2.cc
applications/udpapp/UDPVideoStreamCli.cc
applications/udpapp/UDPBasicBurstNotification.cc
applications/udpapp/PASERUdpTrafficReceiver.cc
applications/udpapp/UDPBasicBurst.cc
applications/udpapp/UDPVideoStreamSvr2.cc
applications/udpapp/UDPSink.cc
applications/udpapp/UDPBasicFlooding.cc
applications/udpapp/UDPVideoStreamSvr.cc
linklayer/channels/LinkFailureManager.cc
linklayer/collStats/collStats.cc
linklayer/ethernet/EtherMAC.cc
linklayer/ethernet/EtherFrameClassifier.cc
linklayer/idealwireless/IdealWirelessMac.cc
linklayer/ieee80211/mac/Ieee80211eClassifier.cc
linklayer/ieee80211/mac/Ieee80211Mac.cc
linklayer/ieee80211/mgmt/Ieee80211MgmtBase.cc
linklayer/ieee80211/mgmt/Ieee80211Etx.cc
linklayer/ieee80211/mgmt/Ieee80211MgmtSTA.cc
linklayer/ieee80211/mgmt/Ieee80211MgmtAPBase.cc
linklayer/ieee80211/mgmt/Ieee80211MgmtSTASimplified.cc
linklayer/ieee80211/mgmt/Ieee80211MgmtAdhocWithRouting.cc
linklayer/ieee80211/mgmt/Ieee80211AgentSTA.cc
linklayer/ieee80211mesh/locator/LocatorModuleClient.cc
linklayer/ieee80211mesh/locator/LocatorModule.cc
linklayer/ieee80211mesh/mgmt/Ieee80211Mesh.cc
linklayer/ieee80211mesh/mgmt/Ieee80211MeshLwmpls.cc
linklayer/ppp/PPP.cc
networklayer/icmpv6/IPv6NeighbourDiscovery.cc
networklayer/ipv4/IGMPv2.cc
networklayer/icmpv6/IPv6NeighbourDiscovery.cc: In member function ‘virtual void IPv6NeighbourDiscovery::processRSPacket(IPv6RouterSolicitation*, IPv6ControlInfo*)’:
networklayer/icmpv6/IPv6NeighbourDiscovery.cc:1120:20: warning: variable ‘macAddr’ set but not used [-Wunused-but-set-variable]
networklayer/icmpv6/IPv6NeighbourDiscovery.cc: In member function ‘virtual void IPv6NeighbourDiscovery::processRAPacket(IPv6RouterAdvertisement*, IPv6ControlInfo*)’:
networklayer/ipv6/IPv6Datagram.cc
networklayer/icmpv6/IPv6NeighbourDiscovery.cc:1359:20: warning: variable ‘macAddress’ set but not used [-Wunused-but-set-variable]
networklayer/icmpv6/IPv6NeighbourDiscovery.cc:1360:14: warning: unused variable ‘mtu’ [-Wunused-variable]
networklayer/icmpv6/IPv6NeighbourDiscovery.cc: In member function ‘virtual void IPv6NeighbourDiscovery::processRAPrefixInfo(IPv6RouterAdvertisement*, InterfaceEntry*)’:
networklayer/icmpv6/IPv6NeighbourDiscovery.cc:1556:14: warning: unused variable ‘preferredLifetime’ [-Wunused-variable]
networklayer/icmpv6/IPv6NeighbourDiscovery.cc: In member function ‘virtual void IPv6NeighbourDiscovery::processNSForTentativeAddress(IPv6NeighbourSolicitation*, IPv6ControlInfo*)’:
networklayer/icmpv6/IPv6NeighbourDiscovery.cc:1992:17: warning: variable ‘nsDestAddr’ set but not used [-Wunused-but-set-variable]
networklayer/icmpv6/IPv6NeighbourDiscovery.cc: In member function ‘virtual void IPv6NeighbourDiscovery::processNSForNonTentativeAddress(IPv6NeighbourSolicitation*, IPv6ControlInfo*, InterfaceEntry*)’:
networklayer/icmpv6/IPv6NeighbourDiscovery.cc:2022:16: warning: variable ‘nsMacAddr’ set but not used [-Wunused-but-set-variable]
networklayer/icmpv6/IPv6NeighbourDiscovery.cc: In member function ‘virtual void IPv6NeighbourDiscovery::processRedirectPacket(IPv6Redirect*, IPv6ControlInfo*)’:
networklayer/icmpv6/IPv6NeighbourDiscovery.cc:2507:17: warning: variable ‘targetAddr’ set but not used [-Wunused-but-set-variable]
networklayer/icmpv6/IPv6NeighbourDiscovery.cc:2508:17: warning: variable ‘destAddr’ set but not used [-Wunused-but-set-variable]
networklayer/icmpv6/IPv6NeighbourDiscovery.cc:2511:16: warning: variable ‘macAddr’ set but not used [-Wunused-but-set-variable]
networklayer/ipv6/_6lowpan/_6lowpan.cc
networklayer/ldp/LDP.cc
networklayer/manetrouting/base/ManetRoutingBase.cc
networklayer/manetrouting/batman/BatmanMain.cc
networklayer/manetrouting/batman/batmand/bitarray.cc
networklayer/ipv6/_6lowpan/_6lowpan.cc: In member function ‘void _6lowpan::handleMessageFromHigher(cMessage*)’:
networklayer/ipv6/_6lowpan/_6lowpan.cc:411:55: warning: format ‘%i’ expects argument of type ‘int’, but argument 2 has type ‘std::list<cPacket*>::size_type {aka long unsigned int}’ [-Wformat]
networklayer/ipv6/_6lowpan/_6lowpan.cc: In member function ‘std::list<cPacket*> _6lowpan::processIPv6Packet(IPv6Datagram*, int)’:
networklayer/ipv6/_6lowpan/_6lowpan.cc:1201:72: warning: format ‘%i’ expects argument of type ‘int’, but argument 2 has type ‘std::queue<_6lowpan::contiki_packet>::size_type {aka long unsigned int}’ [-Wformat]
networklayer/ldp/LDP.cc: In member function ‘virtual void LDP::openTCPConnectionToPeer(int)’:
networklayer/ldp/LDP.cc:607:44: warning: cast to pointer from integer of different size [-Wint-to-pointer-cast]
networklayer/ldp/LDP.cc: In member function ‘virtual void LDP::processMessageFromTCP(cMessage*)’:
networklayer/ldp/LDP.cc:642:49: warning: cast to pointer from integer of different size [-Wint-to-pointer-cast]
networklayer/manetrouting/batman/batmand/batman.cc
networklayer/manetrouting/batman/batmand/os.cc
networklayer/manetrouting/batman/batmand/hna.cc
networklayer/manetrouting/batman/batmand/originator.cc
networklayer/manetrouting/batman/batmand/ring_buffer.cc
networklayer/manetrouting/batman/batmand/schedule.cc
networklayer/manetrouting/dsdv/DSDV_2.cc
networklayer/manetrouting/dymo_fau/DYMO_TokenBucket.cc
networklayer/manetrouting/dymo_fau/DYMO.cc
networklayer/manetrouting/batman/batmand/schedule.cc: In member function ‘void Batman::schedule_forward_packet(OrigNode*, BatmanPacket*, const ManetAddress&, uint8_t, int16_t, BatmanIf*, const simtime_t&)’:
networklayer/manetrouting/batman/batmand/schedule.cc:105:13: warning: variable ‘tq_avg’ set but not used [-Wunused-but-set-variable]
networklayer/manetrouting/dymo_fau/DYMO_OutstandingRREQList.cc
networklayer/manetrouting/dymo_fau/DYMO_RoutingTable.cc
networklayer/rsvp_te/SimpleClassifier.cc
networklayer/rsvp_te/RSVP.cc
transport/contract/SCTPSocket.cc
world/powercontrol/PowerControlManager.cc
wpan/applications/Ieee802154TestApp/Ieee802154TestApp.cc
wpan/linklayer/ieee802154/mac/Ieee802154Mac.cc
wpan/linklayer/ieee802154/mac/csma802154.cc
applications/udpapp/UDPEchoAppMsg_m.cc
networklayer/manetrouting/PASER/simple_kdc/kdc_message/crl_message_m.cc
networklayer/ospfv2/OSPFTimer_m.cc
Creating shared library: ../out/gcc-debug/src/libinet.so
make[1]: Leaving directory `/home/hoferr/MasterThesis/Simulation/omnetpp/SG_OMNeTpp/inetmanet-2.0/src'
09:38:51 **** Incremental Build of configuration gcc-debug for project sg_framework ****
make MODE=debug CONFIGNAME=gcc-debug all 
cd src && make
make[1]: Entering directory `/home/hoferr/MasterThesis/Simulation/omnetpp/SG_OMNeTpp/sg_framework/src'
make[1]: Leaving directory `/home/hoferr/MasterThesis/Simulation/omnetpp/SG_OMNeTpp/sg_framework/src'
09:38:59 **** Incremental Build of configuration gcc-debug for project inetmanet-2.0 ****
make MODE=debug CONFIGNAME=gcc-debug -j6 all 
cd src && make
make[1]: Entering directory `/home/hoferr/MasterThesis/Simulation/omnetpp/SG_OMNeTpp/inetmanet-2.0/src'
make[1]: Leaving directory `/home/hoferr/MasterThesis/Simulation/omnetpp/SG_OMNeTpp/inetmanet-2.0/src'
09:39:00 **** Incremental Build of configuration gcc-debug for project sg_framework ****
make MODE=debug CONFIGNAME=gcc-debug all 
cd src && make
make[1]: Entering directory `/home/hoferr/MasterThesis/Simulation/omnetpp/SG_OMNeTpp/sg_framework/src'
make[1]: Leaving directory `/home/hoferr/MasterThesis/Simulation/omnetpp/SG_OMNeTpp/sg_framework/src'
09:40:15 **** Incremental Build of configuration gcc-debug for project inetmanet-2.0 ****
make MODE=debug CONFIGNAME=gcc-debug -j6 all 
cd src && make
make[1]: Entering directory `/home/hoferr/MasterThesis/Simulation/omnetpp/SG_OMNeTpp/inetmanet-2.0/src'
make[1]: Leaving directory `/home/hoferr/MasterThesis/Simulation/omnetpp/SG_OMNeTpp/inetmanet-2.0/src'
09:40:16 **** Incremental Build of configuration gcc-debug for project sg_framework ****
make MODE=debug CONFIGNAME=gcc-debug all 
cd src && make
make[1]: Entering directory `/home/hoferr/MasterThesis/Simulation/omnetpp/SG_OMNeTpp/sg_framework/src'
make[1]: Leaving directory `/home/hoferr/MasterThesis/Simulation/omnetpp/SG_OMNeTpp/sg_framework/src'
09:40:46 **** Incremental Build of configuration gcc-debug for project inetmanet-2.0 ****
make MODE=debug CONFIGNAME=gcc-debug -j6 all 
cd src && make
make[1]: Entering directory `/home/hoferr/MasterThesis/Simulation/omnetpp/SG_OMNeTpp/inetmanet-2.0/src'
make[1]: Leaving directory `/home/hoferr/MasterThesis/Simulation/omnetpp/SG_OMNeTpp/inetmanet-2.0/src'
09:40:47 **** Incremental Build of configuration gcc-debug for project sg_framework ****
make MODE=debug CONFIGNAME=gcc-debug all 
cd src && make
make[1]: Entering directory `/home/hoferr/MasterThesis/Simulation/omnetpp/SG_OMNeTpp/sg_framework/src'
make[1]: Leaving directory `/home/hoferr/MasterThesis/Simulation/omnetpp/SG_OMNeTpp/sg_framework/src'
09:46:00 **** Incremental Build of configuration gcc-debug for project inetmanet-2.0 ****
make MODE=debug CONFIGNAME=gcc-debug -j6 all 
cd src && make
make[1]: Entering directory `/home/hoferr/MasterThesis/Simulation/omnetpp/SG_OMNeTpp/inetmanet-2.0/src'
make[1]: Leaving directory `/home/hoferr/MasterThesis/Simulation/omnetpp/SG_OMNeTpp/inetmanet-2.0/src'
09:46:01 **** Incremental Build of configuration gcc-debug for project sg_framework ****
make MODE=debug CONFIGNAME=gcc-debug all 
cd src && make
make[1]: Entering directory `/home/hoferr/MasterThesis/Simulation/omnetpp/SG_OMNeTpp/sg_framework/src'
make[1]: Leaving directory `/home/hoferr/MasterThesis/Simulation/omnetpp/SG_OMNeTpp/sg_framework/src'
09:46:11 **** Incremental Build of configuration gcc-debug for project inetmanet-2.0 ****
make MODE=debug CONFIGNAME=gcc-debug -j6 all 
cd src && make
make[1]: Entering directory `/home/hoferr/MasterThesis/Simulation/omnetpp/SG_OMNeTpp/inetmanet-2.0/src'
make[1]: Leaving directory `/home/hoferr/MasterThesis/Simulation/omnetpp/SG_OMNeTpp/inetmanet-2.0/src'
09:46:12 **** Incremental Build of configuration gcc-debug for project sg_framework ****
make MODE=debug CONFIGNAME=gcc-debug all 
cd src && make
make[1]: Entering directory `/home/hoferr/MasterThesis/Simulation/omnetpp/SG_OMNeTpp/sg_framework/src'
make[1]: Leaving directory `/home/hoferr/MasterThesis/Simulation/omnetpp/SG_OMNeTpp/sg_framework/src'
